INFO: __CUDNN VERSION: 8907
__Number CUDA Devices: 1
__CUDA Device Name: NVIDIA RTX A5000
__CUDA Device Total Memory [GB]: 23.669921875
INFO: Starting training:
        Total_iters:     800000
        Start_iters:     1
        Batch size:      1
        Learning rate:   0.0001
        Training size:   167
        Validation size: 48 
        Checkpoints:     /media/Data/sebasModels/logsTMT/addingMeanImageToInput_12-26-2024-17-02-36/checkpoints
    
INFO: Training: iters 1000/800000 -Time:4591.272585 -LR:0.0000100 -Loss 0.108957 -PSNR: 21.75 dB; -SSIM: 0.6569  -Folder: Turb
INFO: Training: iters 2000/800000 -Time:4584.761567 -LR:0.0000200 -Loss 0.110350 -PSNR: 21.50 dB; -SSIM: 0.6549  -Folder: Turb
INFO: Training: iters 3000/800000 -Time:4922.295275 -LR:0.0000300 -Loss 0.107499 -PSNR: 21.72 dB; -SSIM: 0.6635  -Folder: Turb
INFO: Training: iters 4000/800000 -Time:4698.347372 -LR:0.0000400 -Loss 0.111636 -PSNR: 21.43 dB; -SSIM: 0.6537  -Folder: Turb
INFO: Training: iters 5000/800000 -Time:4954.150706 -LR:0.0000500 -Loss 0.107858 -PSNR: 21.66 dB; -SSIM: 0.6647  -Folder: Turb
INFO: Validation: Iters 5000/800000 - Loss 0.120106 - PSNR: 20.76 dB; SSIM: 0.6422
INFO: Training: iters 6000/800000 -Time:4814.576755 -LR:0.0000600 -Loss 0.107575 -PSNR: 21.71 dB; -SSIM: 0.6640  -Folder: Turb
INFO: Training: iters 7000/800000 -Time:4824.122872 -LR:0.0000700 -Loss 0.110659 -PSNR: 21.52 dB; -SSIM: 0.6553  -Folder: Turb
INFO: Training: iters 8000/800000 -Time:4946.800023 -LR:0.0000800 -Loss 0.112568 -PSNR: 21.30 dB; -SSIM: 0.6524  -Folder: Turb
INFO: Training: iters 9000/800000 -Time:8882.668203 -LR:0.0000900 -Loss 0.111459 -PSNR: 21.45 dB; -SSIM: 0.6508  -Folder: Turb
INFO: Training: iters 10000/800000 -Time:9272.870990 -LR:0.0001000 -Loss 0.114309 -PSNR: 21.31 dB; -SSIM: 0.6439  -Folder: Turb
INFO: Validation: Iters 10000/800000 - Loss 0.121763 - PSNR: 20.76 dB; SSIM: 0.6267
INFO: Training: iters 11000/800000 -Time:9349.189076 -LR:0.0001000 -Loss 0.109555 -PSNR: 21.48 dB; -SSIM: 0.6598  -Folder: Turb
INFO: Training: iters 12000/800000 -Time:9276.219490 -LR:0.0001000 -Loss 0.111948 -PSNR: 21.42 dB; -SSIM: 0.6506  -Folder: Turb
INFO: Training: iters 13000/800000 -Time:9278.386187 -LR:0.0001000 -Loss 0.109379 -PSNR: 21.55 dB; -SSIM: 0.6605  -Folder: Turb
INFO: Training: iters 14000/800000 -Time:9277.041992 -LR:0.0001000 -Loss 0.112318 -PSNR: 21.38 dB; -SSIM: 0.6499  -Folder: Turb
INFO: Training: iters 15000/800000 -Time:9274.352320 -LR:0.0001000 -Loss 0.112913 -PSNR: 21.28 dB; -SSIM: 0.6490  -Folder: Turb
INFO: Validation: Iters 15000/800000 - Loss 0.127348 - PSNR: 20.26 dB; SSIM: 0.6298
INFO: Training: iters 16000/800000 -Time:9352.920905 -LR:0.0001000 -Loss 0.112536 -PSNR: 21.29 dB; -SSIM: 0.6515  -Folder: Turb
INFO: Training: iters 17000/800000 -Time:9272.593763 -LR:0.0001000 -Loss 0.110725 -PSNR: 21.47 dB; -SSIM: 0.6574  -Folder: Turb
INFO: Training: iters 18000/800000 -Time:9256.653784 -LR:0.0001000 -Loss 0.110358 -PSNR: 21.55 dB; -SSIM: 0.6560  -Folder: Turb
INFO: Training: iters 19000/800000 -Time:9244.868094 -LR:0.0001000 -Loss 0.110500 -PSNR: 21.52 dB; -SSIM: 0.6528  -Folder: Turb
INFO: Training: iters 20000/800000 -Time:8891.843948 -LR:0.0001000 -Loss 0.109729 -PSNR: 21.59 dB; -SSIM: 0.6551  -Folder: Turb
INFO: Validation: Iters 20000/800000 - Loss 0.126210 - PSNR: 20.54 dB; SSIM: 0.6186
INFO: Training: iters 21000/800000 -Time:4614.188423 -LR:0.0001000 -Loss 0.110812 -PSNR: 21.47 dB; -SSIM: 0.6557  -Folder: Turb
INFO: Training: iters 22000/800000 -Time:4577.054560 -LR:0.0000999 -Loss 0.111294 -PSNR: 21.45 dB; -SSIM: 0.6537  -Folder: Turb
INFO: Training: iters 23000/800000 -Time:4580.092263 -LR:0.0000999 -Loss 0.106450 -PSNR: 21.83 dB; -SSIM: 0.6657  -Folder: Turb
INFO: Training: iters 24000/800000 -Time:4577.127357 -LR:0.0000999 -Loss 0.108856 -PSNR: 21.68 dB; -SSIM: 0.6580  -Folder: Turb
INFO: Training: iters 25000/800000 -Time:4577.563852 -LR:0.0000999 -Loss 0.110547 -PSNR: 21.54 dB; -SSIM: 0.6564  -Folder: Turb
INFO: Validation: Iters 25000/800000 - Loss 0.121865 - PSNR: 20.63 dB; SSIM: 0.6296
INFO: Training: iters 26000/800000 -Time:4634.963993 -LR:0.0000999 -Loss 0.110491 -PSNR: 21.54 dB; -SSIM: 0.6547  -Folder: Turb
INFO: Training: iters 27000/800000 -Time:4577.981710 -LR:0.0000999 -Loss 0.107253 -PSNR: 21.76 dB; -SSIM: 0.6664  -Folder: Turb
INFO: Training: iters 28000/800000 -Time:4577.335016 -LR:0.0000999 -Loss 0.110332 -PSNR: 21.58 dB; -SSIM: 0.6539  -Folder: Turb
INFO: Training: iters 29000/800000 -Time:4577.392134 -LR:0.0000999 -Loss 0.111582 -PSNR: 21.62 dB; -SSIM: 0.6475  -Folder: Turb
INFO: Training: iters 30000/800000 -Time:4577.084538 -LR:0.0000998 -Loss 0.107328 -PSNR: 21.77 dB; -SSIM: 0.6639  -Folder: Turb
INFO: Validation: Iters 30000/800000 - Loss 0.122472 - PSNR: 20.63 dB; SSIM: 0.6254
INFO: Training: iters 31000/800000 -Time:4614.011086 -LR:0.0000998 -Loss 0.108188 -PSNR: 21.77 dB; -SSIM: 0.6607  -Folder: Turb
INFO: Training: iters 32000/800000 -Time:4576.843217 -LR:0.0000998 -Loss 0.108771 -PSNR: 21.73 dB; -SSIM: 0.6572  -Folder: Turb
INFO: Training: iters 33000/800000 -Time:4576.958972 -LR:0.0000998 -Loss 0.107893 -PSNR: 21.82 dB; -SSIM: 0.6616  -Folder: Turb
INFO: Training: iters 34000/800000 -Time:4576.722085 -LR:0.0000998 -Loss 0.106690 -PSNR: 21.82 dB; -SSIM: 0.6681  -Folder: Turb
INFO: Training: iters 35000/800000 -Time:4576.831928 -LR:0.0000998 -Loss 0.108387 -PSNR: 21.77 dB; -SSIM: 0.6584  -Folder: Turb
INFO: Validation: Iters 35000/800000 - Loss 0.121639 - PSNR: 20.61 dB; SSIM: 0.6436
INFO: Training: iters 36000/800000 -Time:4615.432562 -LR:0.0000997 -Loss 0.105514 -PSNR: 21.99 dB; -SSIM: 0.6694  -Folder: Turb
INFO: Training: iters 37000/800000 -Time:4576.809801 -LR:0.0000997 -Loss 0.108069 -PSNR: 21.79 dB; -SSIM: 0.6606  -Folder: Turb
INFO: Training: iters 38000/800000 -Time:4577.650976 -LR:0.0000997 -Loss 0.108171 -PSNR: 21.88 dB; -SSIM: 0.6582  -Folder: Turb
INFO: Training: iters 39000/800000 -Time:4577.139935 -LR:0.0000997 -Loss 0.107450 -PSNR: 21.84 dB; -SSIM: 0.6620  -Folder: Turb
INFO: Training: iters 40000/800000 -Time:4576.978476 -LR:0.0000996 -Loss 0.105909 -PSNR: 21.95 dB; -SSIM: 0.6654  -Folder: Turb
INFO: Validation: Iters 40000/800000 - Loss 0.123746 - PSNR: 20.50 dB; SSIM: 0.6381
INFO: Training: iters 41000/800000 -Time:4614.458869 -LR:0.0000996 -Loss 0.105357 -PSNR: 22.14 dB; -SSIM: 0.6654  -Folder: Turb
INFO: Training: iters 42000/800000 -Time:4577.296440 -LR:0.0000996 -Loss 0.106486 -PSNR: 21.96 dB; -SSIM: 0.6635  -Folder: Turb
INFO: Training: iters 43000/800000 -Time:4582.272244 -LR:0.0000996 -Loss 0.104548 -PSNR: 22.09 dB; -SSIM: 0.6698  -Folder: Turb
INFO: Training: iters 44000/800000 -Time:4578.235656 -LR:0.0000995 -Loss 0.104925 -PSNR: 22.02 dB; -SSIM: 0.6680  -Folder: Turb
INFO: Training: iters 45000/800000 -Time:4579.436855 -LR:0.0000995 -Loss 0.105254 -PSNR: 22.03 dB; -SSIM: 0.6685  -Folder: Turb
INFO: Validation: Iters 45000/800000 - Loss 0.125483 - PSNR: 20.55 dB; SSIM: 0.6306
INFO: Training: iters 46000/800000 -Time:4614.599676 -LR:0.0000995 -Loss 0.103235 -PSNR: 22.08 dB; -SSIM: 0.6774  -Folder: Turb
INFO: Training: iters 47000/800000 -Time:4576.703533 -LR:0.0000995 -Loss 0.105166 -PSNR: 22.07 dB; -SSIM: 0.6704  -Folder: Turb
INFO: Training: iters 48000/800000 -Time:4576.924801 -LR:0.0000994 -Loss 0.104303 -PSNR: 22.11 dB; -SSIM: 0.6711  -Folder: Turb
INFO: Training: iters 49000/800000 -Time:4576.897372 -LR:0.0000994 -Loss 0.104845 -PSNR: 22.10 dB; -SSIM: 0.6712  -Folder: Turb
INFO: Training: iters 50000/800000 -Time:4576.678025 -LR:0.0000994 -Loss 0.105899 -PSNR: 21.99 dB; -SSIM: 0.6689  -Folder: Turb
INFO: Validation: Iters 50000/800000 - Loss 0.123222 - PSNR: 20.68 dB; SSIM: 0.6345
INFO: Training: iters 51000/800000 -Time:4613.834592 -LR:0.0000993 -Loss 0.103778 -PSNR: 22.27 dB; -SSIM: 0.6705  -Folder: Turb
INFO: Training: iters 52000/800000 -Time:4576.766018 -LR:0.0000993 -Loss 0.103369 -PSNR: 22.22 dB; -SSIM: 0.6762  -Folder: Turb
INFO: Training: iters 53000/800000 -Time:4576.786125 -LR:0.0000993 -Loss 0.101946 -PSNR: 22.32 dB; -SSIM: 0.6785  -Folder: Turb
INFO: Training: iters 54000/800000 -Time:4576.843991 -LR:0.0000992 -Loss 0.104312 -PSNR: 22.14 dB; -SSIM: 0.6705  -Folder: Turb
INFO: Training: iters 55000/800000 -Time:4577.034221 -LR:0.0000992 -Loss 0.104022 -PSNR: 22.20 dB; -SSIM: 0.6716  -Folder: Turb
INFO: Validation: Iters 55000/800000 - Loss 0.122426 - PSNR: 20.43 dB; SSIM: 0.6467
INFO: Training: iters 56000/800000 -Time:4615.185194 -LR:0.0000992 -Loss 0.101828 -PSNR: 22.33 dB; -SSIM: 0.6789  -Folder: Turb
INFO: Training: iters 57000/800000 -Time:4576.907150 -LR:0.0000991 -Loss 0.102483 -PSNR: 22.37 dB; -SSIM: 0.6762  -Folder: Turb
INFO: Training: iters 58000/800000 -Time:4576.630801 -LR:0.0000991 -Loss 0.100597 -PSNR: 22.41 dB; -SSIM: 0.6847  -Folder: Turb
INFO: Training: iters 59000/800000 -Time:4577.356630 -LR:0.0000991 -Loss 0.101723 -PSNR: 22.36 dB; -SSIM: 0.6823  -Folder: Turb
INFO: Training: iters 60000/800000 -Time:4577.353562 -LR:0.0000990 -Loss 0.101763 -PSNR: 22.39 dB; -SSIM: 0.6824  -Folder: Turb
INFO: Validation: Iters 60000/800000 - Loss 0.124317 - PSNR: 20.48 dB; SSIM: 0.6309
INFO: Training: iters 61000/800000 -Time:4614.085483 -LR:0.0000990 -Loss 0.099749 -PSNR: 22.49 dB; -SSIM: 0.6848  -Folder: Turb
INFO: Training: iters 62000/800000 -Time:4576.904978 -LR:0.0000989 -Loss 0.098076 -PSNR: 22.70 dB; -SSIM: 0.6926  -Folder: Turb
INFO: Training: iters 63000/800000 -Time:4611.530803 -LR:0.0000989 -Loss 0.099213 -PSNR: 22.63 dB; -SSIM: 0.6893  -Folder: Turb
INFO: Training: iters 64000/800000 -Time:4599.169122 -LR:0.0000989 -Loss 0.103181 -PSNR: 22.35 dB; -SSIM: 0.6756  -Folder: Turb
INFO: Training: iters 65000/800000 -Time:4588.491708 -LR:0.0000988 -Loss 0.098512 -PSNR: 22.66 dB; -SSIM: 0.6895  -Folder: Turb
INFO: Validation: Iters 65000/800000 - Loss 0.124525 - PSNR: 20.20 dB; SSIM: 0.6531
INFO: Training: iters 66000/800000 -Time:4614.722910 -LR:0.0000988 -Loss 0.097811 -PSNR: 22.75 dB; -SSIM: 0.6900  -Folder: Turb
INFO: Training: iters 67000/800000 -Time:4577.050023 -LR:0.0000987 -Loss 0.103998 -PSNR: 22.31 dB; -SSIM: 0.6726  -Folder: Turb
INFO: Training: iters 68000/800000 -Time:4577.029013 -LR:0.0000987 -Loss 0.100728 -PSNR: 22.56 dB; -SSIM: 0.6818  -Folder: Turb
INFO: Training: iters 69000/800000 -Time:4576.947091 -LR:0.0000986 -Loss 0.094561 -PSNR: 22.93 dB; -SSIM: 0.7032  -Folder: Turb
INFO: Training: iters 70000/800000 -Time:4577.130169 -LR:0.0000986 -Loss 0.098092 -PSNR: 22.73 dB; -SSIM: 0.6925  -Folder: Turb
INFO: Validation: Iters 70000/800000 - Loss 0.131364 - PSNR: 19.91 dB; SSIM: 0.6353
INFO: Training: iters 71000/800000 -Time:4614.482970 -LR:0.0000986 -Loss 0.096050 -PSNR: 22.91 dB; -SSIM: 0.6970  -Folder: Turb
INFO: Training: iters 72000/800000 -Time:4577.290274 -LR:0.0000985 -Loss 0.096753 -PSNR: 22.82 dB; -SSIM: 0.6956  -Folder: Turb
INFO: Training: iters 73000/800000 -Time:4576.859978 -LR:0.0000985 -Loss 0.098614 -PSNR: 22.70 dB; -SSIM: 0.6922  -Folder: Turb
INFO: Training: iters 74000/800000 -Time:4577.174965 -LR:0.0000984 -Loss 0.096704 -PSNR: 22.94 dB; -SSIM: 0.6961  -Folder: Turb
INFO: Training: iters 75000/800000 -Time:4576.835358 -LR:0.0000984 -Loss 0.094326 -PSNR: 23.01 dB; -SSIM: 0.7040  -Folder: Turb
INFO: Validation: Iters 75000/800000 - Loss 0.127133 - PSNR: 20.33 dB; SSIM: 0.6279
INFO: Training: iters 76000/800000 -Time:4613.924882 -LR:0.0000983 -Loss 0.094626 -PSNR: 23.08 dB; -SSIM: 0.7036  -Folder: Turb
INFO: Training: iters 77000/800000 -Time:4576.322181 -LR:0.0000983 -Loss 0.096088 -PSNR: 23.03 dB; -SSIM: 0.6963  -Folder: Turb
INFO: Training: iters 78000/800000 -Time:4576.466678 -LR:0.0000982 -Loss 0.096994 -PSNR: 22.96 dB; -SSIM: 0.6953  -Folder: Turb
INFO: Training: iters 79000/800000 -Time:4576.550731 -LR:0.0000981 -Loss 0.093373 -PSNR: 23.07 dB; -SSIM: 0.7080  -Folder: Turb
INFO: Training: iters 80000/800000 -Time:4576.670041 -LR:0.0000981 -Loss 0.093247 -PSNR: 23.24 dB; -SSIM: 0.7075  -Folder: Turb
INFO: Validation: Iters 80000/800000 - Loss 0.125565 - PSNR: 20.27 dB; SSIM: 0.6420
INFO: Training: iters 81000/800000 -Time:4613.701939 -LR:0.0000980 -Loss 0.093882 -PSNR: 23.15 dB; -SSIM: 0.7056  -Folder: Turb
INFO: Training: iters 82000/800000 -Time:4576.478789 -LR:0.0000980 -Loss 0.092322 -PSNR: 23.28 dB; -SSIM: 0.7123  -Folder: Turb
INFO: Training: iters 83000/800000 -Time:4576.238356 -LR:0.0000979 -Loss 0.092317 -PSNR: 23.28 dB; -SSIM: 0.7122  -Folder: Turb
INFO: Training: iters 84000/800000 -Time:4576.935937 -LR:0.0000979 -Loss 0.093778 -PSNR: 23.18 dB; -SSIM: 0.7075  -Folder: Turb
INFO: Training: iters 85000/800000 -Time:4576.917267 -LR:0.0000978 -Loss 0.090558 -PSNR: 23.37 dB; -SSIM: 0.7167  -Folder: Turb
INFO: Validation: Iters 85000/800000 - Loss 0.117514 - PSNR: 20.86 dB; SSIM: 0.6623
INFO: Training: iters 86000/800000 -Time:4614.320518 -LR:0.0000978 -Loss 0.093583 -PSNR: 23.29 dB; -SSIM: 0.7050  -Folder: Turb
INFO: Training: iters 87000/800000 -Time:4576.688211 -LR:0.0000977 -Loss 0.091277 -PSNR: 23.34 dB; -SSIM: 0.7163  -Folder: Turb
INFO: Training: iters 88000/800000 -Time:4576.689048 -LR:0.0000976 -Loss 0.090942 -PSNR: 23.40 dB; -SSIM: 0.7152  -Folder: Turb
INFO: Training: iters 89000/800000 -Time:4576.742431 -LR:0.0000976 -Loss 0.089810 -PSNR: 23.55 dB; -SSIM: 0.7176  -Folder: Turb
INFO: Training: iters 90000/800000 -Time:4576.410364 -LR:0.0000975 -Loss 0.088273 -PSNR: 23.63 dB; -SSIM: 0.7255  -Folder: Turb
INFO: Validation: Iters 90000/800000 - Loss 0.125358 - PSNR: 20.56 dB; SSIM: 0.6300
INFO: Training: iters 91000/800000 -Time:4613.634049 -LR:0.0000975 -Loss 0.091684 -PSNR: 23.45 dB; -SSIM: 0.7132  -Folder: Turb
INFO: Training: iters 92000/800000 -Time:4576.196444 -LR:0.0000974 -Loss 0.085956 -PSNR: 23.80 dB; -SSIM: 0.7332  -Folder: Turb
INFO: Training: iters 93000/800000 -Time:4576.293808 -LR:0.0000973 -Loss 0.091803 -PSNR: 23.36 dB; -SSIM: 0.7136  -Folder: Turb
INFO: Training: iters 94000/800000 -Time:4576.457639 -LR:0.0000973 -Loss 0.092290 -PSNR: 23.43 dB; -SSIM: 0.7105  -Folder: Turb
INFO: Training: iters 95000/800000 -Time:4576.832835 -LR:0.0000972 -Loss 0.090046 -PSNR: 23.54 dB; -SSIM: 0.7176  -Folder: Turb
INFO: Validation: Iters 95000/800000 - Loss 0.124637 - PSNR: 20.83 dB; SSIM: 0.6242
INFO: Training: iters 96000/800000 -Time:4614.445740 -LR:0.0000971 -Loss 0.089129 -PSNR: 23.72 dB; -SSIM: 0.7206  -Folder: Turb
INFO: Training: iters 97000/800000 -Time:4576.983319 -LR:0.0000971 -Loss 0.088265 -PSNR: 23.66 dB; -SSIM: 0.7264  -Folder: Turb
INFO: Training: iters 98000/800000 -Time:4576.898626 -LR:0.0000970 -Loss 0.089848 -PSNR: 23.64 dB; -SSIM: 0.7196  -Folder: Turb
INFO: Training: iters 99000/800000 -Time:4577.326944 -LR:0.0000969 -Loss 0.087704 -PSNR: 23.67 dB; -SSIM: 0.7268  -Folder: Turb
INFO: Training: iters 100000/800000 -Time:4576.929522 -LR:0.0000969 -Loss 0.085344 -PSNR: 23.99 dB; -SSIM: 0.7346  -Folder: Turb
INFO: Validation: Iters 100000/800000 - Loss 0.118585 - PSNR: 20.90 dB; SSIM: 0.6565
INFO: Training: iters 101000/800000 -Time:4613.861193 -LR:0.0000968 -Loss 0.087029 -PSNR: 23.86 dB; -SSIM: 0.7282  -Folder: Turb
INFO: Training: iters 102000/800000 -Time:4576.608827 -LR:0.0000967 -Loss 0.086112 -PSNR: 23.87 dB; -SSIM: 0.7336  -Folder: Turb
INFO: Training: iters 103000/800000 -Time:4576.733554 -LR:0.0000967 -Loss 0.086344 -PSNR: 23.94 dB; -SSIM: 0.7320  -Folder: Turb
INFO: Training: iters 104000/800000 -Time:4576.150163 -LR:0.0000966 -Loss 0.084268 -PSNR: 24.11 dB; -SSIM: 0.7372  -Folder: Turb
INFO: Training: iters 105000/800000 -Time:4576.876032 -LR:0.0000965 -Loss 0.085935 -PSNR: 23.95 dB; -SSIM: 0.7316  -Folder: Turb
INFO: Validation: Iters 105000/800000 - Loss 0.126700 - PSNR: 20.33 dB; SSIM: 0.6325
INFO: Training: iters 106000/800000 -Time:4614.502045 -LR:0.0000964 -Loss 0.089206 -PSNR: 23.67 dB; -SSIM: 0.7237  -Folder: Turb
INFO: Training: iters 107000/800000 -Time:4577.532527 -LR:0.0000964 -Loss 0.085638 -PSNR: 24.06 dB; -SSIM: 0.7334  -Folder: Turb
INFO: Training: iters 108000/800000 -Time:4577.607207 -LR:0.0000963 -Loss 0.086960 -PSNR: 23.85 dB; -SSIM: 0.7288  -Folder: Turb
INFO: Training: iters 109000/800000 -Time:4577.566288 -LR:0.0000962 -Loss 0.083611 -PSNR: 24.11 dB; -SSIM: 0.7411  -Folder: Turb
INFO: Training: iters 110000/800000 -Time:4577.480908 -LR:0.0000961 -Loss 0.085658 -PSNR: 23.97 dB; -SSIM: 0.7334  -Folder: Turb
INFO: Validation: Iters 110000/800000 - Loss 0.124559 - PSNR: 20.63 dB; SSIM: 0.6410
INFO: Training: iters 111000/800000 -Time:4614.528410 -LR:0.0000961 -Loss 0.083653 -PSNR: 24.23 dB; -SSIM: 0.7426  -Folder: Turb
INFO: Training: iters 112000/800000 -Time:4577.066216 -LR:0.0000960 -Loss 0.084741 -PSNR: 23.99 dB; -SSIM: 0.7387  -Folder: Turb
INFO: Training: iters 113000/800000 -Time:4579.595979 -LR:0.0000959 -Loss 0.082882 -PSNR: 24.26 dB; -SSIM: 0.7435  -Folder: Turb
INFO: Training: iters 114000/800000 -Time:4578.273655 -LR:0.0000958 -Loss 0.083798 -PSNR: 24.18 dB; -SSIM: 0.7408  -Folder: Turb
INFO: Training: iters 115000/800000 -Time:4577.950637 -LR:0.0000957 -Loss 0.083150 -PSNR: 24.25 dB; -SSIM: 0.7429  -Folder: Turb
INFO: Validation: Iters 115000/800000 - Loss 0.135032 - PSNR: 19.80 dB; SSIM: 0.6145
INFO: Training: iters 116000/800000 -Time:4614.201990 -LR:0.0000957 -Loss 0.085416 -PSNR: 24.13 dB; -SSIM: 0.7351  -Folder: Turb
INFO: Training: iters 117000/800000 -Time:4577.002678 -LR:0.0000956 -Loss 0.084936 -PSNR: 24.15 dB; -SSIM: 0.7373  -Folder: Turb
INFO: Training: iters 118000/800000 -Time:4576.933850 -LR:0.0000955 -Loss 0.083831 -PSNR: 24.23 dB; -SSIM: 0.7395  -Folder: Turb
INFO: Training: iters 119000/800000 -Time:4577.170831 -LR:0.0000954 -Loss 0.079478 -PSNR: 24.46 dB; -SSIM: 0.7551  -Folder: Turb
INFO: Training: iters 120000/800000 -Time:4576.651533 -LR:0.0000953 -Loss 0.081790 -PSNR: 24.53 dB; -SSIM: 0.7468  -Folder: Turb
INFO: Validation: Iters 120000/800000 - Loss 0.134924 - PSNR: 19.81 dB; SSIM: 0.6122
INFO: Training: iters 121000/800000 -Time:4614.045465 -LR:0.0000953 -Loss 0.081615 -PSNR: 24.43 dB; -SSIM: 0.7463  -Folder: Turb
INFO: Training: iters 122000/800000 -Time:4576.378042 -LR:0.0000952 -Loss 0.083182 -PSNR: 24.34 dB; -SSIM: 0.7407  -Folder: Turb
INFO: Training: iters 123000/800000 -Time:4576.483748 -LR:0.0000951 -Loss 0.083017 -PSNR: 24.28 dB; -SSIM: 0.7432  -Folder: Turb
INFO: Training: iters 124000/800000 -Time:4576.100598 -LR:0.0000950 -Loss 0.079662 -PSNR: 24.51 dB; -SSIM: 0.7534  -Folder: Turb
INFO: Training: iters 125000/800000 -Time:4576.741792 -LR:0.0000949 -Loss 0.081876 -PSNR: 24.38 dB; -SSIM: 0.7477  -Folder: Turb
INFO: Validation: Iters 125000/800000 - Loss 0.121873 - PSNR: 20.51 dB; SSIM: 0.6536
INFO: Training: iters 126000/800000 -Time:4613.987620 -LR:0.0000948 -Loss 0.081963 -PSNR: 24.34 dB; -SSIM: 0.7488  -Folder: Turb
INFO: Training: iters 127000/800000 -Time:4577.163349 -LR:0.0000947 -Loss 0.082802 -PSNR: 24.39 dB; -SSIM: 0.7451  -Folder: Turb
INFO: Training: iters 128000/800000 -Time:4577.078307 -LR:0.0000946 -Loss 0.080788 -PSNR: 24.70 dB; -SSIM: 0.7492  -Folder: Turb
INFO: Training: iters 129000/800000 -Time:4577.020670 -LR:0.0000946 -Loss 0.079495 -PSNR: 24.63 dB; -SSIM: 0.7528  -Folder: Turb
INFO: Training: iters 130000/800000 -Time:4577.072681 -LR:0.0000945 -Loss 0.081698 -PSNR: 24.37 dB; -SSIM: 0.7502  -Folder: Turb
INFO: Validation: Iters 130000/800000 - Loss 0.130135 - PSNR: 20.13 dB; SSIM: 0.6320
INFO: Training: iters 131000/800000 -Time:4613.224959 -LR:0.0000944 -Loss 0.080784 -PSNR: 24.50 dB; -SSIM: 0.7491  -Folder: Turb
INFO: Training: iters 132000/800000 -Time:4575.891187 -LR:0.0000943 -Loss 0.080001 -PSNR: 24.71 dB; -SSIM: 0.7498  -Folder: Turb
INFO: Training: iters 133000/800000 -Time:4575.949407 -LR:0.0000942 -Loss 0.081049 -PSNR: 24.58 dB; -SSIM: 0.7488  -Folder: Turb
INFO: Training: iters 134000/800000 -Time:4576.492487 -LR:0.0000941 -Loss 0.079158 -PSNR: 24.67 dB; -SSIM: 0.7577  -Folder: Turb
INFO: Training: iters 135000/800000 -Time:4576.893124 -LR:0.0000940 -Loss 0.077548 -PSNR: 24.89 dB; -SSIM: 0.7612  -Folder: Turb
INFO: Validation: Iters 135000/800000 - Loss 0.141831 - PSNR: 19.66 dB; SSIM: 0.5876
INFO: Training: iters 136000/800000 -Time:4614.176084 -LR:0.0000939 -Loss 0.080907 -PSNR: 24.65 dB; -SSIM: 0.7493  -Folder: Turb
INFO: Training: iters 137000/800000 -Time:4576.469470 -LR:0.0000938 -Loss 0.081539 -PSNR: 24.48 dB; -SSIM: 0.7484  -Folder: Turb
INFO: Training: iters 138000/800000 -Time:4576.075496 -LR:0.0000937 -Loss 0.078957 -PSNR: 24.79 dB; -SSIM: 0.7570  -Folder: Turb
INFO: Training: iters 139000/800000 -Time:4576.207740 -LR:0.0000936 -Loss 0.076822 -PSNR: 24.97 dB; -SSIM: 0.7632  -Folder: Turb
INFO: Training: iters 140000/800000 -Time:4575.897948 -LR:0.0000935 -Loss 0.079100 -PSNR: 24.79 dB; -SSIM: 0.7546  -Folder: Turb
INFO: Validation: Iters 140000/800000 - Loss 0.133345 - PSNR: 19.81 dB; SSIM: 0.6222
INFO: Training: iters 141000/800000 -Time:4613.010730 -LR:0.0000934 -Loss 0.080376 -PSNR: 24.69 dB; -SSIM: 0.7514  -Folder: Turb
INFO: Training: iters 142000/800000 -Time:4575.767124 -LR:0.0000933 -Loss 0.078968 -PSNR: 24.79 dB; -SSIM: 0.7569  -Folder: Turb
INFO: Training: iters 143000/800000 -Time:4575.508414 -LR:0.0000932 -Loss 0.081645 -PSNR: 24.59 dB; -SSIM: 0.7480  -Folder: Turb
INFO: Training: iters 144000/800000 -Time:4575.936696 -LR:0.0000931 -Loss 0.076450 -PSNR: 25.11 dB; -SSIM: 0.7656  -Folder: Turb
INFO: Training: iters 145000/800000 -Time:4575.690396 -LR:0.0000930 -Loss 0.079751 -PSNR: 24.83 dB; -SSIM: 0.7512  -Folder: Turb
INFO: Validation: Iters 145000/800000 - Loss 0.140924 - PSNR: 19.68 dB; SSIM: 0.5860
INFO: Training: iters 146000/800000 -Time:4613.246464 -LR:0.0000929 -Loss 0.076079 -PSNR: 25.03 dB; -SSIM: 0.7653  -Folder: Turb
INFO: Training: iters 147000/800000 -Time:4575.684544 -LR:0.0000928 -Loss 0.079054 -PSNR: 24.89 dB; -SSIM: 0.7550  -Folder: Turb
INFO: Training: iters 148000/800000 -Time:4575.606307 -LR:0.0000927 -Loss 0.076885 -PSNR: 25.16 dB; -SSIM: 0.7608  -Folder: Turb
INFO: Training: iters 149000/800000 -Time:4575.718029 -LR:0.0000926 -Loss 0.078467 -PSNR: 24.88 dB; -SSIM: 0.7593  -Folder: Turb
INFO: Training: iters 150000/800000 -Time:4575.654630 -LR:0.0000925 -Loss 0.077339 -PSNR: 25.01 dB; -SSIM: 0.7627  -Folder: Turb
INFO: Validation: Iters 150000/800000 - Loss 0.140559 - PSNR: 19.69 dB; SSIM: 0.5905
INFO: Training: iters 151000/800000 -Time:4613.387859 -LR:0.0000924 -Loss 0.078146 -PSNR: 25.01 dB; -SSIM: 0.7565  -Folder: Turb
INFO: Training: iters 152000/800000 -Time:4576.436676 -LR:0.0000923 -Loss 0.076050 -PSNR: 25.15 dB; -SSIM: 0.7653  -Folder: Turb
INFO: Training: iters 153000/800000 -Time:4576.751407 -LR:0.0000922 -Loss 0.076700 -PSNR: 25.10 dB; -SSIM: 0.7647  -Folder: Turb
INFO: Training: iters 154000/800000 -Time:4577.290181 -LR:0.0000921 -Loss 0.072436 -PSNR: 25.38 dB; -SSIM: 0.7790  -Folder: Turb
INFO: Training: iters 155000/800000 -Time:4577.232542 -LR:0.0000920 -Loss 0.079877 -PSNR: 24.84 dB; -SSIM: 0.7526  -Folder: Turb
INFO: Validation: Iters 155000/800000 - Loss 0.136134 - PSNR: 20.02 dB; SSIM: 0.6118
INFO: Training: iters 156000/800000 -Time:4614.275708 -LR:0.0000919 -Loss 0.080284 -PSNR: 24.82 dB; -SSIM: 0.7517  -Folder: Turb
INFO: Training: iters 157000/800000 -Time:4577.132503 -LR:0.0000918 -Loss 0.074445 -PSNR: 25.30 dB; -SSIM: 0.7720  -Folder: Turb
INFO: Training: iters 158000/800000 -Time:4577.727140 -LR:0.0000917 -Loss 0.074771 -PSNR: 25.24 dB; -SSIM: 0.7708  -Folder: Turb
INFO: Training: iters 159000/800000 -Time:4580.913364 -LR:0.0000916 -Loss 0.073761 -PSNR: 25.39 dB; -SSIM: 0.7738  -Folder: Turb
INFO: Training: iters 160000/800000 -Time:4616.919918 -LR:0.0000915 -Loss 0.077838 -PSNR: 25.06 dB; -SSIM: 0.7615  -Folder: Turb
INFO: Validation: Iters 160000/800000 - Loss 0.139739 - PSNR: 19.73 dB; SSIM: 0.6045
INFO: Training: iters 161000/800000 -Time:4617.238869 -LR:0.0000913 -Loss 0.070004 -PSNR: 25.71 dB; -SSIM: 0.7859  -Folder: Turb
INFO: Training: iters 162000/800000 -Time:4578.318167 -LR:0.0000912 -Loss 0.078750 -PSNR: 24.92 dB; -SSIM: 0.7558  -Folder: Turb
INFO: Training: iters 163000/800000 -Time:4578.015371 -LR:0.0000911 -Loss 0.074017 -PSNR: 25.38 dB; -SSIM: 0.7732  -Folder: Turb
INFO: Training: iters 164000/800000 -Time:4577.657637 -LR:0.0000910 -Loss 0.074061 -PSNR: 25.51 dB; -SSIM: 0.7692  -Folder: Turb
INFO: Training: iters 165000/800000 -Time:4577.256541 -LR:0.0000909 -Loss 0.074681 -PSNR: 25.43 dB; -SSIM: 0.7690  -Folder: Turb
INFO: Validation: Iters 165000/800000 - Loss 0.131549 - PSNR: 20.15 dB; SSIM: 0.6157
INFO: Training: iters 166000/800000 -Time:4613.303796 -LR:0.0000908 -Loss 0.071976 -PSNR: 25.63 dB; -SSIM: 0.7776  -Folder: Turb
INFO: Training: iters 167000/800000 -Time:4576.042206 -LR:0.0000907 -Loss 0.076567 -PSNR: 25.36 dB; -SSIM: 0.7622  -Folder: Turb
INFO: Training: iters 168000/800000 -Time:4576.382997 -LR:0.0000905 -Loss 0.075375 -PSNR: 25.28 dB; -SSIM: 0.7671  -Folder: Turb
INFO: Training: iters 169000/800000 -Time:4576.577128 -LR:0.0000904 -Loss 0.073130 -PSNR: 25.58 dB; -SSIM: 0.7731  -Folder: Turb
INFO: Training: iters 170000/800000 -Time:4576.933961 -LR:0.0000903 -Loss 0.073285 -PSNR: 25.60 dB; -SSIM: 0.7722  -Folder: Turb
INFO: Validation: Iters 170000/800000 - Loss 0.139540 - PSNR: 19.85 dB; SSIM: 0.5903
INFO: Training: iters 171000/800000 -Time:4614.166215 -LR:0.0000902 -Loss 0.074381 -PSNR: 25.41 dB; -SSIM: 0.7722  -Folder: Turb
INFO: Training: iters 172000/800000 -Time:4576.584112 -LR:0.0000901 -Loss 0.076187 -PSNR: 25.36 dB; -SSIM: 0.7633  -Folder: Turb
INFO: Training: iters 173000/800000 -Time:4577.066069 -LR:0.0000900 -Loss 0.074325 -PSNR: 25.54 dB; -SSIM: 0.7682  -Folder: Turb
INFO: Training: iters 174000/800000 -Time:4576.936897 -LR:0.0000898 -Loss 0.073428 -PSNR: 25.54 dB; -SSIM: 0.7732  -Folder: Turb
INFO: Training: iters 175000/800000 -Time:4576.820022 -LR:0.0000897 -Loss 0.073461 -PSNR: 25.61 dB; -SSIM: 0.7728  -Folder: Turb
INFO: Validation: Iters 175000/800000 - Loss 0.134139 - PSNR: 19.91 dB; SSIM: 0.6186
INFO: Training: iters 176000/800000 -Time:4613.975610 -LR:0.0000896 -Loss 0.071916 -PSNR: 25.76 dB; -SSIM: 0.7790  -Folder: Turb
INFO: Training: iters 177000/800000 -Time:4576.547482 -LR:0.0000895 -Loss 0.075124 -PSNR: 25.40 dB; -SSIM: 0.7684  -Folder: Turb
INFO: Training: iters 178000/800000 -Time:4576.709165 -LR:0.0000894 -Loss 0.073832 -PSNR: 25.69 dB; -SSIM: 0.7694  -Folder: Turb
INFO: Training: iters 179000/800000 -Time:4577.006850 -LR:0.0000892 -Loss 0.071972 -PSNR: 25.76 dB; -SSIM: 0.7773  -Folder: Turb
INFO: Training: iters 180000/800000 -Time:4577.070601 -LR:0.0000891 -Loss 0.075093 -PSNR: 25.59 dB; -SSIM: 0.7686  -Folder: Turb
INFO: Validation: Iters 180000/800000 - Loss 0.130375 - PSNR: 20.04 dB; SSIM: 0.6364
INFO: Training: iters 181000/800000 -Time:4614.414909 -LR:0.0000890 -Loss 0.070982 -PSNR: 25.83 dB; -SSIM: 0.7824  -Folder: Turb
INFO: Training: iters 182000/800000 -Time:4577.065652 -LR:0.0000889 -Loss 0.071526 -PSNR: 25.78 dB; -SSIM: 0.7790  -Folder: Turb
INFO: Training: iters 183000/800000 -Time:4577.228741 -LR:0.0000887 -Loss 0.070602 -PSNR: 25.94 dB; -SSIM: 0.7840  -Folder: Turb
INFO: Training: iters 184000/800000 -Time:4577.445981 -LR:0.0000886 -Loss 0.071808 -PSNR: 26.05 dB; -SSIM: 0.7738  -Folder: Turb
INFO: Training: iters 185000/800000 -Time:4577.452128 -LR:0.0000885 -Loss 0.072245 -PSNR: 25.78 dB; -SSIM: 0.7750  -Folder: Turb
INFO: Validation: Iters 185000/800000 - Loss 0.128256 - PSNR: 20.07 dB; SSIM: 0.6467
INFO: Training: iters 186000/800000 -Time:4614.616343 -LR:0.0000884 -Loss 0.071406 -PSNR: 25.91 dB; -SSIM: 0.7799  -Folder: Turb
INFO: Training: iters 187000/800000 -Time:4577.084593 -LR:0.0000882 -Loss 0.074432 -PSNR: 25.68 dB; -SSIM: 0.7700  -Folder: Turb
INFO: Training: iters 188000/800000 -Time:4577.224756 -LR:0.0000881 -Loss 0.071518 -PSNR: 25.80 dB; -SSIM: 0.7809  -Folder: Turb
INFO: Training: iters 189000/800000 -Time:4577.004952 -LR:0.0000880 -Loss 0.068776 -PSNR: 26.15 dB; -SSIM: 0.7881  -Folder: Turb
INFO: Training: iters 190000/800000 -Time:4577.389362 -LR:0.0000879 -Loss 0.070872 -PSNR: 26.00 dB; -SSIM: 0.7802  -Folder: Turb
INFO: Validation: Iters 190000/800000 - Loss 0.129625 - PSNR: 20.24 dB; SSIM: 0.6301
INFO: Training: iters 191000/800000 -Time:4615.809508 -LR:0.0000877 -Loss 0.070389 -PSNR: 25.95 dB; -SSIM: 0.7811  -Folder: Turb
INFO: Training: iters 192000/800000 -Time:4579.499067 -LR:0.0000876 -Loss 0.075135 -PSNR: 25.71 dB; -SSIM: 0.7688  -Folder: Turb
INFO: Training: iters 193000/800000 -Time:4579.321283 -LR:0.0000875 -Loss 0.071049 -PSNR: 26.03 dB; -SSIM: 0.7789  -Folder: Turb
INFO: Training: iters 194000/800000 -Time:4579.168440 -LR:0.0000873 -Loss 0.067239 -PSNR: 26.27 dB; -SSIM: 0.7930  -Folder: Turb
INFO: Training: iters 195000/800000 -Time:4579.174136 -LR:0.0000872 -Loss 0.069314 -PSNR: 26.13 dB; -SSIM: 0.7868  -Folder: Turb
INFO: Validation: Iters 195000/800000 - Loss 0.135034 - PSNR: 19.91 dB; SSIM: 0.6077
INFO: Training: iters 196000/800000 -Time:4616.648279 -LR:0.0000871 -Loss 0.070399 -PSNR: 26.04 dB; -SSIM: 0.7829  -Folder: Turb
INFO: Training: iters 197000/800000 -Time:4580.015368 -LR:0.0000869 -Loss 0.072617 -PSNR: 25.96 dB; -SSIM: 0.7749  -Folder: Turb
INFO: Training: iters 198000/800000 -Time:4579.594436 -LR:0.0000868 -Loss 0.075163 -PSNR: 25.68 dB; -SSIM: 0.7653  -Folder: Turb
INFO: Training: iters 199000/800000 -Time:4579.494401 -LR:0.0000867 -Loss 0.071310 -PSNR: 26.09 dB; -SSIM: 0.7797  -Folder: Turb
INFO: Training: iters 200000/800000 -Time:4579.849663 -LR:0.0000865 -Loss 0.073169 -PSNR: 25.85 dB; -SSIM: 0.7753  -Folder: Turb
INFO: Validation: Iters 200000/800000 - Loss 0.135420 - PSNR: 20.18 dB; SSIM: 0.5981
INFO: Training: iters 201000/800000 -Time:4617.363076 -LR:0.0000864 -Loss 0.073003 -PSNR: 25.98 dB; -SSIM: 0.7721  -Folder: Turb
INFO: Training: iters 202000/800000 -Time:4580.041061 -LR:0.0000863 -Loss 0.069706 -PSNR: 26.25 dB; -SSIM: 0.7820  -Folder: Turb
INFO: Training: iters 203000/800000 -Time:4579.576313 -LR:0.0000861 -Loss 0.069726 -PSNR: 26.23 dB; -SSIM: 0.7854  -Folder: Turb
INFO: Training: iters 204000/800000 -Time:4579.504272 -LR:0.0000860 -Loss 0.068008 -PSNR: 26.41 dB; -SSIM: 0.7918  -Folder: Turb
INFO: Training: iters 205000/800000 -Time:4579.357555 -LR:0.0000858 -Loss 0.069309 -PSNR: 26.22 dB; -SSIM: 0.7856  -Folder: Turb
INFO: Validation: Iters 205000/800000 - Loss 0.128867 - PSNR: 20.47 dB; SSIM: 0.6270
INFO: Training: iters 206000/800000 -Time:4616.191849 -LR:0.0000857 -Loss 0.069362 -PSNR: 26.34 dB; -SSIM: 0.7865  -Folder: Turb
INFO: Training: iters 207000/800000 -Time:4579.492279 -LR:0.0000856 -Loss 0.069163 -PSNR: 26.31 dB; -SSIM: 0.7853  -Folder: Turb
INFO: Training: iters 208000/800000 -Time:4579.591426 -LR:0.0000854 -Loss 0.071194 -PSNR: 26.12 dB; -SSIM: 0.7796  -Folder: Turb
INFO: Training: iters 209000/800000 -Time:4579.470492 -LR:0.0000853 -Loss 0.066563 -PSNR: 26.46 dB; -SSIM: 0.7960  -Folder: Turb
INFO: Training: iters 210000/800000 -Time:4578.290200 -LR:0.0000852 -Loss 0.068456 -PSNR: 26.38 dB; -SSIM: 0.7882  -Folder: Turb
INFO: Validation: Iters 210000/800000 - Loss 0.122090 - PSNR: 20.71 dB; SSIM: 0.6550
INFO: Training: iters 211000/800000 -Time:4616.516665 -LR:0.0000850 -Loss 0.067191 -PSNR: 26.57 dB; -SSIM: 0.7924  -Folder: Turb
INFO: Training: iters 212000/800000 -Time:4579.320652 -LR:0.0000849 -Loss 0.067142 -PSNR: 26.58 dB; -SSIM: 0.7926  -Folder: Turb
INFO: Training: iters 213000/800000 -Time:4579.217169 -LR:0.0000847 -Loss 0.069693 -PSNR: 26.28 dB; -SSIM: 0.7863  -Folder: Turb
INFO: Training: iters 214000/800000 -Time:4579.177554 -LR:0.0000846 -Loss 0.068294 -PSNR: 26.46 dB; -SSIM: 0.7898  -Folder: Turb
INFO: Training: iters 215000/800000 -Time:4579.096550 -LR:0.0000844 -Loss 0.071604 -PSNR: 26.23 dB; -SSIM: 0.7782  -Folder: Turb
INFO: Validation: Iters 215000/800000 - Loss 0.145674 - PSNR: 19.45 dB; SSIM: 0.5795
INFO: Training: iters 216000/800000 -Time:4615.207087 -LR:0.0000843 -Loss 0.067547 -PSNR: 26.62 dB; -SSIM: 0.7913  -Folder: Turb
INFO: Training: iters 217000/800000 -Time:4577.660565 -LR:0.0000842 -Loss 0.066442 -PSNR: 26.74 dB; -SSIM: 0.7945  -Folder: Turb
INFO: Training: iters 218000/800000 -Time:4577.281080 -LR:0.0000840 -Loss 0.068031 -PSNR: 26.44 dB; -SSIM: 0.7884  -Folder: Turb
INFO: Training: iters 219000/800000 -Time:4578.128249 -LR:0.0000839 -Loss 0.069179 -PSNR: 26.48 dB; -SSIM: 0.7858  -Folder: Turb
INFO: Training: iters 220000/800000 -Time:4577.476604 -LR:0.0000837 -Loss 0.067776 -PSNR: 26.45 dB; -SSIM: 0.7910  -Folder: Turb
INFO: Validation: Iters 220000/800000 - Loss 0.137353 - PSNR: 19.87 dB; SSIM: 0.6072
INFO: Training: iters 221000/800000 -Time:4614.067961 -LR:0.0000836 -Loss 0.069231 -PSNR: 26.35 dB; -SSIM: 0.7842  -Folder: Turb
INFO: Training: iters 222000/800000 -Time:4576.869365 -LR:0.0000834 -Loss 0.065763 -PSNR: 26.63 dB; -SSIM: 0.7974  -Folder: Turb
INFO: Training: iters 223000/800000 -Time:4576.752938 -LR:0.0000833 -Loss 0.067639 -PSNR: 26.52 dB; -SSIM: 0.7901  -Folder: Turb
INFO: Training: iters 224000/800000 -Time:4576.861441 -LR:0.0000831 -Loss 0.070143 -PSNR: 26.38 dB; -SSIM: 0.7827  -Folder: Turb
INFO: Training: iters 225000/800000 -Time:4576.837204 -LR:0.0000830 -Loss 0.068539 -PSNR: 26.44 dB; -SSIM: 0.7866  -Folder: Turb
INFO: Validation: Iters 225000/800000 - Loss 0.136486 - PSNR: 20.02 dB; SSIM: 0.5972
INFO: Training: iters 226000/800000 -Time:4614.072197 -LR:0.0000828 -Loss 0.065919 -PSNR: 26.53 dB; -SSIM: 0.7984  -Folder: Turb
INFO: Training: iters 227000/800000 -Time:4576.482749 -LR:0.0000827 -Loss 0.069654 -PSNR: 26.37 dB; -SSIM: 0.7835  -Folder: Turb
INFO: Training: iters 228000/800000 -Time:4577.401591 -LR:0.0000825 -Loss 0.068913 -PSNR: 26.45 dB; -SSIM: 0.7863  -Folder: Turb
INFO: Training: iters 229000/800000 -Time:4578.520405 -LR:0.0000824 -Loss 0.068384 -PSNR: 26.47 dB; -SSIM: 0.7881  -Folder: Turb
INFO: Training: iters 230000/800000 -Time:4579.567054 -LR:0.0000822 -Loss 0.064872 -PSNR: 26.83 dB; -SSIM: 0.7996  -Folder: Turb
INFO: Validation: Iters 230000/800000 - Loss 0.137842 - PSNR: 20.03 dB; SSIM: 0.5907
INFO: Training: iters 231000/800000 -Time:4617.148739 -LR:0.0000821 -Loss 0.066976 -PSNR: 26.66 dB; -SSIM: 0.7935  -Folder: Turb
INFO: Training: iters 232000/800000 -Time:4578.386889 -LR:0.0000819 -Loss 0.065706 -PSNR: 26.79 dB; -SSIM: 0.7965  -Folder: Turb
INFO: Training: iters 233000/800000 -Time:4578.880554 -LR:0.0000818 -Loss 0.066166 -PSNR: 26.78 dB; -SSIM: 0.7960  -Folder: Turb
INFO: Training: iters 234000/800000 -Time:4579.876474 -LR:0.0000816 -Loss 0.066083 -PSNR: 26.78 dB; -SSIM: 0.7939  -Folder: Turb
INFO: Training: iters 235000/800000 -Time:4579.583542 -LR:0.0000815 -Loss 0.063266 -PSNR: 27.12 dB; -SSIM: 0.8055  -Folder: Turb
INFO: Validation: Iters 235000/800000 - Loss 0.127727 - PSNR: 20.42 dB; SSIM: 0.6379
INFO: Training: iters 236000/800000 -Time:4617.227396 -LR:0.0000813 -Loss 0.067488 -PSNR: 26.67 dB; -SSIM: 0.7897  -Folder: Turb
INFO: Training: iters 237000/800000 -Time:4579.544206 -LR:0.0000812 -Loss 0.065617 -PSNR: 26.85 dB; -SSIM: 0.7990  -Folder: Turb
INFO: Training: iters 238000/800000 -Time:4578.964280 -LR:0.0000810 -Loss 0.068129 -PSNR: 26.77 dB; -SSIM: 0.7881  -Folder: Turb
INFO: Training: iters 239000/800000 -Time:4579.112127 -LR:0.0000809 -Loss 0.064263 -PSNR: 27.06 dB; -SSIM: 0.7997  -Folder: Turb
INFO: Training: iters 240000/800000 -Time:4578.645385 -LR:0.0000807 -Loss 0.065823 -PSNR: 26.90 dB; -SSIM: 0.7984  -Folder: Turb
INFO: Validation: Iters 240000/800000 - Loss 0.124855 - PSNR: 20.75 dB; SSIM: 0.6444
INFO: Training: iters 241000/800000 -Time:4616.272191 -LR:0.0000805 -Loss 0.069106 -PSNR: 26.68 dB; -SSIM: 0.7829  -Folder: Turb
INFO: Training: iters 242000/800000 -Time:4578.814683 -LR:0.0000804 -Loss 0.068608 -PSNR: 26.71 dB; -SSIM: 0.7868  -Folder: Turb
INFO: Training: iters 243000/800000 -Time:4578.539341 -LR:0.0000802 -Loss 0.066579 -PSNR: 26.85 dB; -SSIM: 0.7932  -Folder: Turb
INFO: Training: iters 244000/800000 -Time:4579.107786 -LR:0.0000801 -Loss 0.064429 -PSNR: 27.04 dB; -SSIM: 0.8014  -Folder: Turb
INFO: Training: iters 245000/800000 -Time:4579.180256 -LR:0.0000799 -Loss 0.066819 -PSNR: 26.80 dB; -SSIM: 0.7932  -Folder: Turb
INFO: Validation: Iters 245000/800000 - Loss 0.127902 - PSNR: 20.37 dB; SSIM: 0.6348
INFO: Training: iters 246000/800000 -Time:4616.600085 -LR:0.0000798 -Loss 0.069871 -PSNR: 26.60 dB; -SSIM: 0.7833  -Folder: Turb
INFO: Training: iters 247000/800000 -Time:4578.310400 -LR:0.0000796 -Loss 0.065787 -PSNR: 27.04 dB; -SSIM: 0.7957  -Folder: Turb
INFO: Training: iters 248000/800000 -Time:4579.328308 -LR:0.0000794 -Loss 0.067039 -PSNR: 26.88 dB; -SSIM: 0.7923  -Folder: Turb
INFO: Training: iters 249000/800000 -Time:4579.701387 -LR:0.0000793 -Loss 0.065031 -PSNR: 27.09 dB; -SSIM: 0.8006  -Folder: Turb
INFO: Training: iters 250000/800000 -Time:4578.808300 -LR:0.0000791 -Loss 0.062198 -PSNR: 27.32 dB; -SSIM: 0.8077  -Folder: Turb
INFO: Validation: Iters 250000/800000 - Loss 0.133389 - PSNR: 20.08 dB; SSIM: 0.6278
INFO: Training: iters 251000/800000 -Time:4616.918052 -LR:0.0000790 -Loss 0.069828 -PSNR: 26.61 dB; -SSIM: 0.7825  -Folder: Turb
INFO: Training: iters 252000/800000 -Time:4578.017235 -LR:0.0000788 -Loss 0.065000 -PSNR: 27.17 dB; -SSIM: 0.7988  -Folder: Turb
INFO: Training: iters 253000/800000 -Time:4577.048366 -LR:0.0000786 -Loss 0.068958 -PSNR: 26.64 dB; -SSIM: 0.7850  -Folder: Turb
INFO: Training: iters 254000/800000 -Time:4576.961462 -LR:0.0000785 -Loss 0.069217 -PSNR: 26.72 dB; -SSIM: 0.7851  -Folder: Turb
INFO: Training: iters 255000/800000 -Time:4576.908868 -LR:0.0000783 -Loss 0.066925 -PSNR: 26.88 dB; -SSIM: 0.7935  -Folder: Turb
INFO: Validation: Iters 255000/800000 - Loss 0.119815 - PSNR: 20.74 dB; SSIM: 0.6648
INFO: Training: iters 256000/800000 -Time:4614.090918 -LR:0.0000781 -Loss 0.066941 -PSNR: 26.79 dB; -SSIM: 0.7936  -Folder: Turb
INFO: Training: iters 257000/800000 -Time:4576.410770 -LR:0.0000780 -Loss 0.063539 -PSNR: 27.23 dB; -SSIM: 0.8029  -Folder: Turb
INFO: Training: iters 258000/800000 -Time:4576.141741 -LR:0.0000778 -Loss 0.066634 -PSNR: 26.77 dB; -SSIM: 0.7935  -Folder: Turb
INFO: Training: iters 259000/800000 -Time:4576.305545 -LR:0.0000777 -Loss 0.066765 -PSNR: 26.89 dB; -SSIM: 0.7913  -Folder: Turb
INFO: Training: iters 260000/800000 -Time:4576.222335 -LR:0.0000775 -Loss 0.063848 -PSNR: 27.29 dB; -SSIM: 0.7988  -Folder: Turb
INFO: Validation: Iters 260000/800000 - Loss 0.144667 - PSNR: 19.56 dB; SSIM: 0.5808
INFO: Training: iters 261000/800000 -Time:4613.615586 -LR:0.0000773 -Loss 0.064644 -PSNR: 27.27 dB; -SSIM: 0.7993  -Folder: Turb
INFO: Training: iters 262000/800000 -Time:4576.009673 -LR:0.0000772 -Loss 0.064965 -PSNR: 27.04 dB; -SSIM: 0.7999  -Folder: Turb
INFO: Training: iters 263000/800000 -Time:4576.263592 -LR:0.0000770 -Loss 0.063506 -PSNR: 27.27 dB; -SSIM: 0.8039  -Folder: Turb
INFO: Training: iters 264000/800000 -Time:4576.428519 -LR:0.0000768 -Loss 0.063812 -PSNR: 27.21 dB; -SSIM: 0.8009  -Folder: Turb
INFO: Training: iters 265000/800000 -Time:4575.945770 -LR:0.0000767 -Loss 0.066064 -PSNR: 27.09 dB; -SSIM: 0.7947  -Folder: Turb
INFO: Validation: Iters 265000/800000 - Loss 0.121501 - PSNR: 20.84 dB; SSIM: 0.6509
INFO: Training: iters 266000/800000 -Time:4616.568156 -LR:0.0000765 -Loss 0.062782 -PSNR: 27.33 dB; -SSIM: 0.8065  -Folder: Turb
INFO: Training: iters 267000/800000 -Time:4579.597525 -LR:0.0000763 -Loss 0.063889 -PSNR: 27.22 dB; -SSIM: 0.8001  -Folder: Turb
INFO: Training: iters 268000/800000 -Time:4578.926121 -LR:0.0000762 -Loss 0.068884 -PSNR: 26.83 dB; -SSIM: 0.7854  -Folder: Turb
INFO: Training: iters 269000/800000 -Time:4578.241386 -LR:0.0000760 -Loss 0.062546 -PSNR: 27.42 dB; -SSIM: 0.8053  -Folder: Turb
INFO: Training: iters 270000/800000 -Time:4578.670825 -LR:0.0000758 -Loss 0.060456 -PSNR: 27.54 dB; -SSIM: 0.8129  -Folder: Turb
INFO: Validation: Iters 270000/800000 - Loss 0.122215 - PSNR: 20.72 dB; SSIM: 0.6524
INFO: Training: iters 271000/800000 -Time:4616.496061 -LR:0.0000756 -Loss 0.066117 -PSNR: 27.23 dB; -SSIM: 0.7936  -Folder: Turb
INFO: Training: iters 272000/800000 -Time:4579.434024 -LR:0.0000755 -Loss 0.063632 -PSNR: 27.34 dB; -SSIM: 0.8021  -Folder: Turb
INFO: Training: iters 273000/800000 -Time:4578.792501 -LR:0.0000753 -Loss 0.061672 -PSNR: 27.51 dB; -SSIM: 0.8071  -Folder: Turb
INFO: Training: iters 274000/800000 -Time:4578.790512 -LR:0.0000751 -Loss 0.063222 -PSNR: 27.37 dB; -SSIM: 0.8035  -Folder: Turb
INFO: Training: iters 275000/800000 -Time:4579.058621 -LR:0.0000750 -Loss 0.063532 -PSNR: 27.28 dB; -SSIM: 0.8022  -Folder: Turb
INFO: Validation: Iters 275000/800000 - Loss 0.138157 - PSNR: 19.69 dB; SSIM: 0.5960
INFO: Training: iters 276000/800000 -Time:4616.470374 -LR:0.0000748 -Loss 0.061507 -PSNR: 27.44 dB; -SSIM: 0.8103  -Folder: Turb
INFO: Training: iters 277000/800000 -Time:4579.217512 -LR:0.0000746 -Loss 0.063347 -PSNR: 27.50 dB; -SSIM: 0.8009  -Folder: Turb
INFO: Training: iters 278000/800000 -Time:4579.247031 -LR:0.0000745 -Loss 0.067183 -PSNR: 27.02 dB; -SSIM: 0.7930  -Folder: Turb
INFO: Training: iters 279000/800000 -Time:4579.197390 -LR:0.0000743 -Loss 0.064327 -PSNR: 27.21 dB; -SSIM: 0.7986  -Folder: Turb
INFO: Training: iters 280000/800000 -Time:4579.143203 -LR:0.0000741 -Loss 0.064994 -PSNR: 27.37 dB; -SSIM: 0.7982  -Folder: Turb
INFO: Validation: Iters 280000/800000 - Loss 0.119485 - PSNR: 21.09 dB; SSIM: 0.6558
INFO: Training: iters 281000/800000 -Time:4616.395745 -LR:0.0000739 -Loss 0.062608 -PSNR: 27.39 dB; -SSIM: 0.8069  -Folder: Turb
INFO: Training: iters 282000/800000 -Time:4578.801571 -LR:0.0000738 -Loss 0.061993 -PSNR: 27.52 dB; -SSIM: 0.8077  -Folder: Turb
INFO: Training: iters 283000/800000 -Time:4579.691283 -LR:0.0000736 -Loss 0.064703 -PSNR: 27.18 dB; -SSIM: 0.8005  -Folder: Turb
INFO: Training: iters 284000/800000 -Time:4579.498051 -LR:0.0000734 -Loss 0.061039 -PSNR: 27.57 dB; -SSIM: 0.8113  -Folder: Turb
INFO: Training: iters 285000/800000 -Time:4579.764016 -LR:0.0000732 -Loss 0.065770 -PSNR: 27.18 dB; -SSIM: 0.7963  -Folder: Turb
INFO: Validation: Iters 285000/800000 - Loss 0.121761 - PSNR: 20.73 dB; SSIM: 0.6538
INFO: Training: iters 286000/800000 -Time:4616.698597 -LR:0.0000731 -Loss 0.060598 -PSNR: 27.66 dB; -SSIM: 0.8126  -Folder: Turb
INFO: Training: iters 287000/800000 -Time:4578.919737 -LR:0.0000729 -Loss 0.068117 -PSNR: 27.08 dB; -SSIM: 0.7864  -Folder: Turb
INFO: Training: iters 288000/800000 -Time:4578.962476 -LR:0.0000727 -Loss 0.063736 -PSNR: 27.51 dB; -SSIM: 0.8045  -Folder: Turb
INFO: Training: iters 289000/800000 -Time:4579.013946 -LR:0.0000725 -Loss 0.064068 -PSNR: 27.31 dB; -SSIM: 0.8000  -Folder: Turb
INFO: Training: iters 290000/800000 -Time:4578.808197 -LR:0.0000724 -Loss 0.063604 -PSNR: 27.63 dB; -SSIM: 0.8041  -Folder: Turb
INFO: Validation: Iters 290000/800000 - Loss 0.127104 - PSNR: 20.36 dB; SSIM: 0.6343
INFO: Training: iters 291000/800000 -Time:4615.750569 -LR:0.0000722 -Loss 0.063420 -PSNR: 27.38 dB; -SSIM: 0.8047  -Folder: Turb
INFO: Training: iters 292000/800000 -Time:4578.505931 -LR:0.0000720 -Loss 0.064396 -PSNR: 27.39 dB; -SSIM: 0.7980  -Folder: Turb
INFO: Training: iters 293000/800000 -Time:4578.562127 -LR:0.0000718 -Loss 0.065463 -PSNR: 27.37 dB; -SSIM: 0.7944  -Folder: Turb
INFO: Training: iters 294000/800000 -Time:4578.720808 -LR:0.0000716 -Loss 0.062702 -PSNR: 27.43 dB; -SSIM: 0.8022  -Folder: Turb
INFO: Training: iters 295000/800000 -Time:4578.980833 -LR:0.0000715 -Loss 0.062323 -PSNR: 27.63 dB; -SSIM: 0.8047  -Folder: Turb
INFO: Validation: Iters 295000/800000 - Loss 0.126092 - PSNR: 20.67 dB; SSIM: 0.6419
INFO: Training: iters 296000/800000 -Time:4616.473661 -LR:0.0000713 -Loss 0.061356 -PSNR: 27.67 dB; -SSIM: 0.8090  -Folder: Turb
INFO: Training: iters 297000/800000 -Time:4579.738287 -LR:0.0000711 -Loss 0.062038 -PSNR: 27.67 dB; -SSIM: 0.8070  -Folder: Turb
INFO: Training: iters 298000/800000 -Time:4579.534980 -LR:0.0000709 -Loss 0.062637 -PSNR: 27.70 dB; -SSIM: 0.8035  -Folder: Turb
INFO: Training: iters 299000/800000 -Time:4579.235593 -LR:0.0000708 -Loss 0.063840 -PSNR: 27.43 dB; -SSIM: 0.7999  -Folder: Turb
INFO: Training: iters 300000/800000 -Time:4579.542508 -LR:0.0000706 -Loss 0.062551 -PSNR: 27.59 dB; -SSIM: 0.8041  -Folder: Turb
INFO: Validation: Iters 300000/800000 - Loss 0.136610 - PSNR: 20.23 dB; SSIM: 0.5920
INFO: Training: iters 301000/800000 -Time:4617.020388 -LR:0.0000704 -Loss 0.064702 -PSNR: 27.25 dB; -SSIM: 0.7985  -Folder: Turb
INFO: Training: iters 302000/800000 -Time:4580.119126 -LR:0.0000702 -Loss 0.063987 -PSNR: 27.47 dB; -SSIM: 0.7986  -Folder: Turb
INFO: Training: iters 303000/800000 -Time:4579.711627 -LR:0.0000700 -Loss 0.062471 -PSNR: 27.59 dB; -SSIM: 0.8042  -Folder: Turb
INFO: Training: iters 304000/800000 -Time:4579.375703 -LR:0.0000699 -Loss 0.062674 -PSNR: 27.60 dB; -SSIM: 0.8070  -Folder: Turb
INFO: Training: iters 305000/800000 -Time:4579.449110 -LR:0.0000697 -Loss 0.063734 -PSNR: 27.47 dB; -SSIM: 0.8030  -Folder: Turb
INFO: Validation: Iters 305000/800000 - Loss 0.126357 - PSNR: 20.57 dB; SSIM: 0.6256
INFO: Training: iters 306000/800000 -Time:4616.198784 -LR:0.0000695 -Loss 0.058568 -PSNR: 28.16 dB; -SSIM: 0.8169  -Folder: Turb
INFO: Training: iters 307000/800000 -Time:4579.521700 -LR:0.0000693 -Loss 0.059745 -PSNR: 27.99 dB; -SSIM: 0.8139  -Folder: Turb
INFO: Training: iters 308000/800000 -Time:4579.506955 -LR:0.0000691 -Loss 0.057317 -PSNR: 28.17 dB; -SSIM: 0.8204  -Folder: Turb
INFO: Training: iters 309000/800000 -Time:4579.063904 -LR:0.0000689 -Loss 0.064791 -PSNR: 27.46 dB; -SSIM: 0.7977  -Folder: Turb
INFO: Training: iters 310000/800000 -Time:4578.936483 -LR:0.0000688 -Loss 0.060100 -PSNR: 27.85 dB; -SSIM: 0.8119  -Folder: Turb
INFO: Validation: Iters 310000/800000 - Loss 0.132103 - PSNR: 20.02 dB; SSIM: 0.6110
INFO: Training: iters 311000/800000 -Time:4616.017942 -LR:0.0000686 -Loss 0.061963 -PSNR: 27.74 dB; -SSIM: 0.8072  -Folder: Turb
INFO: Training: iters 312000/800000 -Time:4579.189057 -LR:0.0000684 -Loss 0.063426 -PSNR: 27.65 dB; -SSIM: 0.8023  -Folder: Turb
INFO: Training: iters 313000/800000 -Time:4579.685411 -LR:0.0000682 -Loss 0.064038 -PSNR: 27.60 dB; -SSIM: 0.7972  -Folder: Turb
INFO: Training: iters 314000/800000 -Time:4580.206585 -LR:0.0000680 -Loss 0.062077 -PSNR: 27.75 dB; -SSIM: 0.8052  -Folder: Turb
INFO: Training: iters 315000/800000 -Time:4579.925810 -LR:0.0000678 -Loss 0.062824 -PSNR: 27.68 dB; -SSIM: 0.8011  -Folder: Turb
INFO: Validation: Iters 315000/800000 - Loss 0.127004 - PSNR: 20.50 dB; SSIM: 0.6228
INFO: Training: iters 316000/800000 -Time:4617.627332 -LR:0.0000677 -Loss 0.059305 -PSNR: 28.10 dB; -SSIM: 0.8136  -Folder: Turb
INFO: Training: iters 317000/800000 -Time:4579.719897 -LR:0.0000675 -Loss 0.061601 -PSNR: 27.81 dB; -SSIM: 0.8075  -Folder: Turb
INFO: Training: iters 318000/800000 -Time:4579.592045 -LR:0.0000673 -Loss 0.065525 -PSNR: 27.27 dB; -SSIM: 0.7955  -Folder: Turb
INFO: Training: iters 319000/800000 -Time:4578.890195 -LR:0.0000671 -Loss 0.061651 -PSNR: 27.90 dB; -SSIM: 0.8060  -Folder: Turb
INFO: Training: iters 320000/800000 -Time:4578.632225 -LR:0.0000669 -Loss 0.059396 -PSNR: 28.05 dB; -SSIM: 0.8151  -Folder: Turb
INFO: Validation: Iters 320000/800000 - Loss 0.126920 - PSNR: 20.43 dB; SSIM: 0.6356
INFO: Training: iters 321000/800000 -Time:4616.301436 -LR:0.0000667 -Loss 0.060974 -PSNR: 27.91 dB; -SSIM: 0.8090  -Folder: Turb
INFO: Training: iters 322000/800000 -Time:4578.573360 -LR:0.0000665 -Loss 0.061499 -PSNR: 27.91 dB; -SSIM: 0.8084  -Folder: Turb
INFO: Training: iters 323000/800000 -Time:4579.370813 -LR:0.0000664 -Loss 0.061356 -PSNR: 27.80 dB; -SSIM: 0.8082  -Folder: Turb
INFO: Training: iters 324000/800000 -Time:4578.974172 -LR:0.0000662 -Loss 0.062602 -PSNR: 27.72 dB; -SSIM: 0.8049  -Folder: Turb
INFO: Training: iters 325000/800000 -Time:4578.262065 -LR:0.0000660 -Loss 0.063329 -PSNR: 27.69 dB; -SSIM: 0.7999  -Folder: Turb
INFO: Validation: Iters 325000/800000 - Loss 0.139331 - PSNR: 20.02 dB; SSIM: 0.5831
INFO: Training: iters 326000/800000 -Time:4616.754348 -LR:0.0000658 -Loss 0.061113 -PSNR: 27.94 dB; -SSIM: 0.8078  -Folder: Turb
INFO: Training: iters 327000/800000 -Time:4579.012635 -LR:0.0000656 -Loss 0.057518 -PSNR: 28.26 dB; -SSIM: 0.8183  -Folder: Turb
INFO: Training: iters 328000/800000 -Time:4579.422510 -LR:0.0000654 -Loss 0.061100 -PSNR: 27.83 dB; -SSIM: 0.8081  -Folder: Turb
INFO: Training: iters 329000/800000 -Time:4578.960367 -LR:0.0000652 -Loss 0.061820 -PSNR: 27.87 dB; -SSIM: 0.8034  -Folder: Turb
INFO: Training: iters 330000/800000 -Time:4578.523347 -LR:0.0000650 -Loss 0.060497 -PSNR: 27.93 dB; -SSIM: 0.8094  -Folder: Turb
INFO: Validation: Iters 330000/800000 - Loss 0.134294 - PSNR: 20.23 dB; SSIM: 0.6035
INFO: Training: iters 331000/800000 -Time:4615.711827 -LR:0.0000649 -Loss 0.059727 -PSNR: 28.06 dB; -SSIM: 0.8121  -Folder: Turb
INFO: Training: iters 332000/800000 -Time:4578.723944 -LR:0.0000647 -Loss 0.057857 -PSNR: 28.34 dB; -SSIM: 0.8200  -Folder: Turb
INFO: Training: iters 333000/800000 -Time:4578.475301 -LR:0.0000645 -Loss 0.062998 -PSNR: 27.58 dB; -SSIM: 0.8021  -Folder: Turb
INFO: Training: iters 334000/800000 -Time:4578.302695 -LR:0.0000643 -Loss 0.060587 -PSNR: 28.15 dB; -SSIM: 0.8104  -Folder: Turb
INFO: Training: iters 335000/800000 -Time:4578.297939 -LR:0.0000641 -Loss 0.060570 -PSNR: 28.11 dB; -SSIM: 0.8085  -Folder: Turb
INFO: Validation: Iters 335000/800000 - Loss 0.129028 - PSNR: 20.57 dB; SSIM: 0.6214
INFO: Training: iters 336000/800000 -Time:4615.633590 -LR:0.0000639 -Loss 0.063190 -PSNR: 27.79 dB; -SSIM: 0.8019  -Folder: Turb
INFO: Training: iters 337000/800000 -Time:4578.427111 -LR:0.0000637 -Loss 0.059109 -PSNR: 28.24 dB; -SSIM: 0.8124  -Folder: Turb
INFO: Training: iters 338000/800000 -Time:4578.112133 -LR:0.0000635 -Loss 0.058586 -PSNR: 28.12 dB; -SSIM: 0.8158  -Folder: Turb
INFO: Training: iters 339000/800000 -Time:4578.146886 -LR:0.0000633 -Loss 0.062087 -PSNR: 27.86 dB; -SSIM: 0.8055  -Folder: Turb
INFO: Training: iters 340000/800000 -Time:4578.320500 -LR:0.0000632 -Loss 0.064128 -PSNR: 27.83 dB; -SSIM: 0.7983  -Folder: Turb
INFO: Validation: Iters 340000/800000 - Loss 0.127186 - PSNR: 20.51 dB; SSIM: 0.6337
INFO: Training: iters 341000/800000 -Time:4615.973314 -LR:0.0000630 -Loss 0.057077 -PSNR: 28.35 dB; -SSIM: 0.8191  -Folder: Turb
INFO: Training: iters 342000/800000 -Time:4579.041021 -LR:0.0000628 -Loss 0.061786 -PSNR: 27.99 dB; -SSIM: 0.8046  -Folder: Turb
INFO: Training: iters 343000/800000 -Time:4579.525422 -LR:0.0000626 -Loss 0.061271 -PSNR: 28.08 dB; -SSIM: 0.8074  -Folder: Turb
INFO: Training: iters 344000/800000 -Time:4580.046471 -LR:0.0000624 -Loss 0.059480 -PSNR: 28.30 dB; -SSIM: 0.8134  -Folder: Turb
INFO: Training: iters 345000/800000 -Time:4579.872822 -LR:0.0000622 -Loss 0.060702 -PSNR: 28.14 dB; -SSIM: 0.8086  -Folder: Turb
INFO: Validation: Iters 345000/800000 - Loss 0.139430 - PSNR: 19.69 dB; SSIM: 0.5983
INFO: Training: iters 346000/800000 -Time:4616.261788 -LR:0.0000620 -Loss 0.059836 -PSNR: 28.15 dB; -SSIM: 0.8118  -Folder: Turb
INFO: Training: iters 347000/800000 -Time:4578.631739 -LR:0.0000618 -Loss 0.060332 -PSNR: 28.07 dB; -SSIM: 0.8076  -Folder: Turb
INFO: Training: iters 348000/800000 -Time:4578.389900 -LR:0.0000616 -Loss 0.059492 -PSNR: 28.18 dB; -SSIM: 0.8125  -Folder: Turb
INFO: Training: iters 349000/800000 -Time:4578.418382 -LR:0.0000614 -Loss 0.062096 -PSNR: 27.92 dB; -SSIM: 0.8031  -Folder: Turb
INFO: Training: iters 350000/800000 -Time:4578.672005 -LR:0.0000612 -Loss 0.059337 -PSNR: 28.27 dB; -SSIM: 0.8115  -Folder: Turb
INFO: Validation: Iters 350000/800000 - Loss 0.137218 - PSNR: 20.12 dB; SSIM: 0.5873
INFO: Training: iters 351000/800000 -Time:4615.570662 -LR:0.0000610 -Loss 0.060227 -PSNR: 28.26 dB; -SSIM: 0.8086  -Folder: Turb
INFO: Training: iters 352000/800000 -Time:4578.384731 -LR:0.0000609 -Loss 0.058867 -PSNR: 28.32 dB; -SSIM: 0.8131  -Folder: Turb
INFO: Training: iters 353000/800000 -Time:4578.254801 -LR:0.0000607 -Loss 0.060275 -PSNR: 28.12 dB; -SSIM: 0.8105  -Folder: Turb
INFO: Training: iters 354000/800000 -Time:4578.253337 -LR:0.0000605 -Loss 0.059935 -PSNR: 28.19 dB; -SSIM: 0.8108  -Folder: Turb
INFO: Training: iters 355000/800000 -Time:4578.082784 -LR:0.0000603 -Loss 0.060650 -PSNR: 28.15 dB; -SSIM: 0.8083  -Folder: Turb
INFO: Validation: Iters 355000/800000 - Loss 0.124180 - PSNR: 20.65 dB; SSIM: 0.6368
INFO: Training: iters 356000/800000 -Time:4615.298562 -LR:0.0000601 -Loss 0.058281 -PSNR: 28.43 dB; -SSIM: 0.8196  -Folder: Turb
INFO: Training: iters 357000/800000 -Time:4578.231734 -LR:0.0000599 -Loss 0.059178 -PSNR: 28.34 dB; -SSIM: 0.8137  -Folder: Turb
INFO: Training: iters 358000/800000 -Time:4578.873336 -LR:0.0000597 -Loss 0.057999 -PSNR: 28.35 dB; -SSIM: 0.8180  -Folder: Turb
INFO: Training: iters 359000/800000 -Time:4579.557270 -LR:0.0000595 -Loss 0.059500 -PSNR: 28.37 dB; -SSIM: 0.8129  -Folder: Turb
INFO: Training: iters 360000/800000 -Time:4579.081629 -LR:0.0000593 -Loss 0.059158 -PSNR: 28.38 dB; -SSIM: 0.8119  -Folder: Turb
INFO: Validation: Iters 360000/800000 - Loss 0.134502 - PSNR: 20.10 dB; SSIM: 0.6046
INFO: Training: iters 361000/800000 -Time:4617.471832 -LR:0.0000591 -Loss 0.059981 -PSNR: 28.16 dB; -SSIM: 0.8120  -Folder: Turb
INFO: Training: iters 362000/800000 -Time:4579.754988 -LR:0.0000589 -Loss 0.057804 -PSNR: 28.43 dB; -SSIM: 0.8188  -Folder: Turb
INFO: Training: iters 363000/800000 -Time:4579.078582 -LR:0.0000587 -Loss 0.058313 -PSNR: 28.31 dB; -SSIM: 0.8155  -Folder: Turb
INFO: Training: iters 364000/800000 -Time:4579.364862 -LR:0.0000585 -Loss 0.059243 -PSNR: 28.29 dB; -SSIM: 0.8141  -Folder: Turb
INFO: Training: iters 365000/800000 -Time:4580.054996 -LR:0.0000583 -Loss 0.061627 -PSNR: 28.03 dB; -SSIM: 0.8055  -Folder: Turb
INFO: Validation: Iters 365000/800000 - Loss 0.122701 - PSNR: 20.95 dB; SSIM: 0.6416
INFO: Training: iters 366000/800000 -Time:4617.082335 -LR:0.0000581 -Loss 0.062656 -PSNR: 28.01 dB; -SSIM: 0.8008  -Folder: Turb
INFO: Training: iters 367000/800000 -Time:4579.241889 -LR:0.0000580 -Loss 0.058778 -PSNR: 28.24 dB; -SSIM: 0.8153  -Folder: Turb
INFO: Training: iters 368000/800000 -Time:4579.310677 -LR:0.0000578 -Loss 0.056227 -PSNR: 28.56 dB; -SSIM: 0.8208  -Folder: Turb
INFO: Training: iters 369000/800000 -Time:4579.252542 -LR:0.0000576 -Loss 0.057298 -PSNR: 28.66 dB; -SSIM: 0.8203  -Folder: Turb
INFO: Training: iters 370000/800000 -Time:4578.980537 -LR:0.0000574 -Loss 0.059775 -PSNR: 28.25 dB; -SSIM: 0.8096  -Folder: Turb
INFO: Validation: Iters 370000/800000 - Loss 0.131361 - PSNR: 20.52 dB; SSIM: 0.6062
INFO: Training: iters 371000/800000 -Time:4616.242142 -LR:0.0000572 -Loss 0.058681 -PSNR: 28.42 dB; -SSIM: 0.8159  -Folder: Turb
INFO: Training: iters 372000/800000 -Time:4579.364423 -LR:0.0000570 -Loss 0.055987 -PSNR: 28.63 dB; -SSIM: 0.8262  -Folder: Turb
INFO: Training: iters 373000/800000 -Time:4579.292149 -LR:0.0000568 -Loss 0.063644 -PSNR: 27.95 dB; -SSIM: 0.7972  -Folder: Turb
INFO: Training: iters 374000/800000 -Time:4579.092876 -LR:0.0000566 -Loss 0.056358 -PSNR: 28.55 dB; -SSIM: 0.8237  -Folder: Turb
INFO: Training: iters 375000/800000 -Time:4578.939929 -LR:0.0000564 -Loss 0.058237 -PSNR: 28.47 dB; -SSIM: 0.8158  -Folder: Turb
INFO: Validation: Iters 375000/800000 - Loss 0.124971 - PSNR: 20.43 dB; SSIM: 0.6410
INFO: Training: iters 376000/800000 -Time:4616.342942 -LR:0.0000562 -Loss 0.056221 -PSNR: 28.61 dB; -SSIM: 0.8235  -Folder: Turb
INFO: Training: iters 377000/800000 -Time:4579.472849 -LR:0.0000560 -Loss 0.059960 -PSNR: 28.20 dB; -SSIM: 0.8100  -Folder: Turb
INFO: Training: iters 378000/800000 -Time:4579.437104 -LR:0.0000558 -Loss 0.061398 -PSNR: 28.17 dB; -SSIM: 0.8065  -Folder: Turb
INFO: Training: iters 379000/800000 -Time:4578.920778 -LR:0.0000556 -Loss 0.060868 -PSNR: 28.28 dB; -SSIM: 0.8046  -Folder: Turb
INFO: Training: iters 380000/800000 -Time:4579.446187 -LR:0.0000554 -Loss 0.057873 -PSNR: 28.40 dB; -SSIM: 0.8165  -Folder: Turb
INFO: Validation: Iters 380000/800000 - Loss 0.127932 - PSNR: 20.46 dB; SSIM: 0.6327
INFO: Training: iters 381000/800000 -Time:4615.761217 -LR:0.0000552 -Loss 0.060510 -PSNR: 28.20 dB; -SSIM: 0.8091  -Folder: Turb
INFO: Training: iters 382000/800000 -Time:4578.806462 -LR:0.0000550 -Loss 0.055390 -PSNR: 28.86 dB; -SSIM: 0.8269  -Folder: Turb
INFO: Training: iters 383000/800000 -Time:4578.942333 -LR:0.0000548 -Loss 0.058364 -PSNR: 28.55 dB; -SSIM: 0.8152  -Folder: Turb
INFO: Training: iters 384000/800000 -Time:4579.690178 -LR:0.0000546 -Loss 0.060210 -PSNR: 28.31 dB; -SSIM: 0.8084  -Folder: Turb
INFO: Training: iters 385000/800000 -Time:4579.061213 -LR:0.0000544 -Loss 0.058294 -PSNR: 28.58 dB; -SSIM: 0.8150  -Folder: Turb
INFO: Validation: Iters 385000/800000 - Loss 0.125381 - PSNR: 20.65 dB; SSIM: 0.6350
INFO: Training: iters 386000/800000 -Time:4615.671386 -LR:0.0000542 -Loss 0.055021 -PSNR: 28.89 dB; -SSIM: 0.8250  -Folder: Turb
INFO: Training: iters 387000/800000 -Time:4578.438878 -LR:0.0000540 -Loss 0.059303 -PSNR: 28.46 dB; -SSIM: 0.8153  -Folder: Turb
INFO: Training: iters 388000/800000 -Time:4578.561186 -LR:0.0000538 -Loss 0.058989 -PSNR: 28.50 dB; -SSIM: 0.8128  -Folder: Turb
INFO: Training: iters 389000/800000 -Time:4578.326711 -LR:0.0000536 -Loss 0.056202 -PSNR: 28.70 dB; -SSIM: 0.8218  -Folder: Turb
INFO: Training: iters 390000/800000 -Time:4578.308091 -LR:0.0000535 -Loss 0.057959 -PSNR: 28.69 dB; -SSIM: 0.8142  -Folder: Turb
INFO: Validation: Iters 390000/800000 - Loss 0.122880 - PSNR: 20.76 dB; SSIM: 0.6387
INFO: Training: iters 391000/800000 -Time:4615.946129 -LR:0.0000533 -Loss 0.056516 -PSNR: 28.78 dB; -SSIM: 0.8198  -Folder: Turb
INFO: Training: iters 392000/800000 -Time:4578.530058 -LR:0.0000531 -Loss 0.055555 -PSNR: 28.71 dB; -SSIM: 0.8248  -Folder: Turb
INFO: Training: iters 393000/800000 -Time:4578.659401 -LR:0.0000529 -Loss 0.061354 -PSNR: 28.27 dB; -SSIM: 0.8065  -Folder: Turb
INFO: Training: iters 394000/800000 -Time:4578.363505 -LR:0.0000527 -Loss 0.059765 -PSNR: 28.45 dB; -SSIM: 0.8104  -Folder: Turb
INFO: Training: iters 395000/800000 -Time:4578.406068 -LR:0.0000525 -Loss 0.056283 -PSNR: 28.86 dB; -SSIM: 0.8217  -Folder: Turb
INFO: Validation: Iters 395000/800000 - Loss 0.137523 - PSNR: 20.04 dB; SSIM: 0.5946
INFO: Training: iters 396000/800000 -Time:4616.496808 -LR:0.0000523 -Loss 0.058133 -PSNR: 28.66 dB; -SSIM: 0.8149  -Folder: Turb
INFO: Training: iters 397000/800000 -Time:4578.929524 -LR:0.0000521 -Loss 0.056488 -PSNR: 28.84 dB; -SSIM: 0.8218  -Folder: Turb
INFO: Training: iters 398000/800000 -Time:4578.764280 -LR:0.0000519 -Loss 0.056391 -PSNR: 28.78 dB; -SSIM: 0.8209  -Folder: Turb
INFO: Training: iters 399000/800000 -Time:4580.396330 -LR:0.0000517 -Loss 0.056771 -PSNR: 28.76 dB; -SSIM: 0.8192  -Folder: Turb
INFO: Training: iters 400000/800000 -Time:4579.213562 -LR:0.0000515 -Loss 0.056766 -PSNR: 28.76 dB; -SSIM: 0.8198  -Folder: Turb
INFO: Validation: Iters 400000/800000 - Loss 0.132475 - PSNR: 20.00 dB; SSIM: 0.6221
INFO: Training: iters 401000/800000 -Time:4616.176592 -LR:0.0000513 -Loss 0.055096 -PSNR: 28.80 dB; -SSIM: 0.8259  -Folder: Turb
INFO: Training: iters 402000/800000 -Time:4579.141463 -LR:0.0000511 -Loss 0.057155 -PSNR: 28.74 dB; -SSIM: 0.8183  -Folder: Turb
INFO: Training: iters 403000/800000 -Time:4578.951153 -LR:0.0000509 -Loss 0.054821 -PSNR: 28.93 dB; -SSIM: 0.8264  -Folder: Turb
INFO: Training: iters 404000/800000 -Time:4578.771239 -LR:0.0000507 -Loss 0.054029 -PSNR: 29.09 dB; -SSIM: 0.8299  -Folder: Turb
INFO: Training: iters 405000/800000 -Time:4578.534754 -LR:0.0000505 -Loss 0.056775 -PSNR: 28.73 dB; -SSIM: 0.8183  -Folder: Turb
INFO: Validation: Iters 405000/800000 - Loss 0.136856 - PSNR: 19.78 dB; SSIM: 0.6075
INFO: Training: iters 406000/800000 -Time:4615.835005 -LR:0.0000503 -Loss 0.056462 -PSNR: 28.73 dB; -SSIM: 0.8205  -Folder: Turb
INFO: Training: iters 407000/800000 -Time:4578.488570 -LR:0.0000501 -Loss 0.055012 -PSNR: 29.05 dB; -SSIM: 0.8258  -Folder: Turb
INFO: Training: iters 408000/800000 -Time:4578.669850 -LR:0.0000499 -Loss 0.058300 -PSNR: 28.63 dB; -SSIM: 0.8132  -Folder: Turb
INFO: Training: iters 409000/800000 -Time:4578.365053 -LR:0.0000497 -Loss 0.056347 -PSNR: 28.76 dB; -SSIM: 0.8210  -Folder: Turb
INFO: Training: iters 410000/800000 -Time:4579.130272 -LR:0.0000495 -Loss 0.056317 -PSNR: 28.75 dB; -SSIM: 0.8215  -Folder: Turb
INFO: Validation: Iters 410000/800000 - Loss 0.133491 - PSNR: 20.02 dB; SSIM: 0.6139
INFO: Training: iters 411000/800000 -Time:4616.246840 -LR:0.0000493 -Loss 0.057526 -PSNR: 28.83 dB; -SSIM: 0.8170  -Folder: Turb
INFO: Training: iters 412000/800000 -Time:4579.303425 -LR:0.0000491 -Loss 0.057064 -PSNR: 28.74 dB; -SSIM: 0.8174  -Folder: Turb
INFO: Training: iters 413000/800000 -Time:4578.072769 -LR:0.0000489 -Loss 0.057674 -PSNR: 28.65 dB; -SSIM: 0.8171  -Folder: Turb
INFO: Training: iters 414000/800000 -Time:4578.480664 -LR:0.0000487 -Loss 0.061547 -PSNR: 28.33 dB; -SSIM: 0.8029  -Folder: Turb
INFO: Training: iters 415000/800000 -Time:4579.077473 -LR:0.0000485 -Loss 0.056879 -PSNR: 28.77 dB; -SSIM: 0.8187  -Folder: Turb
INFO: Validation: Iters 415000/800000 - Loss 0.125564 - PSNR: 20.31 dB; SSIM: 0.6463
INFO: Training: iters 416000/800000 -Time:4617.167136 -LR:0.0000483 -Loss 0.054879 -PSNR: 28.93 dB; -SSIM: 0.8269  -Folder: Turb
INFO: Training: iters 417000/800000 -Time:4578.473313 -LR:0.0000481 -Loss 0.055244 -PSNR: 29.06 dB; -SSIM: 0.8242  -Folder: Turb
INFO: Training: iters 418000/800000 -Time:4579.242374 -LR:0.0000479 -Loss 0.054768 -PSNR: 29.02 dB; -SSIM: 0.8262  -Folder: Turb
INFO: Training: iters 419000/800000 -Time:4578.730482 -LR:0.0000477 -Loss 0.057551 -PSNR: 28.82 dB; -SSIM: 0.8157  -Folder: Turb
INFO: Training: iters 420000/800000 -Time:4579.397137 -LR:0.0000475 -Loss 0.057117 -PSNR: 28.78 dB; -SSIM: 0.8169  -Folder: Turb
INFO: Validation: Iters 420000/800000 - Loss 0.134702 - PSNR: 19.92 dB; SSIM: 0.6133
INFO: Training: iters 421000/800000 -Time:4616.260972 -LR:0.0000474 -Loss 0.057636 -PSNR: 28.70 dB; -SSIM: 0.8155  -Folder: Turb
INFO: Training: iters 422000/800000 -Time:4578.822239 -LR:0.0000472 -Loss 0.055630 -PSNR: 29.01 dB; -SSIM: 0.8237  -Folder: Turb
INFO: Training: iters 423000/800000 -Time:4579.369718 -LR:0.0000470 -Loss 0.058893 -PSNR: 28.60 dB; -SSIM: 0.8140  -Folder: Turb
INFO: Training: iters 424000/800000 -Time:4579.331376 -LR:0.0000468 -Loss 0.057688 -PSNR: 28.66 dB; -SSIM: 0.8172  -Folder: Turb
INFO: Training: iters 425000/800000 -Time:4579.667492 -LR:0.0000466 -Loss 0.057377 -PSNR: 28.73 dB; -SSIM: 0.8173  -Folder: Turb
INFO: Validation: Iters 425000/800000 - Loss 0.132792 - PSNR: 20.41 dB; SSIM: 0.6075
INFO: Training: iters 426000/800000 -Time:4616.635526 -LR:0.0000464 -Loss 0.054780 -PSNR: 29.14 dB; -SSIM: 0.8248  -Folder: Turb
INFO: Training: iters 427000/800000 -Time:4579.642750 -LR:0.0000462 -Loss 0.055548 -PSNR: 28.94 dB; -SSIM: 0.8214  -Folder: Turb
INFO: Training: iters 428000/800000 -Time:4579.580251 -LR:0.0000460 -Loss 0.055944 -PSNR: 28.90 dB; -SSIM: 0.8231  -Folder: Turb
INFO: Training: iters 429000/800000 -Time:4579.915434 -LR:0.0000458 -Loss 0.057197 -PSNR: 28.98 dB; -SSIM: 0.8166  -Folder: Turb
INFO: Training: iters 430000/800000 -Time:4579.621999 -LR:0.0000456 -Loss 0.055756 -PSNR: 29.03 dB; -SSIM: 0.8229  -Folder: Turb
INFO: Validation: Iters 430000/800000 - Loss 0.124427 - PSNR: 20.52 dB; SSIM: 0.6464
INFO: Training: iters 431000/800000 -Time:4617.267823 -LR:0.0000454 -Loss 0.055486 -PSNR: 29.05 dB; -SSIM: 0.8229  -Folder: Turb
INFO: Training: iters 432000/800000 -Time:4580.016607 -LR:0.0000452 -Loss 0.057158 -PSNR: 28.78 dB; -SSIM: 0.8187  -Folder: Turb
INFO: Training: iters 433000/800000 -Time:4579.359872 -LR:0.0000450 -Loss 0.055214 -PSNR: 29.08 dB; -SSIM: 0.8230  -Folder: Turb
INFO: Training: iters 434000/800000 -Time:4580.223188 -LR:0.0000448 -Loss 0.055036 -PSNR: 29.00 dB; -SSIM: 0.8242  -Folder: Turb
INFO: Training: iters 435000/800000 -Time:4580.014835 -LR:0.0000446 -Loss 0.054629 -PSNR: 29.05 dB; -SSIM: 0.8258  -Folder: Turb
INFO: Validation: Iters 435000/800000 - Loss 0.139912 - PSNR: 19.63 dB; SSIM: 0.5936
INFO: Training: iters 436000/800000 -Time:4616.389002 -LR:0.0000444 -Loss 0.054144 -PSNR: 29.32 dB; -SSIM: 0.8262  -Folder: Turb
INFO: Training: iters 437000/800000 -Time:4579.545585 -LR:0.0000442 -Loss 0.056723 -PSNR: 29.00 dB; -SSIM: 0.8190  -Folder: Turb
INFO: Training: iters 438000/800000 -Time:4579.367227 -LR:0.0000440 -Loss 0.053038 -PSNR: 29.32 dB; -SSIM: 0.8311  -Folder: Turb
INFO: Training: iters 439000/800000 -Time:4579.600269 -LR:0.0000438 -Loss 0.054972 -PSNR: 29.13 dB; -SSIM: 0.8241  -Folder: Turb
INFO: Training: iters 440000/800000 -Time:4579.325850 -LR:0.0000436 -Loss 0.058020 -PSNR: 28.79 dB; -SSIM: 0.8115  -Folder: Turb
INFO: Validation: Iters 440000/800000 - Loss 0.127084 - PSNR: 20.15 dB; SSIM: 0.6478
INFO: Training: iters 441000/800000 -Time:4616.409019 -LR:0.0000434 -Loss 0.056337 -PSNR: 28.92 dB; -SSIM: 0.8191  -Folder: Turb
INFO: Training: iters 442000/800000 -Time:4579.547429 -LR:0.0000432 -Loss 0.055701 -PSNR: 29.07 dB; -SSIM: 0.8205  -Folder: Turb
INFO: Training: iters 443000/800000 -Time:4579.023290 -LR:0.0000430 -Loss 0.056319 -PSNR: 28.96 dB; -SSIM: 0.8188  -Folder: Turb
INFO: Training: iters 444000/800000 -Time:4579.566066 -LR:0.0000429 -Loss 0.055218 -PSNR: 29.17 dB; -SSIM: 0.8214  -Folder: Turb
INFO: Training: iters 445000/800000 -Time:4579.033515 -LR:0.0000427 -Loss 0.057897 -PSNR: 28.94 dB; -SSIM: 0.8125  -Folder: Turb
INFO: Validation: Iters 445000/800000 - Loss 0.137928 - PSNR: 20.01 dB; SSIM: 0.5943
INFO: Training: iters 446000/800000 -Time:4616.624745 -LR:0.0000425 -Loss 0.056202 -PSNR: 28.99 dB; -SSIM: 0.8202  -Folder: Turb
INFO: Training: iters 447000/800000 -Time:4580.012218 -LR:0.0000423 -Loss 0.057174 -PSNR: 28.99 dB; -SSIM: 0.8167  -Folder: Turb
INFO: Training: iters 448000/800000 -Time:4579.572276 -LR:0.0000421 -Loss 0.056608 -PSNR: 28.95 dB; -SSIM: 0.8172  -Folder: Turb
INFO: Training: iters 449000/800000 -Time:4579.918376 -LR:0.0000419 -Loss 0.056826 -PSNR: 28.89 dB; -SSIM: 0.8163  -Folder: Turb
INFO: Training: iters 450000/800000 -Time:4579.356487 -LR:0.0000417 -Loss 0.055706 -PSNR: 28.90 dB; -SSIM: 0.8222  -Folder: Turb
INFO: Validation: Iters 450000/800000 - Loss 0.143578 - PSNR: 19.87 dB; SSIM: 0.5643
INFO: Training: iters 451000/800000 -Time:4616.748426 -LR:0.0000415 -Loss 0.054532 -PSNR: 29.34 dB; -SSIM: 0.8239  -Folder: Turb
INFO: Training: iters 452000/800000 -Time:4579.870907 -LR:0.0000413 -Loss 0.052073 -PSNR: 29.42 dB; -SSIM: 0.8334  -Folder: Turb
INFO: Training: iters 453000/800000 -Time:4579.794884 -LR:0.0000411 -Loss 0.055492 -PSNR: 29.12 dB; -SSIM: 0.8213  -Folder: Turb
INFO: Training: iters 454000/800000 -Time:4578.851976 -LR:0.0000409 -Loss 0.056473 -PSNR: 28.98 dB; -SSIM: 0.8196  -Folder: Turb
INFO: Training: iters 455000/800000 -Time:4578.999690 -LR:0.0000407 -Loss 0.053584 -PSNR: 29.33 dB; -SSIM: 0.8303  -Folder: Turb
INFO: Validation: Iters 455000/800000 - Loss 0.131284 - PSNR: 20.28 dB; SSIM: 0.6211
INFO: Training: iters 456000/800000 -Time:4616.515474 -LR:0.0000405 -Loss 0.052729 -PSNR: 29.34 dB; -SSIM: 0.8307  -Folder: Turb
INFO: Training: iters 457000/800000 -Time:4579.846781 -LR:0.0000403 -Loss 0.053912 -PSNR: 29.26 dB; -SSIM: 0.8269  -Folder: Turb
INFO: Training: iters 458000/800000 -Time:4579.507416 -LR:0.0000401 -Loss 0.056853 -PSNR: 29.01 dB; -SSIM: 0.8182  -Folder: Turb
INFO: Training: iters 459000/800000 -Time:4579.381184 -LR:0.0000400 -Loss 0.057755 -PSNR: 28.93 dB; -SSIM: 0.8139  -Folder: Turb
INFO: Training: iters 460000/800000 -Time:4579.528501 -LR:0.0000398 -Loss 0.054350 -PSNR: 29.18 dB; -SSIM: 0.8250  -Folder: Turb
INFO: Validation: Iters 460000/800000 - Loss 0.130233 - PSNR: 20.11 dB; SSIM: 0.6324
INFO: Training: iters 461000/800000 -Time:4615.226864 -LR:0.0000396 -Loss 0.051354 -PSNR: 29.54 dB; -SSIM: 0.8363  -Folder: Turb
INFO: Training: iters 462000/800000 -Time:4577.486453 -LR:0.0000394 -Loss 0.054741 -PSNR: 29.26 dB; -SSIM: 0.8231  -Folder: Turb
INFO: Training: iters 463000/800000 -Time:4577.447349 -LR:0.0000392 -Loss 0.055254 -PSNR: 29.13 dB; -SSIM: 0.8241  -Folder: Turb
INFO: Training: iters 464000/800000 -Time:4577.890195 -LR:0.0000390 -Loss 0.051334 -PSNR: 29.46 dB; -SSIM: 0.8379  -Folder: Turb
INFO: Training: iters 465000/800000 -Time:4578.705277 -LR:0.0000388 -Loss 0.050572 -PSNR: 29.81 dB; -SSIM: 0.8386  -Folder: Turb
INFO: Validation: Iters 465000/800000 - Loss 0.129936 - PSNR: 20.41 dB; SSIM: 0.6170
INFO: Training: iters 466000/800000 -Time:4615.219325 -LR:0.0000386 -Loss 0.052786 -PSNR: 29.43 dB; -SSIM: 0.8307  -Folder: Turb
INFO: Training: iters 467000/800000 -Time:4578.422166 -LR:0.0000384 -Loss 0.049960 -PSNR: 29.77 dB; -SSIM: 0.8394  -Folder: Turb
INFO: Training: iters 468000/800000 -Time:4577.925356 -LR:0.0000382 -Loss 0.056371 -PSNR: 29.08 dB; -SSIM: 0.8172  -Folder: Turb
INFO: Training: iters 469000/800000 -Time:4577.230602 -LR:0.0000380 -Loss 0.055799 -PSNR: 29.07 dB; -SSIM: 0.8194  -Folder: Turb
INFO: Training: iters 470000/800000 -Time:4576.952790 -LR:0.0000378 -Loss 0.055234 -PSNR: 29.39 dB; -SSIM: 0.8210  -Folder: Turb
INFO: Validation: Iters 470000/800000 - Loss 0.127454 - PSNR: 20.64 dB; SSIM: 0.6331
INFO: Training: iters 471000/800000 -Time:4614.244472 -LR:0.0000377 -Loss 0.055450 -PSNR: 29.04 dB; -SSIM: 0.8210  -Folder: Turb
INFO: Training: iters 472000/800000 -Time:4577.412562 -LR:0.0000375 -Loss 0.054435 -PSNR: 29.28 dB; -SSIM: 0.8234  -Folder: Turb
INFO: Training: iters 473000/800000 -Time:4577.207566 -LR:0.0000373 -Loss 0.053528 -PSNR: 29.40 dB; -SSIM: 0.8297  -Folder: Turb
INFO: Training: iters 474000/800000 -Time:4576.913696 -LR:0.0000371 -Loss 0.053429 -PSNR: 29.43 dB; -SSIM: 0.8284  -Folder: Turb
INFO: Training: iters 475000/800000 -Time:4577.204324 -LR:0.0000369 -Loss 0.053241 -PSNR: 29.40 dB; -SSIM: 0.8284  -Folder: Turb
INFO: Validation: Iters 475000/800000 - Loss 0.136280 - PSNR: 20.12 dB; SSIM: 0.6031
INFO: Training: iters 476000/800000 -Time:4614.664874 -LR:0.0000367 -Loss 0.055642 -PSNR: 29.17 dB; -SSIM: 0.8230  -Folder: Turb
INFO: Training: iters 477000/800000 -Time:4583.641693 -LR:0.0000365 -Loss 0.056271 -PSNR: 29.35 dB; -SSIM: 0.8182  -Folder: Turb
INFO: Training: iters 478000/800000 -Time:4578.082684 -LR:0.0000363 -Loss 0.051901 -PSNR: 29.66 dB; -SSIM: 0.8334  -Folder: Turb
INFO: Training: iters 479000/800000 -Time:4577.242935 -LR:0.0000361 -Loss 0.053804 -PSNR: 29.41 dB; -SSIM: 0.8269  -Folder: Turb
INFO: Training: iters 480000/800000 -Time:4576.551898 -LR:0.0000360 -Loss 0.054309 -PSNR: 29.31 dB; -SSIM: 0.8230  -Folder: Turb
INFO: Validation: Iters 480000/800000 - Loss 0.126775 - PSNR: 20.68 dB; SSIM: 0.6323
INFO: Training: iters 481000/800000 -Time:4614.172310 -LR:0.0000358 -Loss 0.052517 -PSNR: 29.59 dB; -SSIM: 0.8298  -Folder: Turb
INFO: Training: iters 482000/800000 -Time:4577.018503 -LR:0.0000356 -Loss 0.054303 -PSNR: 29.38 dB; -SSIM: 0.8248  -Folder: Turb
INFO: Training: iters 483000/800000 -Time:4576.842359 -LR:0.0000354 -Loss 0.056237 -PSNR: 29.26 dB; -SSIM: 0.8189  -Folder: Turb
INFO: Training: iters 484000/800000 -Time:4576.816852 -LR:0.0000352 -Loss 0.051655 -PSNR: 29.68 dB; -SSIM: 0.8329  -Folder: Turb
INFO: Training: iters 485000/800000 -Time:4577.668493 -LR:0.0000350 -Loss 0.056327 -PSNR: 29.27 dB; -SSIM: 0.8174  -Folder: Turb
INFO: Validation: Iters 485000/800000 - Loss 0.126464 - PSNR: 20.56 dB; SSIM: 0.6353
INFO: Training: iters 486000/800000 -Time:4614.278711 -LR:0.0000348 -Loss 0.057900 -PSNR: 29.04 dB; -SSIM: 0.8137  -Folder: Turb
INFO: Training: iters 487000/800000 -Time:4577.319735 -LR:0.0000346 -Loss 0.052862 -PSNR: 29.63 dB; -SSIM: 0.8297  -Folder: Turb
INFO: Training: iters 488000/800000 -Time:4577.218135 -LR:0.0000345 -Loss 0.051777 -PSNR: 29.69 dB; -SSIM: 0.8340  -Folder: Turb
INFO: Training: iters 489000/800000 -Time:4577.225944 -LR:0.0000343 -Loss 0.055510 -PSNR: 29.16 dB; -SSIM: 0.8208  -Folder: Turb
INFO: Training: iters 490000/800000 -Time:4577.268808 -LR:0.0000341 -Loss 0.053592 -PSNR: 29.62 dB; -SSIM: 0.8273  -Folder: Turb
INFO: Validation: Iters 490000/800000 - Loss 0.136768 - PSNR: 20.08 dB; SSIM: 0.5995
INFO: Training: iters 491000/800000 -Time:4615.149937 -LR:0.0000339 -Loss 0.053269 -PSNR: 29.48 dB; -SSIM: 0.8272  -Folder: Turb
INFO: Training: iters 492000/800000 -Time:4578.759362 -LR:0.0000337 -Loss 0.054190 -PSNR: 29.30 dB; -SSIM: 0.8251  -Folder: Turb
INFO: Training: iters 493000/800000 -Time:4579.355833 -LR:0.0000335 -Loss 0.051069 -PSNR: 29.92 dB; -SSIM: 0.8347  -Folder: Turb
INFO: Training: iters 494000/800000 -Time:4578.956555 -LR:0.0000333 -Loss 0.048496 -PSNR: 30.11 dB; -SSIM: 0.8457  -Folder: Turb
INFO: Training: iters 495000/800000 -Time:4579.358151 -LR:0.0000332 -Loss 0.053620 -PSNR: 29.59 dB; -SSIM: 0.8262  -Folder: Turb
INFO: Validation: Iters 495000/800000 - Loss 0.133715 - PSNR: 20.35 dB; SSIM: 0.6027
INFO: Training: iters 496000/800000 -Time:4617.245652 -LR:0.0000330 -Loss 0.053728 -PSNR: 29.43 dB; -SSIM: 0.8272  -Folder: Turb
INFO: Training: iters 497000/800000 -Time:4579.004503 -LR:0.0000328 -Loss 0.055678 -PSNR: 29.21 dB; -SSIM: 0.8186  -Folder: Turb
INFO: Training: iters 498000/800000 -Time:4578.664383 -LR:0.0000326 -Loss 0.052688 -PSNR: 29.64 dB; -SSIM: 0.8290  -Folder: Turb
INFO: Training: iters 499000/800000 -Time:4578.906529 -LR:0.0000324 -Loss 0.051457 -PSNR: 29.80 dB; -SSIM: 0.8341  -Folder: Turb
INFO: Training: iters 500000/800000 -Time:4578.676668 -LR:0.0000322 -Loss 0.051821 -PSNR: 29.75 dB; -SSIM: 0.8327  -Folder: Turb
INFO: Validation: Iters 500000/800000 - Loss 0.129916 - PSNR: 20.35 dB; SSIM: 0.6215
INFO: Training: iters 501000/800000 -Time:4615.853439 -LR:0.0000321 -Loss 0.051781 -PSNR: 29.69 dB; -SSIM: 0.8331  -Folder: Turb
INFO: Training: iters 502000/800000 -Time:4578.984000 -LR:0.0000319 -Loss 0.052214 -PSNR: 29.66 dB; -SSIM: 0.8303  -Folder: Turb
INFO: Training: iters 503000/800000 -Time:4579.011081 -LR:0.0000317 -Loss 0.052402 -PSNR: 29.58 dB; -SSIM: 0.8302  -Folder: Turb
INFO: Training: iters 504000/800000 -Time:4579.039492 -LR:0.0000315 -Loss 0.049942 -PSNR: 29.85 dB; -SSIM: 0.8391  -Folder: Turb
INFO: Training: iters 505000/800000 -Time:4579.225174 -LR:0.0000313 -Loss 0.052422 -PSNR: 29.75 dB; -SSIM: 0.8327  -Folder: Turb
INFO: Validation: Iters 505000/800000 - Loss 0.134558 - PSNR: 20.25 dB; SSIM: 0.5973
INFO: Training: iters 506000/800000 -Time:4616.417901 -LR:0.0000311 -Loss 0.050753 -PSNR: 29.78 dB; -SSIM: 0.8365  -Folder: Turb
INFO: Training: iters 507000/800000 -Time:4579.450697 -LR:0.0000310 -Loss 0.052626 -PSNR: 29.68 dB; -SSIM: 0.8289  -Folder: Turb
INFO: Training: iters 508000/800000 -Time:4579.622384 -LR:0.0000308 -Loss 0.053222 -PSNR: 29.45 dB; -SSIM: 0.8271  -Folder: Turb
INFO: Training: iters 509000/800000 -Time:4579.289517 -LR:0.0000306 -Loss 0.051371 -PSNR: 29.77 dB; -SSIM: 0.8328  -Folder: Turb
INFO: Training: iters 510000/800000 -Time:4578.213911 -LR:0.0000304 -Loss 0.051846 -PSNR: 29.93 dB; -SSIM: 0.8316  -Folder: Turb
INFO: Validation: Iters 510000/800000 - Loss 0.135576 - PSNR: 19.92 dB; SSIM: 0.6086
INFO: Training: iters 511000/800000 -Time:4614.162766 -LR:0.0000302 -Loss 0.050626 -PSNR: 29.96 dB; -SSIM: 0.8354  -Folder: Turb
INFO: Training: iters 512000/800000 -Time:4577.426251 -LR:0.0000301 -Loss 0.053439 -PSNR: 29.78 dB; -SSIM: 0.8266  -Folder: Turb
INFO: Training: iters 513000/800000 -Time:4577.780526 -LR:0.0000299 -Loss 0.051372 -PSNR: 29.78 dB; -SSIM: 0.8332  -Folder: Turb
INFO: Training: iters 514000/800000 -Time:4577.544577 -LR:0.0000297 -Loss 0.052732 -PSNR: 29.59 dB; -SSIM: 0.8286  -Folder: Turb
INFO: Training: iters 515000/800000 -Time:4577.612333 -LR:0.0000295 -Loss 0.052205 -PSNR: 29.65 dB; -SSIM: 0.8308  -Folder: Turb
INFO: Validation: Iters 515000/800000 - Loss 0.132494 - PSNR: 20.29 dB; SSIM: 0.6129
INFO: Training: iters 516000/800000 -Time:4615.313992 -LR:0.0000294 -Loss 0.053117 -PSNR: 29.80 dB; -SSIM: 0.8270  -Folder: Turb
INFO: Training: iters 517000/800000 -Time:4577.713551 -LR:0.0000292 -Loss 0.052595 -PSNR: 29.69 dB; -SSIM: 0.8294  -Folder: Turb
INFO: Training: iters 518000/800000 -Time:4577.345081 -LR:0.0000290 -Loss 0.053389 -PSNR: 29.53 dB; -SSIM: 0.8255  -Folder: Turb
INFO: Training: iters 519000/800000 -Time:4577.353196 -LR:0.0000288 -Loss 0.054838 -PSNR: 29.49 dB; -SSIM: 0.8222  -Folder: Turb
INFO: Training: iters 520000/800000 -Time:4577.297323 -LR:0.0000286 -Loss 0.050706 -PSNR: 29.84 dB; -SSIM: 0.8359  -Folder: Turb
INFO: Validation: Iters 520000/800000 - Loss 0.131563 - PSNR: 20.14 dB; SSIM: 0.6215
INFO: Training: iters 521000/800000 -Time:4614.614883 -LR:0.0000285 -Loss 0.053168 -PSNR: 29.58 dB; -SSIM: 0.8271  -Folder: Turb
INFO: Training: iters 522000/800000 -Time:4577.223544 -LR:0.0000283 -Loss 0.052018 -PSNR: 29.89 dB; -SSIM: 0.8295  -Folder: Turb
INFO: Training: iters 523000/800000 -Time:4577.228022 -LR:0.0000281 -Loss 0.051404 -PSNR: 29.78 dB; -SSIM: 0.8331  -Folder: Turb
INFO: Training: iters 524000/800000 -Time:4577.465694 -LR:0.0000279 -Loss 0.053974 -PSNR: 29.46 dB; -SSIM: 0.8255  -Folder: Turb
INFO: Training: iters 525000/800000 -Time:4577.164516 -LR:0.0000278 -Loss 0.053138 -PSNR: 29.57 dB; -SSIM: 0.8262  -Folder: Turb
INFO: Validation: Iters 525000/800000 - Loss 0.135876 - PSNR: 19.87 dB; SSIM: 0.6086
INFO: Training: iters 526000/800000 -Time:4614.762386 -LR:0.0000276 -Loss 0.050969 -PSNR: 29.87 dB; -SSIM: 0.8359  -Folder: Turb
INFO: Training: iters 527000/800000 -Time:4577.985388 -LR:0.0000274 -Loss 0.053375 -PSNR: 29.70 dB; -SSIM: 0.8252  -Folder: Turb
INFO: Training: iters 528000/800000 -Time:4577.848410 -LR:0.0000272 -Loss 0.054615 -PSNR: 29.25 dB; -SSIM: 0.8218  -Folder: Turb
INFO: Training: iters 529000/800000 -Time:4579.080919 -LR:0.0000271 -Loss 0.051773 -PSNR: 29.83 dB; -SSIM: 0.8314  -Folder: Turb
INFO: Training: iters 530000/800000 -Time:4579.594400 -LR:0.0000269 -Loss 0.052612 -PSNR: 29.70 dB; -SSIM: 0.8299  -Folder: Turb
INFO: Validation: Iters 530000/800000 - Loss 0.132879 - PSNR: 20.39 dB; SSIM: 0.6037
INFO: Training: iters 531000/800000 -Time:4617.327223 -LR:0.0000267 -Loss 0.050432 -PSNR: 29.92 dB; -SSIM: 0.8358  -Folder: Turb
INFO: Training: iters 532000/800000 -Time:4579.394967 -LR:0.0000265 -Loss 0.051308 -PSNR: 29.72 dB; -SSIM: 0.8332  -Folder: Turb
INFO: Training: iters 533000/800000 -Time:4579.213290 -LR:0.0000264 -Loss 0.049382 -PSNR: 30.15 dB; -SSIM: 0.8416  -Folder: Turb
INFO: Training: iters 534000/800000 -Time:4579.303123 -LR:0.0000262 -Loss 0.051736 -PSNR: 29.82 dB; -SSIM: 0.8332  -Folder: Turb
INFO: Training: iters 535000/800000 -Time:4579.237286 -LR:0.0000260 -Loss 0.051505 -PSNR: 29.77 dB; -SSIM: 0.8327  -Folder: Turb
INFO: Validation: Iters 535000/800000 - Loss 0.133177 - PSNR: 20.47 dB; SSIM: 0.6029
INFO: Training: iters 536000/800000 -Time:4617.318253 -LR:0.0000259 -Loss 0.053377 -PSNR: 29.64 dB; -SSIM: 0.8256  -Folder: Turb
INFO: Training: iters 537000/800000 -Time:4579.981339 -LR:0.0000257 -Loss 0.049739 -PSNR: 30.05 dB; -SSIM: 0.8380  -Folder: Turb
INFO: Training: iters 538000/800000 -Time:4579.538322 -LR:0.0000255 -Loss 0.050999 -PSNR: 29.89 dB; -SSIM: 0.8340  -Folder: Turb
INFO: Training: iters 539000/800000 -Time:4579.405560 -LR:0.0000254 -Loss 0.050923 -PSNR: 29.93 dB; -SSIM: 0.8338  -Folder: Turb
INFO: Training: iters 540000/800000 -Time:4579.635605 -LR:0.0000252 -Loss 0.051436 -PSNR: 29.91 dB; -SSIM: 0.8342  -Folder: Turb
INFO: Validation: Iters 540000/800000 - Loss 0.126114 - PSNR: 20.46 dB; SSIM: 0.6398
INFO: Training: iters 541000/800000 -Time:4616.681043 -LR:0.0000250 -Loss 0.051694 -PSNR: 29.88 dB; -SSIM: 0.8331  -Folder: Turb
INFO: Training: iters 542000/800000 -Time:4579.535741 -LR:0.0000248 -Loss 0.052081 -PSNR: 29.74 dB; -SSIM: 0.8314  -Folder: Turb
INFO: Training: iters 543000/800000 -Time:4579.227510 -LR:0.0000247 -Loss 0.053666 -PSNR: 29.66 dB; -SSIM: 0.8255  -Folder: Turb
INFO: Training: iters 544000/800000 -Time:4579.442455 -LR:0.0000245 -Loss 0.050995 -PSNR: 29.96 dB; -SSIM: 0.8351  -Folder: Turb
INFO: Training: iters 545000/800000 -Time:4579.640103 -LR:0.0000243 -Loss 0.050020 -PSNR: 29.94 dB; -SSIM: 0.8376  -Folder: Turb
INFO: Validation: Iters 545000/800000 - Loss 0.130915 - PSNR: 20.38 dB; SSIM: 0.6177
INFO: Training: iters 546000/800000 -Time:4616.666841 -LR:0.0000242 -Loss 0.053014 -PSNR: 29.66 dB; -SSIM: 0.8257  -Folder: Turb
INFO: Training: iters 547000/800000 -Time:4579.542946 -LR:0.0000240 -Loss 0.053168 -PSNR: 29.78 dB; -SSIM: 0.8261  -Folder: Turb
INFO: Training: iters 548000/800000 -Time:4579.744170 -LR:0.0000238 -Loss 0.050474 -PSNR: 30.11 dB; -SSIM: 0.8359  -Folder: Turb
INFO: Training: iters 549000/800000 -Time:4579.579198 -LR:0.0000237 -Loss 0.053578 -PSNR: 29.56 dB; -SSIM: 0.8260  -Folder: Turb
INFO: Training: iters 550000/800000 -Time:4579.084054 -LR:0.0000235 -Loss 0.053733 -PSNR: 29.69 dB; -SSIM: 0.8259  -Folder: Turb
INFO: Validation: Iters 550000/800000 - Loss 0.134154 - PSNR: 20.02 dB; SSIM: 0.6129
INFO: Training: iters 551000/800000 -Time:4616.268572 -LR:0.0000233 -Loss 0.053045 -PSNR: 29.76 dB; -SSIM: 0.8268  -Folder: Turb
INFO: Training: iters 552000/800000 -Time:4578.577876 -LR:0.0000232 -Loss 0.048678 -PSNR: 30.21 dB; -SSIM: 0.8437  -Folder: Turb
INFO: Training: iters 553000/800000 -Time:4579.130562 -LR:0.0000230 -Loss 0.049466 -PSNR: 29.98 dB; -SSIM: 0.8389  -Folder: Turb
INFO: Training: iters 554000/800000 -Time:4580.065520 -LR:0.0000229 -Loss 0.050357 -PSNR: 30.12 dB; -SSIM: 0.8371  -Folder: Turb
INFO: Training: iters 555000/800000 -Time:4579.818079 -LR:0.0000227 -Loss 0.052259 -PSNR: 29.84 dB; -SSIM: 0.8288  -Folder: Turb
INFO: Validation: Iters 555000/800000 - Loss 0.137031 - PSNR: 19.94 dB; SSIM: 0.6037
INFO: Training: iters 556000/800000 -Time:4617.297792 -LR:0.0000225 -Loss 0.052144 -PSNR: 29.86 dB; -SSIM: 0.8306  -Folder: Turb
INFO: Training: iters 557000/800000 -Time:4579.583706 -LR:0.0000224 -Loss 0.052728 -PSNR: 29.80 dB; -SSIM: 0.8273  -Folder: Turb
INFO: Training: iters 558000/800000 -Time:4579.893243 -LR:0.0000222 -Loss 0.049322 -PSNR: 30.07 dB; -SSIM: 0.8399  -Folder: Turb
INFO: Training: iters 559000/800000 -Time:4579.905245 -LR:0.0000220 -Loss 0.052025 -PSNR: 29.79 dB; -SSIM: 0.8302  -Folder: Turb
INFO: Training: iters 560000/800000 -Time:4580.108313 -LR:0.0000219 -Loss 0.055822 -PSNR: 29.44 dB; -SSIM: 0.8174  -Folder: Turb
INFO: Validation: Iters 560000/800000 - Loss 0.136573 - PSNR: 20.13 dB; SSIM: 0.6003
INFO: Training: iters 561000/800000 -Time:4617.181401 -LR:0.0000217 -Loss 0.050334 -PSNR: 30.12 dB; -SSIM: 0.8372  -Folder: Turb
INFO: Training: iters 562000/800000 -Time:4579.866108 -LR:0.0000216 -Loss 0.051067 -PSNR: 29.86 dB; -SSIM: 0.8324  -Folder: Turb
INFO: Training: iters 563000/800000 -Time:4579.669154 -LR:0.0000214 -Loss 0.047715 -PSNR: 30.18 dB; -SSIM: 0.8451  -Folder: Turb
INFO: Training: iters 564000/800000 -Time:4579.866543 -LR:0.0000212 -Loss 0.047508 -PSNR: 30.29 dB; -SSIM: 0.8446  -Folder: Turb
INFO: Training: iters 565000/800000 -Time:4579.976415 -LR:0.0000211 -Loss 0.051722 -PSNR: 30.02 dB; -SSIM: 0.8306  -Folder: Turb
INFO: Validation: Iters 565000/800000 - Loss 0.130602 - PSNR: 20.31 dB; SSIM: 0.6229
INFO: Training: iters 566000/800000 -Time:4617.453933 -LR:0.0000209 -Loss 0.051967 -PSNR: 29.77 dB; -SSIM: 0.8296  -Folder: Turb
INFO: Training: iters 567000/800000 -Time:4579.371050 -LR:0.0000208 -Loss 0.051867 -PSNR: 29.79 dB; -SSIM: 0.8288  -Folder: Turb
INFO: Training: iters 568000/800000 -Time:4579.449802 -LR:0.0000206 -Loss 0.050916 -PSNR: 29.97 dB; -SSIM: 0.8344  -Folder: Turb
INFO: Training: iters 569000/800000 -Time:4597.568773 -LR:0.0000205 -Loss 0.051757 -PSNR: 29.83 dB; -SSIM: 0.8316  -Folder: Turb
INFO: Training: iters 570000/800000 -Time:4679.279266 -LR:0.0000203 -Loss 0.051948 -PSNR: 29.99 dB; -SSIM: 0.8302  -Folder: Turb
INFO: Validation: Iters 570000/800000 - Loss 0.132072 - PSNR: 20.17 dB; SSIM: 0.6153
INFO: Training: iters 571000/800000 -Time:4717.084028 -LR:0.0000201 -Loss 0.051076 -PSNR: 29.87 dB; -SSIM: 0.8330  -Folder: Turb
INFO: Training: iters 572000/800000 -Time:4679.506828 -LR:0.0000200 -Loss 0.051820 -PSNR: 29.78 dB; -SSIM: 0.8308  -Folder: Turb
INFO: Training: iters 573000/800000 -Time:4679.264841 -LR:0.0000198 -Loss 0.051403 -PSNR: 29.87 dB; -SSIM: 0.8318  -Folder: Turb
INFO: Training: iters 574000/800000 -Time:4679.569850 -LR:0.0000197 -Loss 0.049068 -PSNR: 30.15 dB; -SSIM: 0.8400  -Folder: Turb
INFO: Training: iters 575000/800000 -Time:4679.919905 -LR:0.0000195 -Loss 0.050987 -PSNR: 30.01 dB; -SSIM: 0.8327  -Folder: Turb
INFO: Validation: Iters 575000/800000 - Loss 0.131159 - PSNR: 20.24 dB; SSIM: 0.6159
INFO: Training: iters 576000/800000 -Time:4717.778457 -LR:0.0000194 -Loss 0.053313 -PSNR: 29.75 dB; -SSIM: 0.8229  -Folder: Turb
INFO: Training: iters 577000/800000 -Time:4679.896992 -LR:0.0000192 -Loss 0.050780 -PSNR: 30.06 dB; -SSIM: 0.8328  -Folder: Turb
INFO: Training: iters 578000/800000 -Time:4678.853842 -LR:0.0000191 -Loss 0.051227 -PSNR: 29.98 dB; -SSIM: 0.8309  -Folder: Turb
INFO: Training: iters 579000/800000 -Time:4679.510355 -LR:0.0000189 -Loss 0.048289 -PSNR: 30.38 dB; -SSIM: 0.8424  -Folder: Turb
INFO: Training: iters 580000/800000 -Time:4679.327235 -LR:0.0000188 -Loss 0.050545 -PSNR: 30.07 dB; -SSIM: 0.8351  -Folder: Turb
INFO: Validation: Iters 580000/800000 - Loss 0.126199 - PSNR: 20.54 dB; SSIM: 0.6357
INFO: Training: iters 581000/800000 -Time:4717.589232 -LR:0.0000186 -Loss 0.050709 -PSNR: 29.97 dB; -SSIM: 0.8347  -Folder: Turb
INFO: Training: iters 582000/800000 -Time:4680.072388 -LR:0.0000185 -Loss 0.052975 -PSNR: 29.77 dB; -SSIM: 0.8249  -Folder: Turb
INFO: Training: iters 583000/800000 -Time:4679.264456 -LR:0.0000183 -Loss 0.052775 -PSNR: 29.80 dB; -SSIM: 0.8281  -Folder: Turb
INFO: Training: iters 584000/800000 -Time:4679.007080 -LR:0.0000182 -Loss 0.049533 -PSNR: 30.11 dB; -SSIM: 0.8384  -Folder: Turb
INFO: Training: iters 585000/800000 -Time:4678.441749 -LR:0.0000180 -Loss 0.052963 -PSNR: 29.85 dB; -SSIM: 0.8263  -Folder: Turb
INFO: Validation: Iters 585000/800000 - Loss 0.132218 - PSNR: 20.33 dB; SSIM: 0.6099
INFO: Training: iters 586000/800000 -Time:4715.574049 -LR:0.0000179 -Loss 0.052481 -PSNR: 29.78 dB; -SSIM: 0.8285  -Folder: Turb
INFO: Training: iters 587000/800000 -Time:4678.251390 -LR:0.0000177 -Loss 0.051240 -PSNR: 29.95 dB; -SSIM: 0.8321  -Folder: Turb
