INFO: __CUDNN VERSION: 8907
__Number CUDA Devices: 1
__CUDA Device Name: NVIDIA RTX A5000
__CUDA Device Total Memory [GB]: 23.669921875
INFO: Starting training:
        Total_iters:     800000
        Start_iters:     1
        Batch size:      1
        Learning rate:   0.0001
        Training size:   167
        Validation size: 48 
        Checkpoints:     /home/sebastian/sebas/TMT-Sebas/logs/mixedTresMetrics_08-02-2024-14-37-24/checkpoints
    
INFO: Training: iters 1000/800000 -Time:2217.800988 -LR:0.0000100 -Loss 0.230904 -PSNR: 16.16 dB; SSIM: 0.3163
INFO: Training: iters 2000/800000 -Time:2216.146669 -LR:0.0000200 -Loss 0.163605 -PSNR: 18.83 dB; SSIM: 0.4563
INFO: Training: iters 3000/800000 -Time:2221.220289 -LR:0.0000300 -Loss 0.154293 -PSNR: 19.20 dB; SSIM: 0.5031
INFO: Training: iters 4000/800000 -Time:2220.377640 -LR:0.0000400 -Loss 0.151288 -PSNR: 19.37 dB; SSIM: 0.5214
INFO: Training: iters 5000/800000 -Time:2220.589106 -LR:0.0000500 -Loss 0.147080 -PSNR: 19.55 dB; SSIM: 0.5391
INFO: Validation: Iters 5000/800000 - Loss 0.150945 - PSNR: 19.79 dB; SSIM: 0.5286
INFO: Training: iters 6000/800000 -Time:2251.049049 -LR:0.0000600 -Loss 0.145972 -PSNR: 19.69 dB; SSIM: 0.5421
INFO: Training: iters 7000/800000 -Time:2218.999727 -LR:0.0000700 -Loss 0.142771 -PSNR: 19.84 dB; SSIM: 0.5480
INFO: Training: iters 8000/800000 -Time:2220.517283 -LR:0.0000800 -Loss 0.138406 -PSNR: 20.00 dB; SSIM: 0.5645
INFO: Training: iters 9000/800000 -Time:2220.374595 -LR:0.0000900 -Loss 0.135326 -PSNR: 20.09 dB; SSIM: 0.5671
INFO: Training: iters 10000/800000 -Time:2221.092071 -LR:0.0001000 -Loss 0.130903 -PSNR: 20.23 dB; SSIM: 0.5832
INFO: Validation: Iters 10000/800000 - Loss 0.124538 - PSNR: 20.50 dB; SSIM: 0.6043
INFO: Training: iters 11000/800000 -Time:2254.614757 -LR:0.0001000 -Loss 0.130390 -PSNR: 20.21 dB; SSIM: 0.5896
INFO: Training: iters 12000/800000 -Time:2221.441103 -LR:0.0001000 -Loss 0.129793 -PSNR: 20.18 dB; SSIM: 0.5953
INFO: Training: iters 13000/800000 -Time:2221.590570 -LR:0.0001000 -Loss 0.126002 -PSNR: 20.43 dB; SSIM: 0.6016
INFO: Training: iters 14000/800000 -Time:2221.783614 -LR:0.0001000 -Loss 0.125113 -PSNR: 20.39 dB; SSIM: 0.6122
INFO: Training: iters 15000/800000 -Time:2221.472681 -LR:0.0001000 -Loss 0.123826 -PSNR: 20.54 dB; SSIM: 0.6144
INFO: Validation: Iters 15000/800000 - Loss 0.140268 - PSNR: 19.99 dB; SSIM: 0.5679
INFO: Training: iters 16000/800000 -Time:2254.632854 -LR:0.0001000 -Loss 0.124476 -PSNR: 20.49 dB; SSIM: 0.6122
INFO: Training: iters 17000/800000 -Time:2221.741912 -LR:0.0001000 -Loss 0.122508 -PSNR: 20.61 dB; SSIM: 0.6212
INFO: Training: iters 18000/800000 -Time:2221.776079 -LR:0.0001000 -Loss 0.121617 -PSNR: 20.59 dB; SSIM: 0.6266
INFO: Training: iters 19000/800000 -Time:2221.738639 -LR:0.0001000 -Loss 0.122099 -PSNR: 20.60 dB; SSIM: 0.6214
INFO: Training: iters 20000/800000 -Time:2221.423555 -LR:0.0001000 -Loss 0.121938 -PSNR: 20.57 dB; SSIM: 0.6255
INFO: Validation: Iters 20000/800000 - Loss 0.153351 - PSNR: 19.35 dB; SSIM: 0.5323
INFO: Training: iters 21000/800000 -Time:2254.599146 -LR:0.0001000 -Loss 0.119888 -PSNR: 20.71 dB; SSIM: 0.6273
INFO: Training: iters 22000/800000 -Time:2221.530066 -LR:0.0000999 -Loss 0.121013 -PSNR: 20.68 dB; SSIM: 0.6259
INFO: Training: iters 23000/800000 -Time:2221.621173 -LR:0.0000999 -Loss 0.119933 -PSNR: 20.76 dB; SSIM: 0.6295
INFO: Training: iters 24000/800000 -Time:2221.453534 -LR:0.0000999 -Loss 0.118896 -PSNR: 20.84 dB; SSIM: 0.6326
INFO: Training: iters 25000/800000 -Time:2221.879224 -LR:0.0000999 -Loss 0.118666 -PSNR: 20.85 dB; SSIM: 0.6345
INFO: Validation: Iters 25000/800000 - Loss 0.133823 - PSNR: 20.37 dB; SSIM: 0.5743
INFO: Training: iters 26000/800000 -Time:2254.679173 -LR:0.0000999 -Loss 0.117339 -PSNR: 20.95 dB; SSIM: 0.6372
INFO: Training: iters 27000/800000 -Time:2221.686575 -LR:0.0000999 -Loss 0.120543 -PSNR: 20.76 dB; SSIM: 0.6245
INFO: Training: iters 28000/800000 -Time:2222.151870 -LR:0.0000999 -Loss 0.117058 -PSNR: 20.91 dB; SSIM: 0.6388
INFO: Training: iters 29000/800000 -Time:2222.109819 -LR:0.0000999 -Loss 0.117375 -PSNR: 20.91 dB; SSIM: 0.6357
INFO: Training: iters 30000/800000 -Time:2222.314949 -LR:0.0000998 -Loss 0.119978 -PSNR: 20.79 dB; SSIM: 0.6267
INFO: Validation: Iters 30000/800000 - Loss 0.132899 - PSNR: 20.32 dB; SSIM: 0.5959
INFO: Training: iters 31000/800000 -Time:2257.321177 -LR:0.0000998 -Loss 0.115566 -PSNR: 20.98 dB; SSIM: 0.6409
INFO: Training: iters 32000/800000 -Time:2223.286148 -LR:0.0000998 -Loss 0.116399 -PSNR: 20.97 dB; SSIM: 0.6402
INFO: Training: iters 33000/800000 -Time:2221.396565 -LR:0.0000998 -Loss 0.113695 -PSNR: 21.11 dB; SSIM: 0.6474
INFO: Training: iters 34000/800000 -Time:2221.136791 -LR:0.0000998 -Loss 0.114811 -PSNR: 21.09 dB; SSIM: 0.6446
INFO: Training: iters 35000/800000 -Time:2221.136788 -LR:0.0000998 -Loss 0.118267 -PSNR: 20.93 dB; SSIM: 0.6323
INFO: Validation: Iters 35000/800000 - Loss 0.132150 - PSNR: 20.50 dB; SSIM: 0.5915
INFO: Training: iters 36000/800000 -Time:2254.650473 -LR:0.0000997 -Loss 0.114339 -PSNR: 21.15 dB; SSIM: 0.6456
INFO: Training: iters 37000/800000 -Time:2221.599519 -LR:0.0000997 -Loss 0.116374 -PSNR: 21.05 dB; SSIM: 0.6372
INFO: Training: iters 38000/800000 -Time:2221.475602 -LR:0.0000997 -Loss 0.115577 -PSNR: 21.05 dB; SSIM: 0.6402
INFO: Training: iters 39000/800000 -Time:2222.115523 -LR:0.0000997 -Loss 0.112645 -PSNR: 21.24 dB; SSIM: 0.6477
INFO: Training: iters 40000/800000 -Time:2222.349447 -LR:0.0000996 -Loss 0.114419 -PSNR: 21.15 dB; SSIM: 0.6461
INFO: Validation: Iters 40000/800000 - Loss 0.133768 - PSNR: 20.26 dB; SSIM: 0.5921
INFO: Training: iters 41000/800000 -Time:2255.298292 -LR:0.0000996 -Loss 0.114718 -PSNR: 21.22 dB; SSIM: 0.6414
INFO: Training: iters 42000/800000 -Time:2222.635808 -LR:0.0000996 -Loss 0.111818 -PSNR: 21.36 dB; SSIM: 0.6523
INFO: Training: iters 43000/800000 -Time:2223.481914 -LR:0.0000996 -Loss 0.115988 -PSNR: 21.08 dB; SSIM: 0.6359
INFO: Training: iters 44000/800000 -Time:2223.785337 -LR:0.0000995 -Loss 0.111191 -PSNR: 21.45 dB; SSIM: 0.6531
INFO: Training: iters 45000/800000 -Time:2223.701684 -LR:0.0000995 -Loss 0.113859 -PSNR: 21.21 dB; SSIM: 0.6452
INFO: Validation: Iters 45000/800000 - Loss 0.140594 - PSNR: 20.05 dB; SSIM: 0.5735
INFO: Training: iters 46000/800000 -Time:2256.575194 -LR:0.0000995 -Loss 0.112472 -PSNR: 21.25 dB; SSIM: 0.6501
INFO: Training: iters 47000/800000 -Time:2223.220711 -LR:0.0000995 -Loss 0.113424 -PSNR: 21.30 dB; SSIM: 0.6446
INFO: Training: iters 48000/800000 -Time:2223.423840 -LR:0.0000994 -Loss 0.111475 -PSNR: 21.30 dB; SSIM: 0.6537
INFO: Training: iters 49000/800000 -Time:2222.863654 -LR:0.0000994 -Loss 0.114210 -PSNR: 21.25 dB; SSIM: 0.6425
INFO: Training: iters 50000/800000 -Time:2223.126916 -LR:0.0000994 -Loss 0.111458 -PSNR: 21.41 dB; SSIM: 0.6511
INFO: Validation: Iters 50000/800000 - Loss 0.128603 - PSNR: 20.44 dB; SSIM: 0.6103
INFO: Training: iters 51000/800000 -Time:2255.854237 -LR:0.0000993 -Loss 0.113951 -PSNR: 21.32 dB; SSIM: 0.6409
INFO: Training: iters 52000/800000 -Time:2222.809210 -LR:0.0000993 -Loss 0.112072 -PSNR: 21.41 dB; SSIM: 0.6495
INFO: Training: iters 53000/800000 -Time:2223.128865 -LR:0.0000993 -Loss 0.111061 -PSNR: 21.44 dB; SSIM: 0.6542
INFO: Training: iters 54000/800000 -Time:2223.142502 -LR:0.0000992 -Loss 0.110019 -PSNR: 21.46 dB; SSIM: 0.6572
INFO: Training: iters 55000/800000 -Time:2222.699317 -LR:0.0000992 -Loss 0.110506 -PSNR: 21.56 dB; SSIM: 0.6514
INFO: Validation: Iters 55000/800000 - Loss 0.126311 - PSNR: 20.67 dB; SSIM: 0.6194
INFO: Training: iters 56000/800000 -Time:2256.056918 -LR:0.0000992 -Loss 0.111758 -PSNR: 21.46 dB; SSIM: 0.6509
INFO: Training: iters 57000/800000 -Time:2222.938320 -LR:0.0000991 -Loss 0.110971 -PSNR: 21.50 dB; SSIM: 0.6517
INFO: Training: iters 58000/800000 -Time:2222.458777 -LR:0.0000991 -Loss 0.109961 -PSNR: 21.57 dB; SSIM: 0.6506
INFO: Training: iters 59000/800000 -Time:2223.021996 -LR:0.0000991 -Loss 0.109436 -PSNR: 21.62 dB; SSIM: 0.6559
INFO: Training: iters 60000/800000 -Time:2222.404579 -LR:0.0000990 -Loss 0.110055 -PSNR: 21.55 dB; SSIM: 0.6558
INFO: Validation: Iters 60000/800000 - Loss 0.117810 - PSNR: 20.76 dB; SSIM: 0.6499
INFO: Training: iters 61000/800000 -Time:2256.122756 -LR:0.0000990 -Loss 0.111307 -PSNR: 21.46 dB; SSIM: 0.6521
INFO: Training: iters 62000/800000 -Time:2222.450212 -LR:0.0000989 -Loss 0.108644 -PSNR: 21.70 dB; SSIM: 0.6581
INFO: Training: iters 63000/800000 -Time:2222.726346 -LR:0.0000989 -Loss 0.109372 -PSNR: 21.65 dB; SSIM: 0.6567
INFO: Training: iters 64000/800000 -Time:2222.554645 -LR:0.0000989 -Loss 0.111516 -PSNR: 21.49 dB; SSIM: 0.6507
INFO: Training: iters 65000/800000 -Time:2222.391420 -LR:0.0000988 -Loss 0.110204 -PSNR: 21.66 dB; SSIM: 0.6528
INFO: Validation: Iters 65000/800000 - Loss 0.121838 - PSNR: 20.77 dB; SSIM: 0.6390
INFO: Training: iters 66000/800000 -Time:2255.900303 -LR:0.0000988 -Loss 0.108841 -PSNR: 21.69 dB; SSIM: 0.6579
INFO: Training: iters 67000/800000 -Time:2222.396376 -LR:0.0000987 -Loss 0.110142 -PSNR: 21.64 dB; SSIM: 0.6541
INFO: Training: iters 68000/800000 -Time:2222.274613 -LR:0.0000987 -Loss 0.110329 -PSNR: 21.55 dB; SSIM: 0.6545
INFO: Training: iters 69000/800000 -Time:2222.264405 -LR:0.0000986 -Loss 0.107263 -PSNR: 21.72 dB; SSIM: 0.6632
INFO: Training: iters 70000/800000 -Time:2221.241121 -LR:0.0000986 -Loss 0.109515 -PSNR: 21.65 dB; SSIM: 0.6565
INFO: Validation: Iters 70000/800000 - Loss 0.125595 - PSNR: 20.65 dB; SSIM: 0.6272
INFO: Training: iters 71000/800000 -Time:2254.293445 -LR:0.0000986 -Loss 0.110356 -PSNR: 21.74 dB; SSIM: 0.6515
INFO: Training: iters 72000/800000 -Time:2221.214919 -LR:0.0000985 -Loss 0.108920 -PSNR: 21.70 dB; SSIM: 0.6564
INFO: Training: iters 73000/800000 -Time:2221.355377 -LR:0.0000985 -Loss 0.107724 -PSNR: 21.85 dB; SSIM: 0.6612
INFO: Training: iters 74000/800000 -Time:2221.528601 -LR:0.0000984 -Loss 0.106041 -PSNR: 21.88 dB; SSIM: 0.6661
INFO: Training: iters 75000/800000 -Time:2221.524383 -LR:0.0000984 -Loss 0.104895 -PSNR: 22.04 dB; SSIM: 0.6678
INFO: Validation: Iters 75000/800000 - Loss 0.124708 - PSNR: 20.53 dB; SSIM: 0.6391
INFO: Training: iters 76000/800000 -Time:2255.017648 -LR:0.0000983 -Loss 0.105959 -PSNR: 22.00 dB; SSIM: 0.6644
INFO: Training: iters 77000/800000 -Time:2222.552417 -LR:0.0000983 -Loss 0.105491 -PSNR: 22.00 dB; SSIM: 0.6675
INFO: Training: iters 78000/800000 -Time:2222.645884 -LR:0.0000982 -Loss 0.107720 -PSNR: 21.85 dB; SSIM: 0.6599
INFO: Training: iters 79000/800000 -Time:2222.794719 -LR:0.0000981 -Loss 0.104116 -PSNR: 22.08 dB; SSIM: 0.6737
INFO: Training: iters 80000/800000 -Time:2223.530364 -LR:0.0000981 -Loss 0.104722 -PSNR: 22.03 dB; SSIM: 0.6706
INFO: Validation: Iters 80000/800000 - Loss 0.120062 - PSNR: 20.97 dB; SSIM: 0.6246
INFO: Training: iters 81000/800000 -Time:2256.995671 -LR:0.0000980 -Loss 0.105921 -PSNR: 22.04 dB; SSIM: 0.6649
INFO: Training: iters 82000/800000 -Time:2223.912637 -LR:0.0000980 -Loss 0.105845 -PSNR: 21.95 dB; SSIM: 0.6673
INFO: Training: iters 83000/800000 -Time:2223.675175 -LR:0.0000979 -Loss 0.104030 -PSNR: 22.11 dB; SSIM: 0.6710
INFO: Training: iters 84000/800000 -Time:2224.040825 -LR:0.0000979 -Loss 0.105990 -PSNR: 22.05 dB; SSIM: 0.6642
INFO: Training: iters 85000/800000 -Time:2224.349009 -LR:0.0000978 -Loss 0.102169 -PSNR: 22.23 dB; SSIM: 0.6753
INFO: Validation: Iters 85000/800000 - Loss 0.125126 - PSNR: 20.61 dB; SSIM: 0.6319
INFO: Training: iters 86000/800000 -Time:2257.248188 -LR:0.0000978 -Loss 0.105847 -PSNR: 22.07 dB; SSIM: 0.6613
INFO: Training: iters 87000/800000 -Time:2223.681821 -LR:0.0000977 -Loss 0.106695 -PSNR: 21.99 dB; SSIM: 0.6608
INFO: Training: iters 88000/800000 -Time:2223.626866 -LR:0.0000976 -Loss 0.107350 -PSNR: 22.01 dB; SSIM: 0.6588
INFO: Training: iters 89000/800000 -Time:2223.873890 -LR:0.0000976 -Loss 0.102905 -PSNR: 22.26 dB; SSIM: 0.6743
INFO: Training: iters 90000/800000 -Time:2223.540225 -LR:0.0000975 -Loss 0.104617 -PSNR: 22.12 dB; SSIM: 0.6683
INFO: Validation: Iters 90000/800000 - Loss 0.118753 - PSNR: 21.09 dB; SSIM: 0.6589
INFO: Training: iters 91000/800000 -Time:2256.917443 -LR:0.0000975 -Loss 0.102929 -PSNR: 22.33 dB; SSIM: 0.6730
INFO: Training: iters 92000/800000 -Time:2223.664735 -LR:0.0000974 -Loss 0.103888 -PSNR: 22.22 dB; SSIM: 0.6714
INFO: Training: iters 93000/800000 -Time:2223.474396 -LR:0.0000973 -Loss 0.103718 -PSNR: 22.25 dB; SSIM: 0.6714
INFO: Training: iters 94000/800000 -Time:2223.566146 -LR:0.0000973 -Loss 0.103244 -PSNR: 22.25 dB; SSIM: 0.6760
INFO: Training: iters 95000/800000 -Time:2223.531741 -LR:0.0000972 -Loss 0.104668 -PSNR: 22.22 dB; SSIM: 0.6680
INFO: Validation: Iters 95000/800000 - Loss 0.121916 - PSNR: 20.73 dB; SSIM: 0.6458
INFO: Training: iters 96000/800000 -Time:2256.283381 -LR:0.0000971 -Loss 0.101490 -PSNR: 22.47 dB; SSIM: 0.6776
INFO: Training: iters 97000/800000 -Time:2223.337963 -LR:0.0000971 -Loss 0.101678 -PSNR: 22.46 dB; SSIM: 0.6776
INFO: Training: iters 98000/800000 -Time:2223.220868 -LR:0.0000970 -Loss 0.102657 -PSNR: 22.33 dB; SSIM: 0.6740
INFO: Training: iters 99000/800000 -Time:2223.297547 -LR:0.0000969 -Loss 0.099672 -PSNR: 22.59 dB; SSIM: 0.6827
INFO: Training: iters 100000/800000 -Time:2223.604718 -LR:0.0000969 -Loss 0.104292 -PSNR: 22.26 dB; SSIM: 0.6700
INFO: Validation: Iters 100000/800000 - Loss 0.128491 - PSNR: 20.50 dB; SSIM: 0.6192
INFO: Training: iters 101000/800000 -Time:2256.216210 -LR:0.0000968 -Loss 0.099243 -PSNR: 22.64 dB; SSIM: 0.6834
INFO: Training: iters 102000/800000 -Time:2222.828414 -LR:0.0000967 -Loss 0.099583 -PSNR: 22.60 dB; SSIM: 0.6826
INFO: Training: iters 103000/800000 -Time:2222.314320 -LR:0.0000967 -Loss 0.101541 -PSNR: 22.43 dB; SSIM: 0.6793
INFO: Training: iters 104000/800000 -Time:2221.124161 -LR:0.0000966 -Loss 0.102846 -PSNR: 22.40 dB; SSIM: 0.6747
INFO: Training: iters 105000/800000 -Time:2221.716572 -LR:0.0000965 -Loss 0.101267 -PSNR: 22.42 dB; SSIM: 0.6799
INFO: Validation: Iters 105000/800000 - Loss 0.130826 - PSNR: 20.22 dB; SSIM: 0.6097
INFO: Training: iters 106000/800000 -Time:2254.815541 -LR:0.0000964 -Loss 0.097191 -PSNR: 22.76 dB; SSIM: 0.6931
INFO: Training: iters 107000/800000 -Time:2221.492688 -LR:0.0000964 -Loss 0.098848 -PSNR: 22.64 dB; SSIM: 0.6892
INFO: Training: iters 108000/800000 -Time:2221.640228 -LR:0.0000963 -Loss 0.097295 -PSNR: 22.80 dB; SSIM: 0.6909
INFO: Training: iters 109000/800000 -Time:2221.338210 -LR:0.0000962 -Loss 0.098861 -PSNR: 22.66 dB; SSIM: 0.6876
INFO: Training: iters 110000/800000 -Time:2221.342612 -LR:0.0000961 -Loss 0.101124 -PSNR: 22.51 dB; SSIM: 0.6796
INFO: Validation: Iters 110000/800000 - Loss 0.121415 - PSNR: 20.69 dB; SSIM: 0.6503
INFO: Training: iters 111000/800000 -Time:2254.188010 -LR:0.0000961 -Loss 0.097306 -PSNR: 22.82 dB; SSIM: 0.6903
INFO: Training: iters 112000/800000 -Time:2221.212178 -LR:0.0000960 -Loss 0.099840 -PSNR: 22.66 dB; SSIM: 0.6845
INFO: Training: iters 113000/800000 -Time:2220.963980 -LR:0.0000959 -Loss 0.093422 -PSNR: 23.15 dB; SSIM: 0.7026
INFO: Training: iters 114000/800000 -Time:2221.062355 -LR:0.0000958 -Loss 0.099595 -PSNR: 22.76 dB; SSIM: 0.6850
INFO: Training: iters 115000/800000 -Time:2220.685412 -LR:0.0000957 -Loss 0.099864 -PSNR: 22.74 dB; SSIM: 0.6833
INFO: Validation: Iters 115000/800000 - Loss 0.121821 - PSNR: 20.80 dB; SSIM: 0.6448
INFO: Training: iters 116000/800000 -Time:2253.526832 -LR:0.0000957 -Loss 0.096621 -PSNR: 22.92 dB; SSIM: 0.6934
INFO: Training: iters 117000/800000 -Time:2221.032391 -LR:0.0000956 -Loss 0.096047 -PSNR: 22.91 dB; SSIM: 0.6944
INFO: Training: iters 118000/800000 -Time:2220.651957 -LR:0.0000955 -Loss 0.097448 -PSNR: 22.85 dB; SSIM: 0.6909
INFO: Training: iters 119000/800000 -Time:2220.342774 -LR:0.0000954 -Loss 0.096139 -PSNR: 22.97 dB; SSIM: 0.6959
INFO: Training: iters 120000/800000 -Time:2220.211378 -LR:0.0000953 -Loss 0.095060 -PSNR: 23.11 dB; SSIM: 0.6969
INFO: Validation: Iters 120000/800000 - Loss 0.120165 - PSNR: 20.67 dB; SSIM: 0.6583
INFO: Training: iters 121000/800000 -Time:2250.652646 -LR:0.0000953 -Loss 0.096683 -PSNR: 22.96 dB; SSIM: 0.6951
INFO: Training: iters 122000/800000 -Time:2217.524380 -LR:0.0000952 -Loss 0.092970 -PSNR: 23.17 dB; SSIM: 0.7053
INFO: Training: iters 123000/800000 -Time:2217.540787 -LR:0.0000951 -Loss 0.095665 -PSNR: 22.98 dB; SSIM: 0.6994
INFO: Training: iters 124000/800000 -Time:2217.664792 -LR:0.0000950 -Loss 0.094844 -PSNR: 23.11 dB; SSIM: 0.6993
INFO: Training: iters 125000/800000 -Time:2220.034608 -LR:0.0000949 -Loss 0.095195 -PSNR: 23.01 dB; SSIM: 0.7007
INFO: Validation: Iters 125000/800000 - Loss 0.129508 - PSNR: 20.38 dB; SSIM: 0.6119
INFO: Training: iters 126000/800000 -Time:2253.665145 -LR:0.0000948 -Loss 0.095813 -PSNR: 23.08 dB; SSIM: 0.6990
INFO: Training: iters 127000/800000 -Time:2221.081648 -LR:0.0000947 -Loss 0.095966 -PSNR: 22.94 dB; SSIM: 0.6989
INFO: Training: iters 128000/800000 -Time:2220.989211 -LR:0.0000946 -Loss 0.097401 -PSNR: 22.95 dB; SSIM: 0.6922
INFO: Training: iters 129000/800000 -Time:2221.257732 -LR:0.0000946 -Loss 0.090799 -PSNR: 23.44 dB; SSIM: 0.7155
INFO: Training: iters 130000/800000 -Time:2221.156663 -LR:0.0000945 -Loss 0.093530 -PSNR: 23.21 dB; SSIM: 0.7067
INFO: Validation: Iters 130000/800000 - Loss 0.119494 - PSNR: 21.07 dB; SSIM: 0.6443
INFO: Training: iters 131000/800000 -Time:2254.344580 -LR:0.0000944 -Loss 0.091483 -PSNR: 23.44 dB; SSIM: 0.7104
INFO: Training: iters 132000/800000 -Time:2222.013143 -LR:0.0000943 -Loss 0.095448 -PSNR: 23.09 dB; SSIM: 0.6987
INFO: Training: iters 133000/800000 -Time:2221.621998 -LR:0.0000942 -Loss 0.095173 -PSNR: 23.18 dB; SSIM: 0.6982
INFO: Training: iters 134000/800000 -Time:2221.825127 -LR:0.0000941 -Loss 0.093912 -PSNR: 23.15 dB; SSIM: 0.7046
INFO: Training: iters 135000/800000 -Time:2221.775961 -LR:0.0000940 -Loss 0.091530 -PSNR: 23.43 dB; SSIM: 0.7110
INFO: Validation: Iters 135000/800000 - Loss 0.116637 - PSNR: 20.95 dB; SSIM: 0.6702
INFO: Training: iters 136000/800000 -Time:2255.014433 -LR:0.0000939 -Loss 0.091985 -PSNR: 23.25 dB; SSIM: 0.7120
INFO: Training: iters 137000/800000 -Time:2222.126166 -LR:0.0000938 -Loss 0.092719 -PSNR: 23.31 dB; SSIM: 0.7070
INFO: Training: iters 138000/800000 -Time:2221.561040 -LR:0.0000937 -Loss 0.093157 -PSNR: 23.35 dB; SSIM: 0.7055
INFO: Training: iters 139000/800000 -Time:2222.128916 -LR:0.0000936 -Loss 0.090951 -PSNR: 23.48 dB; SSIM: 0.7158
INFO: Training: iters 140000/800000 -Time:2221.828761 -LR:0.0000935 -Loss 0.093688 -PSNR: 23.32 dB; SSIM: 0.7027
INFO: Validation: Iters 140000/800000 - Loss 0.119750 - PSNR: 20.78 dB; SSIM: 0.6562
INFO: Training: iters 141000/800000 -Time:2254.793799 -LR:0.0000934 -Loss 0.090282 -PSNR: 23.55 dB; SSIM: 0.7158
INFO: Training: iters 142000/800000 -Time:2221.285573 -LR:0.0000933 -Loss 0.090701 -PSNR: 23.51 dB; SSIM: 0.7134
INFO: Training: iters 143000/800000 -Time:2220.849459 -LR:0.0000932 -Loss 0.091163 -PSNR: 23.47 dB; SSIM: 0.7123
INFO: Training: iters 144000/800000 -Time:2220.740360 -LR:0.0000931 -Loss 0.091119 -PSNR: 23.51 dB; SSIM: 0.7099
INFO: Training: iters 145000/800000 -Time:2220.575162 -LR:0.0000930 -Loss 0.089713 -PSNR: 23.63 dB; SSIM: 0.7191
INFO: Validation: Iters 145000/800000 - Loss 0.119667 - PSNR: 20.82 dB; SSIM: 0.6499
INFO: Training: iters 146000/800000 -Time:2253.917101 -LR:0.0000929 -Loss 0.090574 -PSNR: 23.56 dB; SSIM: 0.7129
INFO: Training: iters 147000/800000 -Time:2221.299207 -LR:0.0000928 -Loss 0.089507 -PSNR: 23.68 dB; SSIM: 0.7183
INFO: Training: iters 148000/800000 -Time:2220.674160 -LR:0.0000927 -Loss 0.088751 -PSNR: 23.64 dB; SSIM: 0.7214
INFO: Training: iters 149000/800000 -Time:2223.492170 -LR:0.0000926 -Loss 0.090939 -PSNR: 23.42 dB; SSIM: 0.7138
INFO: Training: iters 150000/800000 -Time:2223.120613 -LR:0.0000925 -Loss 0.091134 -PSNR: 23.57 dB; SSIM: 0.7134
INFO: Validation: Iters 150000/800000 - Loss 0.117101 - PSNR: 20.93 dB; SSIM: 0.6546
INFO: Training: iters 151000/800000 -Time:2253.920346 -LR:0.0000924 -Loss 0.088224 -PSNR: 23.66 dB; SSIM: 0.7230
INFO: Training: iters 152000/800000 -Time:2221.558454 -LR:0.0000923 -Loss 0.091264 -PSNR: 23.59 dB; SSIM: 0.7134
INFO: Training: iters 153000/800000 -Time:2221.908007 -LR:0.0000922 -Loss 0.088736 -PSNR: 23.82 dB; SSIM: 0.7209
INFO: Training: iters 154000/800000 -Time:2221.342196 -LR:0.0000921 -Loss 0.090074 -PSNR: 23.73 dB; SSIM: 0.7154
INFO: Training: iters 155000/800000 -Time:2221.376495 -LR:0.0000920 -Loss 0.090478 -PSNR: 23.64 dB; SSIM: 0.7130
INFO: Validation: Iters 155000/800000 - Loss 0.130060 - PSNR: 20.52 dB; SSIM: 0.6147
INFO: Training: iters 156000/800000 -Time:2255.459028 -LR:0.0000919 -Loss 0.091459 -PSNR: 23.59 dB; SSIM: 0.7115
INFO: Training: iters 157000/800000 -Time:2223.309954 -LR:0.0000918 -Loss 0.087740 -PSNR: 23.91 dB; SSIM: 0.7247
INFO: Training: iters 158000/800000 -Time:2223.379299 -LR:0.0000917 -Loss 0.087502 -PSNR: 23.93 dB; SSIM: 0.7253
INFO: Training: iters 159000/800000 -Time:2222.685418 -LR:0.0000916 -Loss 0.087383 -PSNR: 23.85 dB; SSIM: 0.7257
INFO: Training: iters 160000/800000 -Time:2223.020093 -LR:0.0000915 -Loss 0.089740 -PSNR: 23.71 dB; SSIM: 0.7164
INFO: Validation: Iters 160000/800000 - Loss 0.130599 - PSNR: 20.58 dB; SSIM: 0.6085
INFO: Training: iters 161000/800000 -Time:2255.901333 -LR:0.0000913 -Loss 0.085797 -PSNR: 24.09 dB; SSIM: 0.7288
INFO: Training: iters 162000/800000 -Time:2226.242032 -LR:0.0000912 -Loss 0.085276 -PSNR: 24.09 dB; SSIM: 0.7333
INFO: Training: iters 163000/800000 -Time:2223.484726 -LR:0.0000911 -Loss 0.086312 -PSNR: 24.04 dB; SSIM: 0.7288
INFO: Training: iters 164000/800000 -Time:2220.800760 -LR:0.0000910 -Loss 0.085891 -PSNR: 23.92 dB; SSIM: 0.7297
INFO: Training: iters 165000/800000 -Time:2220.859314 -LR:0.0000909 -Loss 0.083125 -PSNR: 24.20 dB; SSIM: 0.7379
INFO: Validation: Iters 165000/800000 - Loss 0.130086 - PSNR: 20.33 dB; SSIM: 0.6267
INFO: Training: iters 166000/800000 -Time:2253.800009 -LR:0.0000908 -Loss 0.086488 -PSNR: 24.01 dB; SSIM: 0.7290
INFO: Training: iters 167000/800000 -Time:2220.775851 -LR:0.0000907 -Loss 0.085730 -PSNR: 24.13 dB; SSIM: 0.7301
INFO: Training: iters 168000/800000 -Time:2221.458159 -LR:0.0000905 -Loss 0.086941 -PSNR: 24.00 dB; SSIM: 0.7296
INFO: Training: iters 169000/800000 -Time:2221.995531 -LR:0.0000904 -Loss 0.085313 -PSNR: 24.24 dB; SSIM: 0.7332
INFO: Training: iters 170000/800000 -Time:2221.576130 -LR:0.0000903 -Loss 0.084334 -PSNR: 24.28 dB; SSIM: 0.7369
INFO: Validation: Iters 170000/800000 - Loss 0.131324 - PSNR: 20.51 dB; SSIM: 0.5987
INFO: Training: iters 171000/800000 -Time:2254.847553 -LR:0.0000902 -Loss 0.086752 -PSNR: 24.11 dB; SSIM: 0.7252
INFO: Training: iters 172000/800000 -Time:2221.258697 -LR:0.0000901 -Loss 0.083778 -PSNR: 24.25 dB; SSIM: 0.7390
INFO: Training: iters 173000/800000 -Time:2221.304486 -LR:0.0000900 -Loss 0.087290 -PSNR: 23.95 dB; SSIM: 0.7256
INFO: Training: iters 174000/800000 -Time:2221.498822 -LR:0.0000898 -Loss 0.083827 -PSNR: 24.33 dB; SSIM: 0.7365
INFO: Training: iters 175000/800000 -Time:2221.878067 -LR:0.0000897 -Loss 0.085131 -PSNR: 24.23 dB; SSIM: 0.7307
INFO: Validation: Iters 175000/800000 - Loss 0.115071 - PSNR: 21.30 dB; SSIM: 0.6698
INFO: Training: iters 176000/800000 -Time:2255.455151 -LR:0.0000896 -Loss 0.082840 -PSNR: 24.42 dB; SSIM: 0.7405
INFO: Training: iters 177000/800000 -Time:2221.938928 -LR:0.0000895 -Loss 0.081761 -PSNR: 24.59 dB; SSIM: 0.7438
INFO: Training: iters 178000/800000 -Time:2222.113717 -LR:0.0000894 -Loss 0.084793 -PSNR: 24.24 dB; SSIM: 0.7342
INFO: Training: iters 179000/800000 -Time:2222.460793 -LR:0.0000892 -Loss 0.081809 -PSNR: 24.44 dB; SSIM: 0.7456
INFO: Training: iters 180000/800000 -Time:2221.972961 -LR:0.0000891 -Loss 0.083212 -PSNR: 24.50 dB; SSIM: 0.7383
INFO: Validation: Iters 180000/800000 - Loss 0.127537 - PSNR: 20.62 dB; SSIM: 0.6211
INFO: Training: iters 181000/800000 -Time:2254.039790 -LR:0.0000890 -Loss 0.082069 -PSNR: 24.51 dB; SSIM: 0.7436
INFO: Training: iters 182000/800000 -Time:2221.504369 -LR:0.0000889 -Loss 0.081517 -PSNR: 24.63 dB; SSIM: 0.7442
INFO: Training: iters 183000/800000 -Time:2221.203078 -LR:0.0000887 -Loss 0.085241 -PSNR: 24.30 dB; SSIM: 0.7287
INFO: Training: iters 184000/800000 -Time:2221.589799 -LR:0.0000886 -Loss 0.082084 -PSNR: 24.59 dB; SSIM: 0.7421
INFO: Training: iters 185000/800000 -Time:2221.361196 -LR:0.0000885 -Loss 0.083920 -PSNR: 24.37 dB; SSIM: 0.7376
INFO: Validation: Iters 185000/800000 - Loss 0.113226 - PSNR: 21.47 dB; SSIM: 0.6853
INFO: Training: iters 186000/800000 -Time:2254.177218 -LR:0.0000884 -Loss 0.080496 -PSNR: 24.62 dB; SSIM: 0.7479
INFO: Training: iters 187000/800000 -Time:2221.950985 -LR:0.0000882 -Loss 0.083176 -PSNR: 24.39 dB; SSIM: 0.7400
INFO: Training: iters 188000/800000 -Time:2225.733826 -LR:0.0000881 -Loss 0.083602 -PSNR: 24.55 dB; SSIM: 0.7367
INFO: Training: iters 189000/800000 -Time:2224.942459 -LR:0.0000880 -Loss 0.079140 -PSNR: 24.79 dB; SSIM: 0.7534
INFO: Training: iters 190000/800000 -Time:2225.461983 -LR:0.0000879 -Loss 0.082505 -PSNR: 24.44 dB; SSIM: 0.7421
INFO: Validation: Iters 190000/800000 - Loss 0.133179 - PSNR: 20.02 dB; SSIM: 0.6144
INFO: Training: iters 191000/800000 -Time:2258.943963 -LR:0.0000877 -Loss 0.080319 -PSNR: 24.77 dB; SSIM: 0.7479
INFO: Training: iters 192000/800000 -Time:2224.485636 -LR:0.0000876 -Loss 0.079411 -PSNR: 24.78 dB; SSIM: 0.7531
INFO: Training: iters 193000/800000 -Time:2225.612473 -LR:0.0000875 -Loss 0.084954 -PSNR: 24.44 dB; SSIM: 0.7342
INFO: Training: iters 194000/800000 -Time:2225.651310 -LR:0.0000873 -Loss 0.081571 -PSNR: 24.59 dB; SSIM: 0.7446
INFO: Training: iters 195000/800000 -Time:2225.793910 -LR:0.0000872 -Loss 0.080759 -PSNR: 24.62 dB; SSIM: 0.7481
INFO: Validation: Iters 195000/800000 - Loss 0.146502 - PSNR: 19.48 dB; SSIM: 0.5725
INFO: Training: iters 196000/800000 -Time:2258.986300 -LR:0.0000871 -Loss 0.077097 -PSNR: 25.06 dB; SSIM: 0.7580
INFO: Training: iters 197000/800000 -Time:2226.046640 -LR:0.0000869 -Loss 0.079179 -PSNR: 24.85 dB; SSIM: 0.7531
INFO: Training: iters 198000/800000 -Time:2226.013611 -LR:0.0000868 -Loss 0.081080 -PSNR: 24.87 dB; SSIM: 0.7452
INFO: Training: iters 199000/800000 -Time:2226.085574 -LR:0.0000867 -Loss 0.079146 -PSNR: 24.94 dB; SSIM: 0.7533
INFO: Training: iters 200000/800000 -Time:2225.655156 -LR:0.0000865 -Loss 0.080382 -PSNR: 24.81 dB; SSIM: 0.7499
INFO: Validation: Iters 200000/800000 - Loss 0.127342 - PSNR: 20.54 dB; SSIM: 0.6257
INFO: Training: iters 201000/800000 -Time:2256.576370 -LR:0.0000864 -Loss 0.081696 -PSNR: 24.78 dB; SSIM: 0.7447
INFO: Training: iters 202000/800000 -Time:2215.638139 -LR:0.0000863 -Loss 0.082829 -PSNR: 24.66 dB; SSIM: 0.7421
INFO: Training: iters 203000/800000 -Time:2215.219285 -LR:0.0000861 -Loss 0.082255 -PSNR: 24.71 dB; SSIM: 0.7433
INFO: Training: iters 204000/800000 -Time:2215.904974 -LR:0.0000860 -Loss 0.080381 -PSNR: 24.91 dB; SSIM: 0.7507
INFO: Training: iters 205000/800000 -Time:2215.970966 -LR:0.0000858 -Loss 0.081379 -PSNR: 24.82 dB; SSIM: 0.7453
INFO: Validation: Iters 205000/800000 - Loss 0.145648 - PSNR: 19.61 dB; SSIM: 0.5734
INFO: Training: iters 206000/800000 -Time:2248.842616 -LR:0.0000857 -Loss 0.080616 -PSNR: 24.82 dB; SSIM: 0.7466
INFO: Training: iters 207000/800000 -Time:2217.997394 -LR:0.0000856 -Loss 0.080617 -PSNR: 24.77 dB; SSIM: 0.7473
INFO: Training: iters 208000/800000 -Time:2220.433414 -LR:0.0000854 -Loss 0.082411 -PSNR: 24.75 dB; SSIM: 0.7399
INFO: Training: iters 209000/800000 -Time:2221.184989 -LR:0.0000853 -Loss 0.078911 -PSNR: 25.00 dB; SSIM: 0.7530
INFO: Training: iters 210000/800000 -Time:2221.440954 -LR:0.0000852 -Loss 0.077245 -PSNR: 25.13 dB; SSIM: 0.7594
INFO: Validation: Iters 210000/800000 - Loss 0.133636 - PSNR: 20.39 dB; SSIM: 0.5966
INFO: Training: iters 211000/800000 -Time:2254.458317 -LR:0.0000850 -Loss 0.079694 -PSNR: 25.02 dB; SSIM: 0.7530
INFO: Training: iters 212000/800000 -Time:2221.865599 -LR:0.0000849 -Loss 0.079839 -PSNR: 24.94 dB; SSIM: 0.7518
INFO: Training: iters 213000/800000 -Time:2221.205611 -LR:0.0000847 -Loss 0.074314 -PSNR: 25.38 dB; SSIM: 0.7699
INFO: Training: iters 214000/800000 -Time:2221.493442 -LR:0.0000846 -Loss 0.079337 -PSNR: 25.10 dB; SSIM: 0.7513
INFO: Training: iters 215000/800000 -Time:2221.751598 -LR:0.0000844 -Loss 0.078132 -PSNR: 25.08 dB; SSIM: 0.7554
INFO: Validation: Iters 215000/800000 - Loss 0.126764 - PSNR: 21.02 dB; SSIM: 0.6238
INFO: Training: iters 216000/800000 -Time:2254.528101 -LR:0.0000843 -Loss 0.075262 -PSNR: 25.34 dB; SSIM: 0.7635
INFO: Training: iters 217000/800000 -Time:2221.571649 -LR:0.0000842 -Loss 0.081103 -PSNR: 25.04 dB; SSIM: 0.7412
INFO: Training: iters 218000/800000 -Time:2221.414957 -LR:0.0000840 -Loss 0.077190 -PSNR: 25.30 dB; SSIM: 0.7594
INFO: Training: iters 219000/800000 -Time:2221.240444 -LR:0.0000839 -Loss 0.078861 -PSNR: 25.02 dB; SSIM: 0.7518
INFO: Training: iters 220000/800000 -Time:2219.714452 -LR:0.0000837 -Loss 0.076880 -PSNR: 25.21 dB; SSIM: 0.7592
INFO: Validation: Iters 220000/800000 - Loss 0.123912 - PSNR: 20.69 dB; SSIM: 0.6431
INFO: Training: iters 221000/800000 -Time:2249.670266 -LR:0.0000836 -Loss 0.076227 -PSNR: 25.32 dB; SSIM: 0.7634
INFO: Training: iters 222000/800000 -Time:2216.014307 -LR:0.0000834 -Loss 0.074697 -PSNR: 25.50 dB; SSIM: 0.7670
INFO: Training: iters 223000/800000 -Time:2215.254194 -LR:0.0000833 -Loss 0.076780 -PSNR: 25.33 dB; SSIM: 0.7603
INFO: Training: iters 224000/800000 -Time:2215.594621 -LR:0.0000831 -Loss 0.077603 -PSNR: 25.28 dB; SSIM: 0.7582
INFO: Training: iters 225000/800000 -Time:2215.163161 -LR:0.0000830 -Loss 0.078436 -PSNR: 25.11 dB; SSIM: 0.7545
INFO: Validation: Iters 225000/800000 - Loss 0.127721 - PSNR: 20.31 dB; SSIM: 0.6398
INFO: Training: iters 226000/800000 -Time:2247.402892 -LR:0.0000828 -Loss 0.075452 -PSNR: 25.56 dB; SSIM: 0.7651
INFO: Training: iters 227000/800000 -Time:2220.707854 -LR:0.0000827 -Loss 0.077097 -PSNR: 25.31 dB; SSIM: 0.7580
INFO: Training: iters 228000/800000 -Time:2223.807360 -LR:0.0000825 -Loss 0.077066 -PSNR: 25.35 dB; SSIM: 0.7566
INFO: Training: iters 229000/800000 -Time:2220.556543 -LR:0.0000824 -Loss 0.075682 -PSNR: 25.51 dB; SSIM: 0.7605
INFO: Training: iters 230000/800000 -Time:2219.574224 -LR:0.0000822 -Loss 0.080830 -PSNR: 25.02 dB; SSIM: 0.7444
INFO: Validation: Iters 230000/800000 - Loss 0.146764 - PSNR: 19.90 dB; SSIM: 0.5495
INFO: Training: iters 231000/800000 -Time:2252.504318 -LR:0.0000821 -Loss 0.078338 -PSNR: 25.24 dB; SSIM: 0.7520
INFO: Training: iters 232000/800000 -Time:2221.360629 -LR:0.0000819 -Loss 0.073365 -PSNR: 25.65 dB; SSIM: 0.7708
INFO: Training: iters 233000/800000 -Time:2220.127910 -LR:0.0000818 -Loss 0.075097 -PSNR: 25.49 dB; SSIM: 0.7664
INFO: Training: iters 234000/800000 -Time:2223.012723 -LR:0.0000816 -Loss 0.074997 -PSNR: 25.60 dB; SSIM: 0.7635
INFO: Training: iters 235000/800000 -Time:2222.011185 -LR:0.0000815 -Loss 0.076538 -PSNR: 25.43 dB; SSIM: 0.7618
INFO: Validation: Iters 235000/800000 - Loss 0.128259 - PSNR: 20.27 dB; SSIM: 0.6365
INFO: Training: iters 236000/800000 -Time:2255.054157 -LR:0.0000813 -Loss 0.074627 -PSNR: 25.66 dB; SSIM: 0.7658
INFO: Training: iters 237000/800000 -Time:2223.250756 -LR:0.0000812 -Loss 0.076579 -PSNR: 25.53 dB; SSIM: 0.7589
INFO: Training: iters 238000/800000 -Time:2222.948968 -LR:0.0000810 -Loss 0.074025 -PSNR: 25.75 dB; SSIM: 0.7663
INFO: Training: iters 239000/800000 -Time:2220.564685 -LR:0.0000809 -Loss 0.075047 -PSNR: 25.60 dB; SSIM: 0.7639
INFO: Training: iters 240000/800000 -Time:2219.592529 -LR:0.0000807 -Loss 0.072593 -PSNR: 25.82 dB; SSIM: 0.7751
INFO: Validation: Iters 240000/800000 - Loss 0.135097 - PSNR: 20.28 dB; SSIM: 0.5979
INFO: Training: iters 241000/800000 -Time:2251.441966 -LR:0.0000805 -Loss 0.073413 -PSNR: 25.67 dB; SSIM: 0.7709
INFO: Training: iters 242000/800000 -Time:2218.622188 -LR:0.0000804 -Loss 0.074017 -PSNR: 25.78 dB; SSIM: 0.7695
INFO: Training: iters 243000/800000 -Time:2218.860462 -LR:0.0000802 -Loss 0.073416 -PSNR: 25.87 dB; SSIM: 0.7718
INFO: Training: iters 244000/800000 -Time:2218.847637 -LR:0.0000801 -Loss 0.075391 -PSNR: 25.57 dB; SSIM: 0.7660
INFO: Training: iters 245000/800000 -Time:2219.813574 -LR:0.0000799 -Loss 0.074413 -PSNR: 25.65 dB; SSIM: 0.7671
INFO: Validation: Iters 245000/800000 - Loss 0.126659 - PSNR: 20.47 dB; SSIM: 0.6297
INFO: Training: iters 246000/800000 -Time:2254.319790 -LR:0.0000798 -Loss 0.078944 -PSNR: 25.45 dB; SSIM: 0.7523
INFO: Training: iters 247000/800000 -Time:2222.240621 -LR:0.0000796 -Loss 0.071108 -PSNR: 25.94 dB; SSIM: 0.7775
INFO: Training: iters 248000/800000 -Time:2223.554628 -LR:0.0000794 -Loss 0.071523 -PSNR: 25.92 dB; SSIM: 0.7778
INFO: Training: iters 249000/800000 -Time:2224.054271 -LR:0.0000793 -Loss 0.074126 -PSNR: 25.76 dB; SSIM: 0.7672
INFO: Training: iters 250000/800000 -Time:2223.517801 -LR:0.0000791 -Loss 0.074395 -PSNR: 25.79 dB; SSIM: 0.7661
INFO: Validation: Iters 250000/800000 - Loss 0.142337 - PSNR: 19.88 dB; SSIM: 0.5738
INFO: Training: iters 251000/800000 -Time:2257.004392 -LR:0.0000790 -Loss 0.072234 -PSNR: 25.92 dB; SSIM: 0.7718
INFO: Training: iters 252000/800000 -Time:2224.109812 -LR:0.0000788 -Loss 0.071622 -PSNR: 26.06 dB; SSIM: 0.7740
INFO: Training: iters 253000/800000 -Time:2224.166277 -LR:0.0000786 -Loss 0.071960 -PSNR: 25.89 dB; SSIM: 0.7758
INFO: Training: iters 254000/800000 -Time:2224.321299 -LR:0.0000785 -Loss 0.072875 -PSNR: 25.93 dB; SSIM: 0.7700
INFO: Training: iters 255000/800000 -Time:2224.221567 -LR:0.0000783 -Loss 0.071963 -PSNR: 26.04 dB; SSIM: 0.7720
INFO: Validation: Iters 255000/800000 - Loss 0.139490 - PSNR: 20.29 dB; SSIM: 0.5757
INFO: Training: iters 256000/800000 -Time:2257.084783 -LR:0.0000781 -Loss 0.073910 -PSNR: 26.00 dB; SSIM: 0.7672
INFO: Training: iters 257000/800000 -Time:2224.309413 -LR:0.0000780 -Loss 0.075280 -PSNR: 25.72 dB; SSIM: 0.7646
INFO: Training: iters 258000/800000 -Time:2223.862202 -LR:0.0000778 -Loss 0.071933 -PSNR: 26.08 dB; SSIM: 0.7748
INFO: Training: iters 259000/800000 -Time:2219.314584 -LR:0.0000777 -Loss 0.074743 -PSNR: 25.85 dB; SSIM: 0.7651
INFO: Training: iters 260000/800000 -Time:2218.719275 -LR:0.0000775 -Loss 0.075254 -PSNR: 25.76 dB; SSIM: 0.7623
INFO: Validation: Iters 260000/800000 - Loss 0.126084 - PSNR: 20.67 dB; SSIM: 0.6359
INFO: Training: iters 261000/800000 -Time:2250.656236 -LR:0.0000773 -Loss 0.071812 -PSNR: 26.05 dB; SSIM: 0.7748
INFO: Training: iters 262000/800000 -Time:2217.511601 -LR:0.0000772 -Loss 0.072593 -PSNR: 26.04 dB; SSIM: 0.7718
INFO: Training: iters 263000/800000 -Time:2217.591722 -LR:0.0000770 -Loss 0.075321 -PSNR: 25.76 dB; SSIM: 0.7638
INFO: Training: iters 264000/800000 -Time:2217.868755 -LR:0.0000768 -Loss 0.068029 -PSNR: 26.40 dB; SSIM: 0.7906
INFO: Training: iters 265000/800000 -Time:2218.104125 -LR:0.0000767 -Loss 0.073219 -PSNR: 25.94 dB; SSIM: 0.7691
INFO: Validation: Iters 265000/800000 - Loss 0.140199 - PSNR: 20.07 dB; SSIM: 0.5717
INFO: Training: iters 266000/800000 -Time:2261.106135 -LR:0.0000765 -Loss 0.067045 -PSNR: 26.44 dB; SSIM: 0.7936
INFO: Training: iters 267000/800000 -Time:2230.582581 -LR:0.0000763 -Loss 0.071259 -PSNR: 26.09 dB; SSIM: 0.7750
INFO: Training: iters 268000/800000 -Time:2230.401139 -LR:0.0000762 -Loss 0.071190 -PSNR: 26.20 dB; SSIM: 0.7784
INFO: Training: iters 269000/800000 -Time:2230.170023 -LR:0.0000760 -Loss 0.072076 -PSNR: 26.13 dB; SSIM: 0.7716
INFO: Training: iters 270000/800000 -Time:2230.236712 -LR:0.0000758 -Loss 0.075350 -PSNR: 25.79 dB; SSIM: 0.7629
INFO: Validation: Iters 270000/800000 - Loss 0.141410 - PSNR: 19.77 dB; SSIM: 0.5827
INFO: Training: iters 271000/800000 -Time:2259.106458 -LR:0.0000756 -Loss 0.070324 -PSNR: 26.23 dB; SSIM: 0.7807
INFO: Training: iters 272000/800000 -Time:2221.241568 -LR:0.0000755 -Loss 0.070833 -PSNR: 26.18 dB; SSIM: 0.7797
INFO: Training: iters 273000/800000 -Time:2219.107769 -LR:0.0000753 -Loss 0.069966 -PSNR: 26.33 dB; SSIM: 0.7799
INFO: Training: iters 274000/800000 -Time:2219.390004 -LR:0.0000751 -Loss 0.068963 -PSNR: 26.39 dB; SSIM: 0.7837
INFO: Training: iters 275000/800000 -Time:2220.273916 -LR:0.0000750 -Loss 0.070023 -PSNR: 26.27 dB; SSIM: 0.7816
INFO: Validation: Iters 275000/800000 - Loss 0.130892 - PSNR: 20.53 dB; SSIM: 0.6161
INFO: Training: iters 276000/800000 -Time:2253.445619 -LR:0.0000748 -Loss 0.070581 -PSNR: 26.26 dB; SSIM: 0.7779
INFO: Training: iters 277000/800000 -Time:2220.558132 -LR:0.0000746 -Loss 0.070618 -PSNR: 26.30 dB; SSIM: 0.7779
INFO: Training: iters 278000/800000 -Time:2220.049329 -LR:0.0000745 -Loss 0.070047 -PSNR: 26.36 dB; SSIM: 0.7810
INFO: Training: iters 279000/800000 -Time:2217.611648 -LR:0.0000743 -Loss 0.072757 -PSNR: 26.09 dB; SSIM: 0.7718
INFO: Training: iters 280000/800000 -Time:2214.169847 -LR:0.0000741 -Loss 0.069546 -PSNR: 26.37 dB; SSIM: 0.7839
INFO: Validation: Iters 280000/800000 - Loss 0.138700 - PSNR: 20.03 dB; SSIM: 0.5843
INFO: Training: iters 281000/800000 -Time:2247.534724 -LR:0.0000739 -Loss 0.068757 -PSNR: 26.46 dB; SSIM: 0.7846
INFO: Training: iters 282000/800000 -Time:2214.787020 -LR:0.0000738 -Loss 0.070395 -PSNR: 26.44 dB; SSIM: 0.7782
INFO: Training: iters 283000/800000 -Time:2214.733166 -LR:0.0000736 -Loss 0.072400 -PSNR: 26.11 dB; SSIM: 0.7731
INFO: Training: iters 284000/800000 -Time:2215.620852 -LR:0.0000734 -Loss 0.068457 -PSNR: 26.66 dB; SSIM: 0.7853
INFO: Training: iters 285000/800000 -Time:2217.512207 -LR:0.0000732 -Loss 0.070325 -PSNR: 26.38 dB; SSIM: 0.7798
INFO: Validation: Iters 285000/800000 - Loss 0.131600 - PSNR: 20.56 dB; SSIM: 0.6166
INFO: Training: iters 286000/800000 -Time:2251.522576 -LR:0.0000731 -Loss 0.064775 -PSNR: 26.93 dB; SSIM: 0.7975
INFO: Training: iters 287000/800000 -Time:2218.337032 -LR:0.0000729 -Loss 0.069492 -PSNR: 26.54 dB; SSIM: 0.7802
INFO: Training: iters 288000/800000 -Time:2218.869602 -LR:0.0000727 -Loss 0.067891 -PSNR: 26.52 dB; SSIM: 0.7875
INFO: Training: iters 289000/800000 -Time:2218.883193 -LR:0.0000725 -Loss 0.072387 -PSNR: 26.25 dB; SSIM: 0.7726
INFO: Training: iters 290000/800000 -Time:2219.030952 -LR:0.0000724 -Loss 0.067175 -PSNR: 26.68 dB; SSIM: 0.7889
INFO: Validation: Iters 290000/800000 - Loss 0.132921 - PSNR: 20.29 dB; SSIM: 0.5900
INFO: Training: iters 291000/800000 -Time:2252.194298 -LR:0.0000722 -Loss 0.067375 -PSNR: 26.76 dB; SSIM: 0.7873
INFO: Training: iters 292000/800000 -Time:2218.849242 -LR:0.0000720 -Loss 0.069829 -PSNR: 26.42 dB; SSIM: 0.7821
INFO: Training: iters 293000/800000 -Time:2218.997657 -LR:0.0000718 -Loss 0.067814 -PSNR: 26.72 dB; SSIM: 0.7891
INFO: Training: iters 294000/800000 -Time:2219.291735 -LR:0.0000716 -Loss 0.068259 -PSNR: 26.60 dB; SSIM: 0.7834
INFO: Training: iters 295000/800000 -Time:2219.423052 -LR:0.0000715 -Loss 0.069591 -PSNR: 26.64 dB; SSIM: 0.7810
INFO: Validation: Iters 295000/800000 - Loss 0.149209 - PSNR: 19.61 dB; SSIM: 0.5429
INFO: Training: iters 296000/800000 -Time:2252.558754 -LR:0.0000713 -Loss 0.068453 -PSNR: 26.55 dB; SSIM: 0.7870
INFO: Training: iters 297000/800000 -Time:2219.578786 -LR:0.0000711 -Loss 0.068498 -PSNR: 26.62 dB; SSIM: 0.7884
INFO: Training: iters 298000/800000 -Time:2219.353737 -LR:0.0000709 -Loss 0.066092 -PSNR: 26.84 dB; SSIM: 0.7923
INFO: Training: iters 299000/800000 -Time:2219.457005 -LR:0.0000708 -Loss 0.068711 -PSNR: 26.62 dB; SSIM: 0.7854
INFO: Training: iters 300000/800000 -Time:2219.681261 -LR:0.0000706 -Loss 0.069582 -PSNR: 26.56 dB; SSIM: 0.7821
INFO: Validation: Iters 300000/800000 - Loss 0.130615 - PSNR: 20.91 dB; SSIM: 0.6072
INFO: Training: iters 301000/800000 -Time:2252.892982 -LR:0.0000704 -Loss 0.073121 -PSNR: 26.24 dB; SSIM: 0.7696
INFO: Training: iters 302000/800000 -Time:2218.445755 -LR:0.0000702 -Loss 0.066742 -PSNR: 26.82 dB; SSIM: 0.7913
INFO: Training: iters 303000/800000 -Time:2216.848416 -LR:0.0000700 -Loss 0.068118 -PSNR: 26.64 dB; SSIM: 0.7877
INFO: Training: iters 304000/800000 -Time:2213.977608 -LR:0.0000699 -Loss 0.066541 -PSNR: 26.82 dB; SSIM: 0.7900
INFO: Training: iters 305000/800000 -Time:2213.638317 -LR:0.0000697 -Loss 0.066107 -PSNR: 26.83 dB; SSIM: 0.7929
INFO: Validation: Iters 305000/800000 - Loss 0.146591 - PSNR: 19.43 dB; SSIM: 0.5695
INFO: Training: iters 306000/800000 -Time:2245.607380 -LR:0.0000695 -Loss 0.067529 -PSNR: 26.60 dB; SSIM: 0.7898
INFO: Training: iters 307000/800000 -Time:2212.802917 -LR:0.0000693 -Loss 0.069376 -PSNR: 26.58 dB; SSIM: 0.7808
INFO: Training: iters 308000/800000 -Time:2213.813443 -LR:0.0000691 -Loss 0.069122 -PSNR: 26.74 dB; SSIM: 0.7828
INFO: Training: iters 309000/800000 -Time:2218.384347 -LR:0.0000689 -Loss 0.067946 -PSNR: 26.57 dB; SSIM: 0.7873
INFO: Training: iters 310000/800000 -Time:2219.259715 -LR:0.0000688 -Loss 0.064109 -PSNR: 27.11 dB; SSIM: 0.7999
INFO: Validation: Iters 310000/800000 - Loss 0.132985 - PSNR: 20.28 dB; SSIM: 0.6129
INFO: Training: iters 311000/800000 -Time:2252.729733 -LR:0.0000686 -Loss 0.065542 -PSNR: 26.95 dB; SSIM: 0.7961
INFO: Training: iters 312000/800000 -Time:2220.189130 -LR:0.0000684 -Loss 0.064115 -PSNR: 27.03 dB; SSIM: 0.7998
INFO: Training: iters 313000/800000 -Time:2220.332745 -LR:0.0000682 -Loss 0.066446 -PSNR: 26.93 dB; SSIM: 0.7910
INFO: Training: iters 314000/800000 -Time:2220.955967 -LR:0.0000680 -Loss 0.069159 -PSNR: 26.65 dB; SSIM: 0.7821
INFO: Training: iters 315000/800000 -Time:2220.536266 -LR:0.0000678 -Loss 0.064924 -PSNR: 27.02 dB; SSIM: 0.7962
INFO: Validation: Iters 315000/800000 - Loss 0.138631 - PSNR: 20.02 dB; SSIM: 0.5834
INFO: Training: iters 316000/800000 -Time:2254.171647 -LR:0.0000677 -Loss 0.065800 -PSNR: 26.93 dB; SSIM: 0.7933
INFO: Training: iters 317000/800000 -Time:2221.210568 -LR:0.0000675 -Loss 0.071806 -PSNR: 26.51 dB; SSIM: 0.7734
INFO: Training: iters 318000/800000 -Time:2221.204292 -LR:0.0000673 -Loss 0.069076 -PSNR: 26.66 dB; SSIM: 0.7813
INFO: Training: iters 319000/800000 -Time:2221.184213 -LR:0.0000671 -Loss 0.065087 -PSNR: 27.04 dB; SSIM: 0.7959
INFO: Training: iters 320000/800000 -Time:2221.236401 -LR:0.0000669 -Loss 0.065697 -PSNR: 26.97 dB; SSIM: 0.7953
INFO: Validation: Iters 320000/800000 - Loss 0.134468 - PSNR: 20.13 dB; SSIM: 0.5997
INFO: Training: iters 321000/800000 -Time:2254.360353 -LR:0.0000667 -Loss 0.069100 -PSNR: 26.67 dB; SSIM: 0.7843
INFO: Training: iters 322000/800000 -Time:2221.012830 -LR:0.0000665 -Loss 0.066044 -PSNR: 26.98 dB; SSIM: 0.7920
INFO: Training: iters 323000/800000 -Time:2221.174991 -LR:0.0000664 -Loss 0.070205 -PSNR: 26.68 dB; SSIM: 0.7776
INFO: Training: iters 324000/800000 -Time:2220.929369 -LR:0.0000662 -Loss 0.064530 -PSNR: 27.23 dB; SSIM: 0.7995
INFO: Training: iters 325000/800000 -Time:2221.029411 -LR:0.0000660 -Loss 0.066396 -PSNR: 26.92 dB; SSIM: 0.7898
INFO: Validation: Iters 325000/800000 - Loss 0.139541 - PSNR: 19.85 dB; SSIM: 0.5881
INFO: Training: iters 326000/800000 -Time:2253.816669 -LR:0.0000658 -Loss 0.066879 -PSNR: 26.94 dB; SSIM: 0.7896
INFO: Training: iters 327000/800000 -Time:2220.881849 -LR:0.0000656 -Loss 0.063318 -PSNR: 27.32 dB; SSIM: 0.8023
INFO: Training: iters 328000/800000 -Time:2220.562943 -LR:0.0000654 -Loss 0.066379 -PSNR: 27.14 dB; SSIM: 0.7901
INFO: Training: iters 329000/800000 -Time:2220.818534 -LR:0.0000652 -Loss 0.063484 -PSNR: 27.20 dB; SSIM: 0.8020
INFO: Training: iters 330000/800000 -Time:2221.066569 -LR:0.0000650 -Loss 0.068034 -PSNR: 27.00 dB; SSIM: 0.7836
INFO: Validation: Iters 330000/800000 - Loss 0.128740 - PSNR: 20.75 dB; SSIM: 0.6094
INFO: Training: iters 331000/800000 -Time:2253.817348 -LR:0.0000649 -Loss 0.066444 -PSNR: 26.97 dB; SSIM: 0.7913
INFO: Training: iters 332000/800000 -Time:2221.265591 -LR:0.0000647 -Loss 0.066157 -PSNR: 27.00 dB; SSIM: 0.7916
INFO: Training: iters 333000/800000 -Time:2220.997251 -LR:0.0000645 -Loss 0.065263 -PSNR: 27.08 dB; SSIM: 0.7948
INFO: Training: iters 334000/800000 -Time:2220.965899 -LR:0.0000643 -Loss 0.066301 -PSNR: 27.05 dB; SSIM: 0.7923
INFO: Training: iters 335000/800000 -Time:2220.871310 -LR:0.0000641 -Loss 0.064925 -PSNR: 27.24 dB; SSIM: 0.7967
INFO: Validation: Iters 335000/800000 - Loss 0.128063 - PSNR: 21.04 dB; SSIM: 0.6127
INFO: Training: iters 336000/800000 -Time:2254.168624 -LR:0.0000639 -Loss 0.067798 -PSNR: 26.96 dB; SSIM: 0.7846
INFO: Training: iters 337000/800000 -Time:2221.400590 -LR:0.0000637 -Loss 0.065923 -PSNR: 27.10 dB; SSIM: 0.7921
INFO: Training: iters 338000/800000 -Time:2221.348626 -LR:0.0000635 -Loss 0.063844 -PSNR: 27.21 dB; SSIM: 0.7992
INFO: Training: iters 339000/800000 -Time:2221.451735 -LR:0.0000633 -Loss 0.065881 -PSNR: 27.12 dB; SSIM: 0.7962
INFO: Training: iters 340000/800000 -Time:2221.275774 -LR:0.0000632 -Loss 0.064130 -PSNR: 27.32 dB; SSIM: 0.7986
INFO: Validation: Iters 340000/800000 - Loss 0.136461 - PSNR: 20.27 dB; SSIM: 0.5951
INFO: Training: iters 341000/800000 -Time:2251.987375 -LR:0.0000630 -Loss 0.064126 -PSNR: 27.41 dB; SSIM: 0.7976
INFO: Training: iters 342000/800000 -Time:2217.807878 -LR:0.0000628 -Loss 0.066045 -PSNR: 27.25 dB; SSIM: 0.7903
INFO: Training: iters 343000/800000 -Time:2217.484434 -LR:0.0000626 -Loss 0.063606 -PSNR: 27.42 dB; SSIM: 0.8001
INFO: Training: iters 344000/800000 -Time:2216.885993 -LR:0.0000624 -Loss 0.063394 -PSNR: 27.37 dB; SSIM: 0.8001
INFO: Training: iters 345000/800000 -Time:2214.056852 -LR:0.0000622 -Loss 0.065574 -PSNR: 27.29 dB; SSIM: 0.7931
INFO: Validation: Iters 345000/800000 - Loss 0.130939 - PSNR: 20.43 dB; SSIM: 0.6187
INFO: Training: iters 346000/800000 -Time:2246.884912 -LR:0.0000620 -Loss 0.063990 -PSNR: 27.40 dB; SSIM: 0.7989
INFO: Training: iters 347000/800000 -Time:2216.774013 -LR:0.0000618 -Loss 0.062341 -PSNR: 27.61 dB; SSIM: 0.8052
INFO: Training: iters 348000/800000 -Time:2219.867584 -LR:0.0000616 -Loss 0.064477 -PSNR: 27.50 dB; SSIM: 0.7943
INFO: Training: iters 349000/800000 -Time:2220.532822 -LR:0.0000614 -Loss 0.064043 -PSNR: 27.37 dB; SSIM: 0.8004
INFO: Training: iters 350000/800000 -Time:2220.987265 -LR:0.0000612 -Loss 0.060967 -PSNR: 27.72 dB; SSIM: 0.8080
INFO: Validation: Iters 350000/800000 - Loss 0.136210 - PSNR: 20.23 dB; SSIM: 0.5913
INFO: Training: iters 351000/800000 -Time:2253.748143 -LR:0.0000610 -Loss 0.062704 -PSNR: 27.63 dB; SSIM: 0.8021
INFO: Training: iters 352000/800000 -Time:2220.862319 -LR:0.0000609 -Loss 0.063959 -PSNR: 27.35 dB; SSIM: 0.7976
INFO: Training: iters 353000/800000 -Time:2221.019531 -LR:0.0000607 -Loss 0.063665 -PSNR: 27.45 dB; SSIM: 0.7980
INFO: Training: iters 354000/800000 -Time:2221.682236 -LR:0.0000605 -Loss 0.065647 -PSNR: 27.29 dB; SSIM: 0.7928
INFO: Training: iters 355000/800000 -Time:2221.567678 -LR:0.0000603 -Loss 0.063599 -PSNR: 27.46 dB; SSIM: 0.7992
INFO: Validation: Iters 355000/800000 - Loss 0.147984 - PSNR: 19.45 dB; SSIM: 0.5591
INFO: Training: iters 356000/800000 -Time:2254.561113 -LR:0.0000601 -Loss 0.063795 -PSNR: 27.39 dB; SSIM: 0.7971
INFO: Training: iters 357000/800000 -Time:2221.590298 -LR:0.0000599 -Loss 0.064745 -PSNR: 27.26 dB; SSIM: 0.7970
INFO: Training: iters 358000/800000 -Time:2221.119865 -LR:0.0000597 -Loss 0.065718 -PSNR: 27.24 dB; SSIM: 0.7931
INFO: Training: iters 359000/800000 -Time:2221.143102 -LR:0.0000595 -Loss 0.066022 -PSNR: 27.32 dB; SSIM: 0.7923
INFO: Training: iters 360000/800000 -Time:2221.147236 -LR:0.0000593 -Loss 0.063674 -PSNR: 27.56 dB; SSIM: 0.7998
INFO: Validation: Iters 360000/800000 - Loss 0.128705 - PSNR: 20.64 dB; SSIM: 0.6103
INFO: Training: iters 361000/800000 -Time:2254.034338 -LR:0.0000591 -Loss 0.062492 -PSNR: 27.72 dB; SSIM: 0.8028
INFO: Training: iters 362000/800000 -Time:2221.014944 -LR:0.0000589 -Loss 0.061953 -PSNR: 27.62 dB; SSIM: 0.8056
INFO: Training: iters 363000/800000 -Time:2220.895683 -LR:0.0000587 -Loss 0.065638 -PSNR: 27.26 dB; SSIM: 0.7918
INFO: Training: iters 364000/800000 -Time:2221.414491 -LR:0.0000585 -Loss 0.063971 -PSNR: 27.43 dB; SSIM: 0.7973
INFO: Training: iters 365000/800000 -Time:2221.058570 -LR:0.0000583 -Loss 0.064097 -PSNR: 27.57 dB; SSIM: 0.7971
INFO: Validation: Iters 365000/800000 - Loss 0.137421 - PSNR: 19.97 dB; SSIM: 0.6126
INFO: Training: iters 366000/800000 -Time:2253.759867 -LR:0.0000581 -Loss 0.065129 -PSNR: 27.43 dB; SSIM: 0.7939
INFO: Training: iters 367000/800000 -Time:2220.881627 -LR:0.0000580 -Loss 0.063083 -PSNR: 27.62 dB; SSIM: 0.8023
INFO: Training: iters 368000/800000 -Time:2221.301859 -LR:0.0000578 -Loss 0.060124 -PSNR: 27.90 dB; SSIM: 0.8089
INFO: Training: iters 369000/800000 -Time:2221.076654 -LR:0.0000576 -Loss 0.060787 -PSNR: 27.81 dB; SSIM: 0.8086
INFO: Training: iters 370000/800000 -Time:2221.140858 -LR:0.0000574 -Loss 0.064467 -PSNR: 27.47 dB; SSIM: 0.7956
INFO: Validation: Iters 370000/800000 - Loss 0.142500 - PSNR: 19.90 dB; SSIM: 0.5749
INFO: Training: iters 371000/800000 -Time:2254.152191 -LR:0.0000572 -Loss 0.061612 -PSNR: 27.77 dB; SSIM: 0.8051
INFO: Training: iters 372000/800000 -Time:2221.289886 -LR:0.0000570 -Loss 0.064172 -PSNR: 27.63 dB; SSIM: 0.7953
INFO: Training: iters 373000/800000 -Time:2221.111263 -LR:0.0000568 -Loss 0.065960 -PSNR: 27.46 dB; SSIM: 0.7913
INFO: Training: iters 374000/800000 -Time:2221.531516 -LR:0.0000566 -Loss 0.062347 -PSNR: 27.80 dB; SSIM: 0.8025
INFO: Training: iters 375000/800000 -Time:2220.075070 -LR:0.0000564 -Loss 0.060776 -PSNR: 27.78 dB; SSIM: 0.8083
INFO: Validation: Iters 375000/800000 - Loss 0.149032 - PSNR: 19.38 dB; SSIM: 0.5524
INFO: Training: iters 376000/800000 -Time:2251.596471 -LR:0.0000562 -Loss 0.062948 -PSNR: 27.68 dB; SSIM: 0.8009
INFO: Training: iters 377000/800000 -Time:2217.905963 -LR:0.0000560 -Loss 0.061089 -PSNR: 27.92 dB; SSIM: 0.8061
INFO: Training: iters 378000/800000 -Time:2217.502703 -LR:0.0000558 -Loss 0.062955 -PSNR: 27.62 dB; SSIM: 0.8035
INFO: Training: iters 379000/800000 -Time:2214.899910 -LR:0.0000556 -Loss 0.059630 -PSNR: 28.00 dB; SSIM: 0.8122
INFO: Training: iters 380000/800000 -Time:2214.596091 -LR:0.0000554 -Loss 0.064535 -PSNR: 27.63 dB; SSIM: 0.7936
INFO: Validation: Iters 380000/800000 - Loss 0.138193 - PSNR: 20.03 dB; SSIM: 0.6038
INFO: Training: iters 381000/800000 -Time:2247.464716 -LR:0.0000552 -Loss 0.061609 -PSNR: 27.79 dB; SSIM: 0.8041
INFO: Training: iters 382000/800000 -Time:2214.351270 -LR:0.0000550 -Loss 0.064897 -PSNR: 27.51 dB; SSIM: 0.7939
INFO: Training: iters 383000/800000 -Time:2213.862939 -LR:0.0000548 -Loss 0.063597 -PSNR: 27.61 dB; SSIM: 0.7990
INFO: Training: iters 384000/800000 -Time:2213.794027 -LR:0.0000546 -Loss 0.062171 -PSNR: 27.79 dB; SSIM: 0.8007
INFO: Training: iters 385000/800000 -Time:2213.374082 -LR:0.0000544 -Loss 0.061599 -PSNR: 27.72 dB; SSIM: 0.8055
INFO: Validation: Iters 385000/800000 - Loss 0.134832 - PSNR: 19.97 dB; SSIM: 0.6096
INFO: Training: iters 386000/800000 -Time:2251.745721 -LR:0.0000542 -Loss 0.060551 -PSNR: 27.97 dB; SSIM: 0.8102
